This file contains any messages produced by compilers while
running configure, to aid debugging if configure makes a mistake.

It was created by configure, which was
generated by GNU Autoconf 2.59.  Invocation command line was

  $ ./configure 

## --------- ##
## Platform. ##
## --------- ##

hostname = van-loon
uname -m = i586
uname -r = 2.4.29
uname -s = Linux
uname -v = #5 Tue Mar 29 11:12:17 CEST 2005

/usr/bin/uname -p = unknown
/bin/uname -X     = unknown

/bin/arch              = i586
/usr/bin/arch -k       = unknown
/usr/convex/getsysinfo = unknown
hostinfo               = unknown
/bin/machine           = unknown
/usr/bin/oslevel       = unknown
/bin/universe          = unknown

PATH: /home/mfvl/bin
PATH: /usr/local/bin
PATH: /usr/bin
PATH: /bin
PATH: /usr/X11R6/bin
PATH: /usr/openwin/bin
PATH: /usr/local/ssl/bin
PATH: /usr/local/ant/bin
PATH: /opt/www/htdig/bin
PATH: /usr/lib/java/bin
PATH: /usr/lib/java/jre/bin
PATH: /opt/kde/bin
PATH: /usr/local/pgsql/bin
PATH: /usr/lib/qt-3.2.1/bin
PATH: /usr/local/samba/bin
PATH: /usr/share/texmf/bin
PATH: .


## ----------- ##
## Core tests. ##
## ----------- ##

configure:1352: checking for a BSD-compatible install
configure:1407: result: /usr/bin/ginstall -c
configure:1418: checking whether build environment is sane
configure:1461: result: yes
configure:1518: checking for gawk
configure:1534: found /bin/gawk
configure:1544: result: gawk
configure:1554: checking whether make sets $(MAKE)
configure:1574: result: yes
configure:1787: checking for gcc
configure:1803: found /usr/bin/gcc
configure:1813: result: gcc
configure:2057: checking for C compiler version
configure:2060: gcc --version </dev/null >&5
gcc (GCC) 3.3.4
Copyright (C) 2003 Free Software Foundation, Inc.
This is free software; see the source for copying conditions.  There is NO
warranty; not even for MERCHANTABILITY or FITNESS FOR A PARTICULAR PURPOSE.

configure:2063: $? = 0
configure:2065: gcc -v </dev/null >&5
Reading specs from /usr/lib/gcc-lib/i586-pc-linux-gnu/3.3.4/specs
Configured with: ./configure --prefix=/usr
Thread model: posix
gcc version 3.3.4
configure:2068: $? = 0
configure:2070: gcc -V </dev/null >&5
gcc: `-V' option must have argument
configure:2073: $? = 1
configure:2096: checking for C compiler default output file name
configure:2099: gcc    conftest.c  >&5
configure:2102: $? = 0
configure:2148: result: a.out
configure:2153: checking whether the C compiler works
configure:2159: ./a.out
configure:2162: $? = 0
configure:2179: result: yes
configure:2186: checking whether we are cross compiling
configure:2188: result: no
configure:2191: checking for suffix of executables
configure:2193: gcc -o conftest    conftest.c  >&5
configure:2196: $? = 0
configure:2221: result: 
configure:2227: checking for suffix of object files
configure:2248: gcc -c   conftest.c >&5
configure:2251: $? = 0
configure:2273: result: o
configure:2277: checking whether we are using the GNU C compiler
configure:2301: gcc -c   conftest.c >&5
configure:2307: $? = 0
configure:2311: test -z 
			 || test ! -s conftest.err
configure:2314: $? = 0
configure:2317: test -s conftest.o
configure:2320: $? = 0
configure:2333: result: yes
configure:2339: checking whether gcc accepts -g
configure:2360: gcc -c -g  conftest.c >&5
configure:2366: $? = 0
configure:2370: test -z 
			 || test ! -s conftest.err
configure:2373: $? = 0
configure:2376: test -s conftest.o
configure:2379: $? = 0
configure:2390: result: yes
configure:2407: checking for gcc option to accept ANSI C
configure:2477: gcc  -c -g -O2  conftest.c >&5
configure:2483: $? = 0
configure:2487: test -z 
			 || test ! -s conftest.err
configure:2490: $? = 0
configure:2493: test -s conftest.o
configure:2496: $? = 0
configure:2514: result: none needed
configure:2532: gcc -c -g -O2  conftest.c >&5
conftest.c:2: error: parse error before "me"
configure:2538: $? = 1
configure: failed program was:
| #ifndef __cplusplus
|   choke me
| #endif
configure:2682: checking for style of include used by make
configure:2710: result: GNU
configure:2738: checking dependency style of gcc
configure:2821: result: gcc3
configure:2890: checking for g++
configure:2906: found /usr/bin/g++
configure:2916: result: g++
configure:2932: checking for C++ compiler version
configure:2935: g++ --version </dev/null >&5
g++ (GCC) 3.3.4
Copyright (C) 2003 Free Software Foundation, Inc.
This is free software; see the source for copying conditions.  There is NO
warranty; not even for MERCHANTABILITY or FITNESS FOR A PARTICULAR PURPOSE.

configure:2938: $? = 0
configure:2940: g++ -v </dev/null >&5
Reading specs from /usr/lib/gcc-lib/i586-pc-linux-gnu/3.3.4/specs
Configured with: ./configure --prefix=/usr
Thread model: posix
gcc version 3.3.4
configure:2943: $? = 0
configure:2945: g++ -V </dev/null >&5
g++: `-V' option must have argument
configure:2948: $? = 1
configure:2951: checking whether we are using the GNU C++ compiler
configure:2975: g++ -c   conftest.cc >&5
configure:2981: $? = 0
configure:2985: test -z 
			 || test ! -s conftest.err
configure:2988: $? = 0
configure:2991: test -s conftest.o
configure:2994: $? = 0
configure:3007: result: yes
configure:3013: checking whether g++ accepts -g
configure:3034: g++ -c -g  conftest.cc >&5
configure:3040: $? = 0
configure:3044: test -z 
			 || test ! -s conftest.err
configure:3047: $? = 0
configure:3050: test -s conftest.o
configure:3053: $? = 0
configure:3064: result: yes
configure:3106: g++ -c -g -O2  conftest.cc >&5
configure:3112: $? = 0
configure:3116: test -z 
			 || test ! -s conftest.err
configure:3119: $? = 0
configure:3122: test -s conftest.o
configure:3125: $? = 0
configure:3151: g++ -c -g -O2  conftest.cc >&5
conftest.cc: In function `int main()':
conftest.cc:15: error: `exit' undeclared (first use this function)
conftest.cc:15: error: (Each undeclared identifier is reported only once for 
   each function it appears in.)
configure:3157: $? = 1
configure: failed program was:
| /* confdefs.h.  */
| 
| #define PACKAGE_NAME ""
| #define PACKAGE_TARNAME ""
| #define PACKAGE_VERSION ""
| #define PACKAGE_STRING ""
| #define PACKAGE_BUGREPORT ""
| #define PACKAGE "Barchart"
| #define VERSION "0.0.1"
| /* end confdefs.h.  */
| 
| int
| main ()
| {
| exit (42);
|   ;
|   return 0;
| }
configure:3106: g++ -c -g -O2  conftest.cc >&5
configure:3112: $? = 0
configure:3116: test -z 
			 || test ! -s conftest.err
configure:3119: $? = 0
configure:3122: test -s conftest.o
configure:3125: $? = 0
configure:3151: g++ -c -g -O2  conftest.cc >&5
configure:3157: $? = 0
configure:3161: test -z 
			 || test ! -s conftest.err
configure:3164: $? = 0
configure:3167: test -s conftest.o
configure:3170: $? = 0
configure:3195: checking dependency style of g++
configure:3278: result: gcc3
configure:3300: checking how to run the C preprocessor
configure:3335: gcc -E  conftest.c
configure:3341: $? = 0
configure:3373: gcc -E  conftest.c
conftest.c:14:28: ac_nonexistent.h: No such file or directory
configure:3379: $? = 1
configure: failed program was:
| /* confdefs.h.  */
| 
| #define PACKAGE_NAME ""
| #define PACKAGE_TARNAME ""
| #define PACKAGE_VERSION ""
| #define PACKAGE_STRING ""
| #define PACKAGE_BUGREPORT ""
| #define PACKAGE "Barchart"
| #define VERSION "0.0.1"
| #ifdef __cplusplus
| extern "C" void std::exit (int) throw (); using std::exit;
| #endif
| /* end confdefs.h.  */
| #include <ac_nonexistent.h>
configure:3418: result: gcc -E
configure:3442: gcc -E  conftest.c
configure:3448: $? = 0
configure:3480: gcc -E  conftest.c
conftest.c:14:28: ac_nonexistent.h: No such file or directory
configure:3486: $? = 1
configure: failed program was:
| /* confdefs.h.  */
| 
| #define PACKAGE_NAME ""
| #define PACKAGE_TARNAME ""
| #define PACKAGE_VERSION ""
| #define PACKAGE_STRING ""
| #define PACKAGE_BUGREPORT ""
| #define PACKAGE "Barchart"
| #define VERSION "0.0.1"
| #ifdef __cplusplus
| extern "C" void std::exit (int) throw (); using std::exit;
| #endif
| /* end confdefs.h.  */
| #include <ac_nonexistent.h>
configure:3534: checking how to run the C++ preprocessor
configure:3565: g++ -E  conftest.cc
configure:3571: $? = 0
configure:3603: g++ -E  conftest.cc
conftest.cc:14:28: ac_nonexistent.h: No such file or directory
configure:3609: $? = 1
configure: failed program was:
| /* confdefs.h.  */
| 
| #define PACKAGE_NAME ""
| #define PACKAGE_TARNAME ""
| #define PACKAGE_VERSION ""
| #define PACKAGE_STRING ""
| #define PACKAGE_BUGREPORT ""
| #define PACKAGE "Barchart"
| #define VERSION "0.0.1"
| #ifdef __cplusplus
| extern "C" void std::exit (int) throw (); using std::exit;
| #endif
| /* end confdefs.h.  */
| #include <ac_nonexistent.h>
configure:3648: result: g++ -E
configure:3672: g++ -E  conftest.cc
configure:3678: $? = 0
configure:3710: g++ -E  conftest.cc
conftest.cc:14:28: ac_nonexistent.h: No such file or directory
configure:3716: $? = 1
configure: failed program was:
| /* confdefs.h.  */
| 
| #define PACKAGE_NAME ""
| #define PACKAGE_TARNAME ""
| #define PACKAGE_VERSION ""
| #define PACKAGE_STRING ""
| #define PACKAGE_BUGREPORT ""
| #define PACKAGE "Barchart"
| #define VERSION "0.0.1"
| #ifdef __cplusplus
| extern "C" void std::exit (int) throw (); using std::exit;
| #endif
| /* end confdefs.h.  */
| #include <ac_nonexistent.h>
configure:3772: checking for a BSD-compatible install
configure:3827: result: /usr/bin/ginstall -c
configure:3841: checking for libiconv in -liconv
configure:3871: gcc -o conftest -g -O2   conftest.c -liconv   >&5
configure:3877: $? = 0
configure:3881: test -z 
			 || test ! -s conftest.err
configure:3884: $? = 0
configure:3887: test -s conftest
configure:3890: $? = 0
configure:3903: result: yes
configure:3915: checking for gdImageCreate in -lgd
configure:3945: gcc -o conftest -g -O2   conftest.c -lgd  -liconv  >&5
configure:3951: $? = 0
configure:3955: test -z 
			 || test ! -s conftest.err
configure:3958: $? = 0
configure:3961: test -s conftest
configure:3964: $? = 0
configure:3977: result: yes
configure:3989: checking for log in -lm
configure:4019: gcc -o conftest -g -O2   conftest.c -lm  -lgd -liconv  >&5
conftest.c:23: warning: conflicting types for built-in function `log'
configure:4025: $? = 0
configure:4029: test -z 
			 || test ! -s conftest.err
configure:4032: $? = 0
configure:4035: test -s conftest
configure:4038: $? = 0
configure:4051: result: yes
configure:4063: checking for crypt in -lcrypt
configure:4093: gcc -o conftest -g -O2   conftest.c -lcrypt  -lm -lgd -liconv  >&5
configure:4099: $? = 0
configure:4103: test -z 
			 || test ! -s conftest.err
configure:4106: $? = 0
configure:4109: test -s conftest
configure:4112: $? = 0
configure:4125: result: yes
configure:4137: checking for main in -lmfl
configure:4161: gcc -o conftest -g -O2   conftest.c -lmfl  -lcrypt -lm -lgd -liconv  >&5
configure:4167: $? = 0
configure:4171: test -z 
			 || test ! -s conftest.err
configure:4174: $? = 0
configure:4177: test -s conftest
configure:4180: $? = 0
configure:4193: result: yes
configure:4205: checking for PQexec in -lpq
configure:4235: gcc -o conftest -g -O2   conftest.c -lpq  -lmfl -lcrypt -lm -lgd -liconv  >&5
/usr/lib/gcc-lib/i586-pc-linux-gnu/3.3.4/../../../../i586-pc-linux-gnu/bin/ld: cannot find -lpq
collect2: ld returned 1 exit status
configure:4241: $? = 1
configure: failed program was:
| /* confdefs.h.  */
| 
| #define PACKAGE_NAME ""
| #define PACKAGE_TARNAME ""
| #define PACKAGE_VERSION ""
| #define PACKAGE_STRING ""
| #define PACKAGE_BUGREPORT ""
| #define PACKAGE "Barchart"
| #define VERSION "0.0.1"
| #ifdef __cplusplus
| extern "C" void std::exit (int) throw (); using std::exit;
| #endif
| #define HAVE_LIBICONV 1
| #define HAVE_LIBGD 1
| #define HAVE_LIBM 1
| #define HAVE_LIBCRYPT 1
| #define HAVE_LIBMFL 1
| /* end confdefs.h.  */
| 
| /* Override any gcc2 internal prototype to avoid an error.  */
| #ifdef __cplusplus
| extern "C"
| #endif
| /* We use char because int might match the return type of a gcc2
|    builtin and then its argument prototype would still apply.  */
| char PQexec ();
| int
| main ()
| {
| PQexec ();
|   ;
|   return 0;
| }
configure:4267: result: no
configure:4280: checking for egrep
configure:4290: result: grep -E
configure:4295: checking for ANSI C header files
configure:4320: gcc -c -g -O2  conftest.c >&5
configure:4326: $? = 0
configure:4330: test -z 
			 || test ! -s conftest.err
configure:4333: $? = 0
configure:4336: test -s conftest.o
configure:4339: $? = 0
configure:4425: gcc -o conftest -g -O2   conftest.c -lmfl -lcrypt -lm -lgd -liconv  >&5
configure:4428: $? = 0
configure:4430: ./conftest
configure:4433: $? = 0
configure:4448: result: yes
configure:4472: checking for sys/types.h
configure:4488: gcc -c -g -O2  conftest.c >&5
configure:4494: $? = 0
configure:4498: test -z 
			 || test ! -s conftest.err
configure:4501: $? = 0
configure:4504: test -s conftest.o
configure:4507: $? = 0
configure:4518: result: yes
configure:4472: checking for sys/stat.h
configure:4488: gcc -c -g -O2  conftest.c >&5
configure:4494: $? = 0
configure:4498: test -z 
			 || test ! -s conftest.err
configure:4501: $? = 0
configure:4504: test -s conftest.o
configure:4507: $? = 0
configure:4518: result: yes
configure:4472: checking for stdlib.h
configure:4488: gcc -c -g -O2  conftest.c >&5
configure:4494: $? = 0
configure:4498: test -z 
			 || test ! -s conftest.err
configure:4501: $? = 0
configure:4504: test -s conftest.o
configure:4507: $? = 0
configure:4518: result: yes
configure:4472: checking for string.h
configure:4488: gcc -c -g -O2  conftest.c >&5
configure:4494: $? = 0
configure:4498: test -z 
			 || test ! -s conftest.err
configure:4501: $? = 0
configure:4504: test -s conftest.o
configure:4507: $? = 0
configure:4518: result: yes
configure:4472: checking for memory.h
configure:4488: gcc -c -g -O2  conftest.c >&5
configure:4494: $? = 0
configure:4498: test -z 
			 || test ! -s conftest.err
configure:4501: $? = 0
configure:4504: test -s conftest.o
configure:4507: $? = 0
configure:4518: result: yes
configure:4472: checking for strings.h
configure:4488: gcc -c -g -O2  conftest.c >&5
configure:4494: $? = 0
configure:4498: test -z 
			 || test ! -s conftest.err
configure:4501: $? = 0
configure:4504: test -s conftest.o
configure:4507: $? = 0
configure:4518: result: yes
configure:4472: checking for inttypes.h
configure:4488: gcc -c -g -O2  conftest.c >&5
configure:4494: $? = 0
configure:4498: test -z 
			 || test ! -s conftest.err
configure:4501: $? = 0
configure:4504: test -s conftest.o
configure:4507: $? = 0
configure:4518: result: yes
configure:4472: checking for stdint.h
configure:4488: gcc -c -g -O2  conftest.c >&5
configure:4494: $? = 0
configure:4498: test -z 
			 || test ! -s conftest.err
configure:4501: $? = 0
configure:4504: test -s conftest.o
configure:4507: $? = 0
configure:4518: result: yes
configure:4472: checking for unistd.h
configure:4488: gcc -c -g -O2  conftest.c >&5
configure:4494: $? = 0
configure:4498: test -z 
			 || test ! -s conftest.err
configure:4501: $? = 0
configure:4504: test -s conftest.o
configure:4507: $? = 0
configure:4518: result: yes
configure:4544: checking libpq-fe.h usability
configure:4556: gcc -c -g -O2  conftest.c >&5
conftest.c:63:22: libpq-fe.h: No such file or directory
configure:4562: $? = 1
configure: failed program was:
| /* confdefs.h.  */
| 
| #define PACKAGE_NAME ""
| #define PACKAGE_TARNAME ""
| #define PACKAGE_VERSION ""
| #define PACKAGE_STRING ""
| #define PACKAGE_BUGREPORT ""
| #define PACKAGE "Barchart"
| #define VERSION "0.0.1"
| #ifdef __cplusplus
| extern "C" void std::exit (int) throw (); using std::exit;
| #endif
| #define HAVE_LIBICONV 1
| #define HAVE_LIBGD 1
| #define HAVE_LIBM 1
| #define HAVE_LIBCRYPT 1
| #define HAVE_LIBMFL 1
| #define STDC_HEADERS 1
| #define HAVE_SYS_TYPES_H 1
| #define HAVE_SYS_STAT_H 1
| #define HAVE_STDLIB_H 1
| #define HAVE_STRING_H 1
| #define HAVE_MEMORY_H 1
| #define HAVE_STRINGS_H 1
| #define HAVE_INTTYPES_H 1
| #define HAVE_STDINT_H 1
| #define HAVE_UNISTD_H 1
| /* end confdefs.h.  */
| #include <stdio.h>
| #if HAVE_SYS_TYPES_H
| # include <sys/types.h>
| #endif
| #if HAVE_SYS_STAT_H
| # include <sys/stat.h>
| #endif
| #if STDC_HEADERS
| # include <stdlib.h>
| # include <stddef.h>
| #else
| # if HAVE_STDLIB_H
| #  include <stdlib.h>
| # endif
| #endif
| #if HAVE_STRING_H
| # if !STDC_HEADERS && HAVE_MEMORY_H
| #  include <memory.h>
| # endif
| # include <string.h>
| #endif
| #if HAVE_STRINGS_H
| # include <strings.h>
| #endif
| #if HAVE_INTTYPES_H
| # include <inttypes.h>
| #else
| # if HAVE_STDINT_H
| #  include <stdint.h>
| # endif
| #endif
| #if HAVE_UNISTD_H
| # include <unistd.h>
| #endif
| #include <libpq-fe.h>
configure:4585: result: no
configure:4589: checking libpq-fe.h presence
configure:4599: gcc -E  conftest.c
conftest.c:29:22: libpq-fe.h: No such file or directory
configure:4605: $? = 1
configure: failed program was:
| /* confdefs.h.  */
| 
| #define PACKAGE_NAME ""
| #define PACKAGE_TARNAME ""
| #define PACKAGE_VERSION ""
| #define PACKAGE_STRING ""
| #define PACKAGE_BUGREPORT ""
| #define PACKAGE "Barchart"
| #define VERSION "0.0.1"
| #ifdef __cplusplus
| extern "C" void std::exit (int) throw (); using std::exit;
| #endif
| #define HAVE_LIBICONV 1
| #define HAVE_LIBGD 1
| #define HAVE_LIBM 1
| #define HAVE_LIBCRYPT 1
| #define HAVE_LIBMFL 1
| #define STDC_HEADERS 1
| #define HAVE_SYS_TYPES_H 1
| #define HAVE_SYS_STAT_H 1
| #define HAVE_STDLIB_H 1
| #define HAVE_STRING_H 1
| #define HAVE_MEMORY_H 1
| #define HAVE_STRINGS_H 1
| #define HAVE_INTTYPES_H 1
| #define HAVE_STDINT_H 1
| #define HAVE_UNISTD_H 1
| /* end confdefs.h.  */
| #include <libpq-fe.h>
configure:4625: result: no
configure:4660: checking for libpq-fe.h
configure:4667: result: no
configure:4681: checking for an ANSI C-conforming const
configure:4748: gcc -c -g -O2  conftest.c >&5
configure:4754: $? = 0
configure:4758: test -z 
			 || test ! -s conftest.err
configure:4761: $? = 0
configure:4764: test -s conftest.o
configure:4767: $? = 0
configure:4778: result: yes
configure:4907: creating ./config.status

## ---------------------- ##
## Running config.status. ##
## ---------------------- ##

This file was extended by config.status, which was
generated by GNU Autoconf 2.59.  Invocation command line was

  CONFIG_FILES    = 
  CONFIG_HEADERS  = 
  CONFIG_LINKS    = 
  CONFIG_COMMANDS = 
  $ ./config.status 

on van-loon

config.status:694: creating Makefile
config.status:798: creating config.h
config.status:914: config.h is unchanged
config.status:1094: executing depfiles commands

## ---------------- ##
## Cache variables. ##
## ---------------- ##

ac_cv_c_compiler_gnu=yes
ac_cv_c_const=yes
ac_cv_cxx_compiler_gnu=yes
ac_cv_env_CC_set=
ac_cv_env_CC_value=
ac_cv_env_CFLAGS_set=
ac_cv_env_CFLAGS_value=
ac_cv_env_CPPFLAGS_set=
ac_cv_env_CPPFLAGS_value=
ac_cv_env_CPP_set=
ac_cv_env_CPP_value=
ac_cv_env_CXXCPP_set=
ac_cv_env_CXXCPP_value=
ac_cv_env_CXXFLAGS_set=
ac_cv_env_CXXFLAGS_value=
ac_cv_env_CXX_set=
ac_cv_env_CXX_value=
ac_cv_env_LDFLAGS_set=
ac_cv_env_LDFLAGS_value=
ac_cv_env_build_alias_set=
ac_cv_env_build_alias_value=
ac_cv_env_host_alias_set=
ac_cv_env_host_alias_value=
ac_cv_env_target_alias_set=
ac_cv_env_target_alias_value=
ac_cv_exeext=
ac_cv_header_inttypes_h=yes
ac_cv_header_libpq_fe_h=no
ac_cv_header_memory_h=yes
ac_cv_header_stdc=yes
ac_cv_header_stdint_h=yes
ac_cv_header_stdlib_h=yes
ac_cv_header_string_h=yes
ac_cv_header_strings_h=yes
ac_cv_header_sys_stat_h=yes
ac_cv_header_sys_types_h=yes
ac_cv_header_unistd_h=yes
ac_cv_lib_crypt_crypt=yes
ac_cv_lib_gd_gdImageCreate=yes
ac_cv_lib_iconv_libiconv=yes
ac_cv_lib_m_log=yes
ac_cv_lib_mfl_main=yes
ac_cv_lib_pq_PQexec=no
ac_cv_objext=o
ac_cv_path_install='/usr/bin/ginstall -c'
ac_cv_prog_AWK=gawk
ac_cv_prog_CPP='gcc -E'
ac_cv_prog_CXXCPP='g++ -E'
ac_cv_prog_ac_ct_CC=gcc
ac_cv_prog_ac_ct_CXX=g++
ac_cv_prog_cc_g=yes
ac_cv_prog_cc_stdc=
ac_cv_prog_cxx_g=yes
ac_cv_prog_egrep='grep -E'
ac_cv_prog_make_make_set=yes
am_cv_CC_dependencies_compiler_type=gcc3
am_cv_CXX_dependencies_compiler_type=gcc3

## ----------------- ##
## Output variables. ##
## ----------------- ##

ACLOCAL='${SHELL} /home/mfvl/src/plot_db/missing --run aclocal-1.8'
AMDEPBACKSLASH='\'
AMDEP_FALSE='#'
AMDEP_TRUE=''
AMTAR='${SHELL} /home/mfvl/src/plot_db/missing --run tar'
AUTOCONF='${SHELL} /home/mfvl/src/plot_db/missing --run autoconf'
AUTOHEADER='${SHELL} /home/mfvl/src/plot_db/missing --run autoheader'
AUTOMAKE='${SHELL} /home/mfvl/src/plot_db/missing --run automake-1.8'
AWK='gawk'
CC='gcc'
CCDEPMODE='depmode=gcc3'
CFLAGS='-g -O2'
CPP='gcc -E'
CPPFLAGS=''
CXX='g++'
CXXCPP='g++ -E'
CXXDEPMODE='depmode=gcc3'
CXXFLAGS='-g -O2'
CYGPATH_W='echo'
DEFS='-DHAVE_CONFIG_H'
DEPDIR='.deps'
ECHO_C=''
ECHO_N='-n'
ECHO_T=''
EGREP='grep -E'
EXEEXT=''
INSTALL_DATA='${INSTALL} -m 644'
INSTALL_PROGRAM='${INSTALL}'
INSTALL_SCRIPT='${INSTALL}'
INSTALL_STRIP_PROGRAM='${SHELL} $(install_sh) -c -s'
LDFLAGS=''
LIBOBJS=''
LIBS='-lmfl -lcrypt -lm -lgd -liconv '
LTLIBOBJS=''
MAKEINFO='${SHELL} /home/mfvl/src/plot_db/missing --run makeinfo'
OBJEXT='o'
PACKAGE='Barchart'
PACKAGE_BUGREPORT=''
PACKAGE_NAME=''
PACKAGE_STRING=''
PACKAGE_TARNAME=''
PACKAGE_VERSION=''
PATH_SEPARATOR=':'
SET_MAKE=''
SHELL='/bin/bash'
STRIP=''
VERSION='0.0.1'
ac_ct_CC='gcc'
ac_ct_CXX='g++'
ac_ct_STRIP=''
am__fastdepCC_FALSE='#'
am__fastdepCC_TRUE=''
am__fastdepCXX_FALSE='#'
am__fastdepCXX_TRUE=''
am__include='include'
am__leading_dot='.'
am__quote=''
bindir='${exec_prefix}/bin'
build_alias=''
datadir='${prefix}/share'
exec_prefix='${prefix}'
host_alias=''
includedir='${prefix}/include'
infodir='${prefix}/info'
install_sh='/home/mfvl/src/plot_db/install-sh'
libdir='${exec_prefix}/lib'
libexecdir='${exec_prefix}/libexec'
localstatedir='${prefix}/var'
mandir='${prefix}/man'
mkdir_p='mkdir -p -- .'
oldincludedir='/usr/include'
prefix='/usr/local'
program_transform_name='s,x,x,'
sbindir='${exec_prefix}/sbin'
sharedstatedir='${prefix}/com'
sysconfdir='${prefix}/etc'
target_alias=''

## ----------- ##
## confdefs.h. ##
## ----------- ##

#define HAVE_INTTYPES_H 1
#define HAVE_LIBCRYPT 1
#define HAVE_LIBGD 1
#define HAVE_LIBICONV 1
#define HAVE_LIBM 1
#define HAVE_LIBMFL 1
#define HAVE_MEMORY_H 1
#define HAVE_STDINT_H 1
#define HAVE_STDLIB_H 1
#define HAVE_STRINGS_H 1
#define HAVE_STRING_H 1
#define HAVE_SYS_STAT_H 1
#define HAVE_SYS_TYPES_H 1
#define HAVE_UNISTD_H 1
#define PACKAGE "Barchart"
#define PACKAGE_BUGREPORT ""
#define PACKAGE_NAME ""
#define PACKAGE_STRING ""
#define PACKAGE_TARNAME ""
#define PACKAGE_VERSION ""
#define STDC_HEADERS 1
#define VERSION "0.0.1"
#endif
#ifdef __cplusplus
extern "C" void std::exit (int) throw (); using std::exit;

configure: exit 0

## ---------------------- ##
## Running config.status. ##
## ---------------------- ##

This file was extended by config.status, which was
generated by GNU Autoconf 2.59.  Invocation command line was

  CONFIG_FILES    = 
  CONFIG_HEADERS  = 
  CONFIG_LINKS    = 
  CONFIG_COMMANDS = 
  $ ./config.status Makefile depfiles

on van-loon

config.status:694: creating Makefile
config.status:1094: executing depfiles commands

## ---------------------- ##
## Running config.status. ##
## ---------------------- ##

This file was extended by config.status, which was
generated by GNU Autoconf 2.59.  Invocation command line was

  CONFIG_FILES    = 
  CONFIG_HEADERS  = 
  CONFIG_LINKS    = 
  CONFIG_COMMANDS = 
  $ ./config.status Makefile depfiles

on van-loon

config.status:694: creating Makefile
config.status:1094: executing depfiles commands
