This file contains any messages produced by compilers while
running configure, to aid debugging if configure makes a mistake.

It was created by configure, which was
generated by GNU Autoconf 2.63.  Invocation command line was

  $ ../configure --disable-color --no-create --no-recursion

## --------- ##
## Platform. ##
## --------- ##

hostname = van-loon
uname -m = i686
uname -r = 2.6.34
uname -s = Linux
uname -v = #7 Thu May 20 10:08:43 CEST 2010

/usr/bin/uname -p = Pentium III (Coppermine)
/bin/uname -X     = unknown

/bin/arch              = i686
/usr/bin/arch -k       = unknown
/usr/convex/getsysinfo = unknown
/usr/bin/hostinfo      = unknown
/bin/machine           = unknown
/usr/bin/oslevel       = unknown
/bin/universe          = unknown

PATH: .
PATH: /home/mfvl/bin
PATH: /usr/local/bin
PATH: /usr/bin
PATH: /bin
PATH: /usr/X11R6/bin
PATH: /usr/openwin/bin
PATH: /usr/bin
PATH: /bin
PATH: /usr/sbin
PATH: /sbin
PATH: /usr/local/ssl/bin
PATH: /opt/openoffice.org3/program
PATH: /usr/lib/apache-ant/bin
PATH: /opt/www/htdig/bin
PATH: /usr/lib/java/bin
PATH: /usr/lib/java/jre/bin
PATH: /usr/lib/java/bin
PATH: /usr/lib/kde4/libexec
PATH: /usr/local/pgsql/bin
PATH: /usr/lib/qt/bin
PATH: /usr/local/samba/bin
PATH: /usr/share/texmf/bin
PATH: /usr/local/src/util/docbook-xsl-1.74.0/tools/bin


## ----------- ##
## Core tests. ##
## ----------- ##

configure:1875: checking for a BSD-compatible install
configure:1943: result: /usr/bin/ginstall -c
configure:1954: checking whether build environment is sane
configure:1997: result: yes
configure:2022: checking for a thread-safe mkdir -p
configure:2061: result: /usr/bin/mkdir -p
configure:2074: checking for gawk
configure:2090: found /usr/bin/gawk
configure:2101: result: gawk
configure:2112: checking whether make sets $(MAKE)
configure:2134: result: yes
configure:2375: checking for gcc
configure:2391: found /usr/bin/gcc
configure:2402: result: gcc
configure:2634: checking for C compiler version
configure:2642: gcc --version >&5
gcc (GCC) 4.5.0
Copyright (C) 2010 Free Software Foundation, Inc.
This is free software; see the source for copying conditions.  There is NO
warranty; not even for MERCHANTABILITY or FITNESS FOR A PARTICULAR PURPOSE.

configure:2646: $? = 0
configure:2653: gcc -v >&5
Using built-in specs.
COLLECT_GCC=gcc
COLLECT_LTO_WRAPPER=/usr/libexec/gcc/i686-pc-linux-gnu/4.5.0/lto-wrapper
Target: i686-pc-linux-gnu
Configured with: ../gcc/configure --prefix=/usr
Thread model: posix
gcc version 4.5.0 (GCC) 
configure:2657: $? = 0
configure:2664: gcc -V >&5
gcc: '-V' option must have argument
configure:2668: $? = 1
configure:2691: checking for C compiler default output file name
configure:2713: gcc    conftest.c  >&5
configure:2717: $? = 0
configure:2755: result: a.out
configure:2774: checking whether the C compiler works
configure:2784: ./a.out
configure:2788: $? = 0
configure:2807: result: yes
configure:2814: checking whether we are cross compiling
configure:2816: result: no
configure:2819: checking for suffix of executables
configure:2826: gcc -o conftest    conftest.c  >&5
configure:2830: $? = 0
configure:2856: result: 
configure:2862: checking for suffix of object files
configure:2888: gcc -c   conftest.c >&5
configure:2892: $? = 0
configure:2917: result: o
configure:2921: checking whether we are using the GNU C compiler
configure:2950: gcc -c   conftest.c >&5
configure:2957: $? = 0
configure:2974: result: yes
configure:2983: checking whether gcc accepts -g
configure:3013: gcc -c -g  conftest.c >&5
configure:3020: $? = 0
configure:3121: result: yes
configure:3138: checking for gcc option to accept ISO C89
configure:3212: gcc  -c -g -O2  conftest.c >&5
configure:3219: $? = 0
configure:3242: result: none needed
configure:3271: checking for style of include used by make
configure:3299: result: GNU
configure:3324: checking dependency style of gcc
configure:3415: result: gcc3
configure:3488: checking for g++
configure:3504: found /usr/bin/g++
configure:3515: result: g++
configure:3542: checking for C++ compiler version
configure:3550: g++ --version >&5
g++ (GCC) 4.5.0
Copyright (C) 2010 Free Software Foundation, Inc.
This is free software; see the source for copying conditions.  There is NO
warranty; not even for MERCHANTABILITY or FITNESS FOR A PARTICULAR PURPOSE.

configure:3554: $? = 0
configure:3561: g++ -v >&5
Using built-in specs.
COLLECT_GCC=g++
COLLECT_LTO_WRAPPER=/usr/libexec/gcc/i686-pc-linux-gnu/4.5.0/lto-wrapper
Target: i686-pc-linux-gnu
Configured with: ../gcc/configure --prefix=/usr
Thread model: posix
gcc version 4.5.0 (GCC) 
configure:3565: $? = 0
configure:3572: g++ -V >&5
g++: '-V' option must have argument
configure:3576: $? = 1
configure:3579: checking whether we are using the GNU C++ compiler
configure:3608: g++ -c   conftest.cpp >&5
configure:3615: $? = 0
configure:3632: result: yes
configure:3641: checking whether g++ accepts -g
configure:3671: g++ -c -g  conftest.cpp >&5
configure:3678: $? = 0
configure:3779: result: yes
configure:3804: checking dependency style of g++
configure:3895: result: gcc3
configure:3915: checking how to run the C preprocessor
configure:3955: gcc -E  conftest.c
configure:3962: $? = 0
configure:3993: gcc -E  conftest.c
conftest.c:10:28: fatal error: ac_nonexistent.h: No such file or directory
compilation terminated.
configure:4000: $? = 1
configure: failed program was:
| /* confdefs.h.  */
| #define PACKAGE_NAME ""
| #define PACKAGE_TARNAME ""
| #define PACKAGE_VERSION ""
| #define PACKAGE_STRING ""
| #define PACKAGE_BUGREPORT ""
| #define PACKAGE "ttx"
| #define VERSION "2.4.8pre"
| /* end confdefs.h.  */
| #include <ac_nonexistent.h>
configure:4033: result: gcc -E
configure:4062: gcc -E  conftest.c
configure:4069: $? = 0
configure:4100: gcc -E  conftest.c
conftest.c:10:28: fatal error: ac_nonexistent.h: No such file or directory
compilation terminated.
configure:4107: $? = 1
configure: failed program was:
| /* confdefs.h.  */
| #define PACKAGE_NAME ""
| #define PACKAGE_TARNAME ""
| #define PACKAGE_VERSION ""
| #define PACKAGE_STRING ""
| #define PACKAGE_BUGREPORT ""
| #define PACKAGE "ttx"
| #define VERSION "2.4.8pre"
| /* end confdefs.h.  */
| #include <ac_nonexistent.h>
configure:4151: checking how to run the C++ preprocessor
configure:4187: g++ -E  conftest.cpp
configure:4194: $? = 0
configure:4225: g++ -E  conftest.cpp
conftest.cpp:10:28: fatal error: ac_nonexistent.h: No such file or directory
compilation terminated.
configure:4232: $? = 1
configure: failed program was:
| /* confdefs.h.  */
| #define PACKAGE_NAME ""
| #define PACKAGE_TARNAME ""
| #define PACKAGE_VERSION ""
| #define PACKAGE_STRING ""
| #define PACKAGE_BUGREPORT ""
| #define PACKAGE "ttx"
| #define VERSION "2.4.8pre"
| /* end confdefs.h.  */
| #include <ac_nonexistent.h>
configure:4265: result: g++ -E
configure:4294: g++ -E  conftest.cpp
configure:4301: $? = 0
configure:4332: g++ -E  conftest.cpp
conftest.cpp:10:28: fatal error: ac_nonexistent.h: No such file or directory
compilation terminated.
configure:4339: $? = 1
configure: failed program was:
| /* confdefs.h.  */
| #define PACKAGE_NAME ""
| #define PACKAGE_TARNAME ""
| #define PACKAGE_VERSION ""
| #define PACKAGE_STRING ""
| #define PACKAGE_BUGREPORT ""
| #define PACKAGE "ttx"
| #define VERSION "2.4.8pre"
| /* end confdefs.h.  */
| #include <ac_nonexistent.h>
configure:4392: checking for a BSD-compatible install
configure:4460: result: /usr/bin/ginstall -c
configure:4471: checking whether ln -s works
configure:4475: result: yes
configure:4482: checking for function prototypes
configure:4485: result: yes
configure:4506: checking for grep that handles long lines and -e
configure:4566: result: /usr/bin/grep
configure:4571: checking for egrep
configure:4635: result: /usr/bin/grep -E
configure:4640: checking for ANSI C header files
configure:4670: g++ -c -g -O2  conftest.cpp >&5
configure:4677: $? = 0
configure:4776: g++ -o conftest -g -O2   conftest.cpp  >&5
configure:4780: $? = 0
configure:4786: ./conftest
configure:4790: $? = 0
configure:4808: result: yes
configure:4832: checking for sys/types.h
configure:4853: g++ -c -g -O2  conftest.cpp >&5
configure:4860: $? = 0
configure:4877: result: yes
configure:4832: checking for sys/stat.h
configure:4853: g++ -c -g -O2  conftest.cpp >&5
configure:4860: $? = 0
configure:4877: result: yes
configure:4832: checking for stdlib.h
configure:4853: g++ -c -g -O2  conftest.cpp >&5
configure:4860: $? = 0
configure:4877: result: yes
configure:4832: checking for string.h
configure:4853: g++ -c -g -O2  conftest.cpp >&5
configure:4860: $? = 0
configure:4877: result: yes
configure:4832: checking for memory.h
configure:4853: g++ -c -g -O2  conftest.cpp >&5
configure:4860: $? = 0
configure:4877: result: yes
configure:4832: checking for strings.h
configure:4853: g++ -c -g -O2  conftest.cpp >&5
configure:4860: $? = 0
configure:4877: result: yes
configure:4832: checking for inttypes.h
configure:4853: g++ -c -g -O2  conftest.cpp >&5
configure:4860: $? = 0
configure:4877: result: yes
configure:4832: checking for stdint.h
configure:4853: g++ -c -g -O2  conftest.cpp >&5
configure:4860: $? = 0
configure:4877: result: yes
configure:4832: checking for unistd.h
configure:4853: g++ -c -g -O2  conftest.cpp >&5
configure:4860: $? = 0
configure:4877: result: yes
configure:4921: checking stdio.h usability
configure:4938: g++ -c -g -O2  conftest.cpp >&5
configure:4945: $? = 0
configure:4959: result: yes
configure:4963: checking stdio.h presence
configure:4978: g++ -E  conftest.cpp
configure:4985: $? = 0
configure:4999: result: yes
configure:5027: checking for stdio.h
configure:5036: result: yes
configure:4910: checking for string.h
configure:4917: result: yes
configure:4921: checking stdarg.h usability
configure:4938: g++ -c -g -O2  conftest.cpp >&5
configure:4945: $? = 0
configure:4959: result: yes
configure:4963: checking stdarg.h presence
configure:4978: g++ -E  conftest.cpp
configure:4985: $? = 0
configure:4999: result: yes
configure:5027: checking for stdarg.h
configure:5036: result: yes
configure:4910: checking for sys/types.h
configure:4917: result: yes
configure:4921: checking sys/socket.h usability
configure:4938: g++ -c -g -O2  conftest.cpp >&5
configure:4945: $? = 0
configure:4959: result: yes
configure:4963: checking sys/socket.h presence
configure:4978: g++ -E  conftest.cpp
configure:4985: $? = 0
configure:4999: result: yes
configure:5027: checking for sys/socket.h
configure:5036: result: yes
configure:4921: checking netdb.h usability
configure:4938: g++ -c -g -O2  conftest.cpp >&5
configure:4945: $? = 0
configure:4959: result: yes
configure:4963: checking netdb.h presence
configure:4978: g++ -E  conftest.cpp
configure:4985: $? = 0
configure:4999: result: yes
configure:5027: checking for netdb.h
configure:5036: result: yes
configure:4921: checking errno.h usability
configure:4938: g++ -c -g -O2  conftest.cpp >&5
configure:4945: $? = 0
configure:4959: result: yes
configure:4963: checking errno.h presence
configure:4978: g++ -E  conftest.cpp
configure:4985: $? = 0
configure:4999: result: yes
configure:5027: checking for errno.h
configure:5036: result: yes
configure:4910: checking for unistd.h
configure:4917: result: yes
configure:4921: checking netinet/in.h usability
configure:4938: g++ -c -g -O2  conftest.cpp >&5
configure:4945: $? = 0
configure:4959: result: yes
configure:4963: checking netinet/in.h presence
configure:4978: g++ -E  conftest.cpp
configure:4985: $? = 0
configure:4999: result: yes
configure:5027: checking for netinet/in.h
configure:5036: result: yes
configure:4921: checking arpa/inet.h usability
configure:4938: g++ -c -g -O2  conftest.cpp >&5
configure:4945: $? = 0
configure:4959: result: yes
configure:4963: checking arpa/inet.h presence
configure:4978: g++ -E  conftest.cpp
configure:4985: $? = 0
configure:4999: result: yes
configure:5027: checking for arpa/inet.h
configure:5036: result: yes
configure:4910: checking for stdlib.h
configure:4917: result: yes
configure:4921: checking getopt.h usability
configure:4938: g++ -c -g -O2  conftest.cpp >&5
configure:4945: $? = 0
configure:4959: result: yes
configure:4963: checking getopt.h presence
configure:4978: g++ -E  conftest.cpp
configure:4985: $? = 0
configure:4999: result: yes
configure:5027: checking for getopt.h
configure:5036: result: yes
configure:4921: checking winsock2.h usability
configure:4938: g++ -c -g -O2  conftest.cpp >&5
conftest.cpp:67:22: fatal error: winsock2.h: No such file or directory
compilation terminated.
configure:4945: $? = 1
configure: failed program was:
| /* confdefs.h.  */
| #define PACKAGE_NAME ""
| #define PACKAGE_TARNAME ""
| #define PACKAGE_VERSION ""
| #define PACKAGE_STRING ""
| #define PACKAGE_BUGREPORT ""
| #define PACKAGE "ttx"
| #define VERSION "2.4.8pre"
| #define PROTOTYPES 1
| #define __PROTOTYPES 1
| #define STDC_HEADERS 1
| #define HAVE_SYS_TYPES_H 1
| #define HAVE_SYS_STAT_H 1
| #define HAVE_STDLIB_H 1
| #define HAVE_STRING_H 1
| #define HAVE_MEMORY_H 1
| #define HAVE_STRINGS_H 1
| #define HAVE_INTTYPES_H 1
| #define HAVE_STDINT_H 1
| #define HAVE_UNISTD_H 1
| #define HAVE_STDIO_H 1
| #define HAVE_STRING_H 1
| #define HAVE_STDARG_H 1
| #define HAVE_SYS_TYPES_H 1
| #define HAVE_SYS_SOCKET_H 1
| #define HAVE_NETDB_H 1
| #define HAVE_ERRNO_H 1
| #define HAVE_UNISTD_H 1
| #define HAVE_NETINET_IN_H 1
| #define HAVE_ARPA_INET_H 1
| #define HAVE_STDLIB_H 1
| #define HAVE_GETOPT_H 1
| /* end confdefs.h.  */
| #include <stdio.h>
| #ifdef HAVE_SYS_TYPES_H
| # include <sys/types.h>
| #endif
| #ifdef HAVE_SYS_STAT_H
| # include <sys/stat.h>
| #endif
| #ifdef STDC_HEADERS
| # include <stdlib.h>
| # include <stddef.h>
| #else
| # ifdef HAVE_STDLIB_H
| #  include <stdlib.h>
| # endif
| #endif
| #ifdef HAVE_STRING_H
| # if !defined STDC_HEADERS && defined HAVE_MEMORY_H
| #  include <memory.h>
| # endif
| # include <string.h>
| #endif
| #ifdef HAVE_STRINGS_H
| # include <strings.h>
| #endif
| #ifdef HAVE_INTTYPES_H
| # include <inttypes.h>
| #endif
| #ifdef HAVE_STDINT_H
| # include <stdint.h>
| #endif
| #ifdef HAVE_UNISTD_H
| # include <unistd.h>
| #endif
| #include <winsock2.h>
configure:4959: result: no
configure:4963: checking winsock2.h presence
configure:4978: g++ -E  conftest.cpp
conftest.cpp:34:22: fatal error: winsock2.h: No such file or directory
compilation terminated.
configure:4985: $? = 1
configure: failed program was:
| /* confdefs.h.  */
| #define PACKAGE_NAME ""
| #define PACKAGE_TARNAME ""
| #define PACKAGE_VERSION ""
| #define PACKAGE_STRING ""
| #define PACKAGE_BUGREPORT ""
| #define PACKAGE "ttx"
| #define VERSION "2.4.8pre"
| #define PROTOTYPES 1
| #define __PROTOTYPES 1
| #define STDC_HEADERS 1
| #define HAVE_SYS_TYPES_H 1
| #define HAVE_SYS_STAT_H 1
| #define HAVE_STDLIB_H 1
| #define HAVE_STRING_H 1
| #define HAVE_MEMORY_H 1
| #define HAVE_STRINGS_H 1
| #define HAVE_INTTYPES_H 1
| #define HAVE_STDINT_H 1
| #define HAVE_UNISTD_H 1
| #define HAVE_STDIO_H 1
| #define HAVE_STRING_H 1
| #define HAVE_STDARG_H 1
| #define HAVE_SYS_TYPES_H 1
| #define HAVE_SYS_SOCKET_H 1
| #define HAVE_NETDB_H 1
| #define HAVE_ERRNO_H 1
| #define HAVE_UNISTD_H 1
| #define HAVE_NETINET_IN_H 1
| #define HAVE_ARPA_INET_H 1
| #define HAVE_STDLIB_H 1
| #define HAVE_GETOPT_H 1
| /* end confdefs.h.  */
| #include <winsock2.h>
configure:4999: result: no
configure:5027: checking for winsock2.h
configure:5036: result: no
configure:4921: checking winsock.h usability
configure:4938: g++ -c -g -O2  conftest.cpp >&5
conftest.cpp:67:21: fatal error: winsock.h: No such file or directory
compilation terminated.
configure:4945: $? = 1
configure: failed program was:
| /* confdefs.h.  */
| #define PACKAGE_NAME ""
| #define PACKAGE_TARNAME ""
| #define PACKAGE_VERSION ""
| #define PACKAGE_STRING ""
| #define PACKAGE_BUGREPORT ""
| #define PACKAGE "ttx"
| #define VERSION "2.4.8pre"
| #define PROTOTYPES 1
| #define __PROTOTYPES 1
| #define STDC_HEADERS 1
| #define HAVE_SYS_TYPES_H 1
| #define HAVE_SYS_STAT_H 1
| #define HAVE_STDLIB_H 1
| #define HAVE_STRING_H 1
| #define HAVE_MEMORY_H 1
| #define HAVE_STRINGS_H 1
| #define HAVE_INTTYPES_H 1
| #define HAVE_STDINT_H 1
| #define HAVE_UNISTD_H 1
| #define HAVE_STDIO_H 1
| #define HAVE_STRING_H 1
| #define HAVE_STDARG_H 1
| #define HAVE_SYS_TYPES_H 1
| #define HAVE_SYS_SOCKET_H 1
| #define HAVE_NETDB_H 1
| #define HAVE_ERRNO_H 1
| #define HAVE_UNISTD_H 1
| #define HAVE_NETINET_IN_H 1
| #define HAVE_ARPA_INET_H 1
| #define HAVE_STDLIB_H 1
| #define HAVE_GETOPT_H 1
| /* end confdefs.h.  */
| #include <stdio.h>
| #ifdef HAVE_SYS_TYPES_H
| # include <sys/types.h>
| #endif
| #ifdef HAVE_SYS_STAT_H
| # include <sys/stat.h>
| #endif
| #ifdef STDC_HEADERS
| # include <stdlib.h>
| # include <stddef.h>
| #else
| # ifdef HAVE_STDLIB_H
| #  include <stdlib.h>
| # endif
| #endif
| #ifdef HAVE_STRING_H
| # if !defined STDC_HEADERS && defined HAVE_MEMORY_H
| #  include <memory.h>
| # endif
| # include <string.h>
| #endif
| #ifdef HAVE_STRINGS_H
| # include <strings.h>
| #endif
| #ifdef HAVE_INTTYPES_H
| # include <inttypes.h>
| #endif
| #ifdef HAVE_STDINT_H
| # include <stdint.h>
| #endif
| #ifdef HAVE_UNISTD_H
| # include <unistd.h>
| #endif
| #include <winsock.h>
configure:4959: result: no
configure:4963: checking winsock.h presence
configure:4978: g++ -E  conftest.cpp
conftest.cpp:34:21: fatal error: winsock.h: No such file or directory
compilation terminated.
configure:4985: $? = 1
configure: failed program was:
| /* confdefs.h.  */
| #define PACKAGE_NAME ""
| #define PACKAGE_TARNAME ""
| #define PACKAGE_VERSION ""
| #define PACKAGE_STRING ""
| #define PACKAGE_BUGREPORT ""
| #define PACKAGE "ttx"
| #define VERSION "2.4.8pre"
| #define PROTOTYPES 1
| #define __PROTOTYPES 1
| #define STDC_HEADERS 1
| #define HAVE_SYS_TYPES_H 1
| #define HAVE_SYS_STAT_H 1
| #define HAVE_STDLIB_H 1
| #define HAVE_STRING_H 1
| #define HAVE_MEMORY_H 1
| #define HAVE_STRINGS_H 1
| #define HAVE_INTTYPES_H 1
| #define HAVE_STDINT_H 1
| #define HAVE_UNISTD_H 1
| #define HAVE_STDIO_H 1
| #define HAVE_STRING_H 1
| #define HAVE_STDARG_H 1
| #define HAVE_SYS_TYPES_H 1
| #define HAVE_SYS_SOCKET_H 1
| #define HAVE_NETDB_H 1
| #define HAVE_ERRNO_H 1
| #define HAVE_UNISTD_H 1
| #define HAVE_NETINET_IN_H 1
| #define HAVE_ARPA_INET_H 1
| #define HAVE_STDLIB_H 1
| #define HAVE_GETOPT_H 1
| /* end confdefs.h.  */
| #include <winsock.h>
configure:4999: result: no
configure:5027: checking for winsock.h
configure:5036: result: no
configure:4921: checking ws2tcpip.h usability
configure:4938: g++ -c -g -O2  conftest.cpp >&5
conftest.cpp:67:22: fatal error: ws2tcpip.h: No such file or directory
compilation terminated.
configure:4945: $? = 1
configure: failed program was:
| /* confdefs.h.  */
| #define PACKAGE_NAME ""
| #define PACKAGE_TARNAME ""
| #define PACKAGE_VERSION ""
| #define PACKAGE_STRING ""
| #define PACKAGE_BUGREPORT ""
| #define PACKAGE "ttx"
| #define VERSION "2.4.8pre"
| #define PROTOTYPES 1
| #define __PROTOTYPES 1
| #define STDC_HEADERS 1
| #define HAVE_SYS_TYPES_H 1
| #define HAVE_SYS_STAT_H 1
| #define HAVE_STDLIB_H 1
| #define HAVE_STRING_H 1
| #define HAVE_MEMORY_H 1
| #define HAVE_STRINGS_H 1
| #define HAVE_INTTYPES_H 1
| #define HAVE_STDINT_H 1
| #define HAVE_UNISTD_H 1
| #define HAVE_STDIO_H 1
| #define HAVE_STRING_H 1
| #define HAVE_STDARG_H 1
| #define HAVE_SYS_TYPES_H 1
| #define HAVE_SYS_SOCKET_H 1
| #define HAVE_NETDB_H 1
| #define HAVE_ERRNO_H 1
| #define HAVE_UNISTD_H 1
| #define HAVE_NETINET_IN_H 1
| #define HAVE_ARPA_INET_H 1
| #define HAVE_STDLIB_H 1
| #define HAVE_GETOPT_H 1
| /* end confdefs.h.  */
| #include <stdio.h>
| #ifdef HAVE_SYS_TYPES_H
| # include <sys/types.h>
| #endif
| #ifdef HAVE_SYS_STAT_H
| # include <sys/stat.h>
| #endif
| #ifdef STDC_HEADERS
| # include <stdlib.h>
| # include <stddef.h>
| #else
| # ifdef HAVE_STDLIB_H
| #  include <stdlib.h>
| # endif
| #endif
| #ifdef HAVE_STRING_H
| # if !defined STDC_HEADERS && defined HAVE_MEMORY_H
| #  include <memory.h>
| # endif
| # include <string.h>
| #endif
| #ifdef HAVE_STRINGS_H
| # include <strings.h>
| #endif
| #ifdef HAVE_INTTYPES_H
| # include <inttypes.h>
| #endif
| #ifdef HAVE_STDINT_H
| # include <stdint.h>
| #endif
| #ifdef HAVE_UNISTD_H
| # include <unistd.h>
| #endif
| #include <ws2tcpip.h>
configure:4959: result: no
configure:4963: checking ws2tcpip.h presence
configure:4978: g++ -E  conftest.cpp
conftest.cpp:34:22: fatal error: ws2tcpip.h: No such file or directory
compilation terminated.
configure:4985: $? = 1
configure: failed program was:
| /* confdefs.h.  */
| #define PACKAGE_NAME ""
| #define PACKAGE_TARNAME ""
| #define PACKAGE_VERSION ""
| #define PACKAGE_STRING ""
| #define PACKAGE_BUGREPORT ""
| #define PACKAGE "ttx"
| #define VERSION "2.4.8pre"
| #define PROTOTYPES 1
| #define __PROTOTYPES 1
| #define STDC_HEADERS 1
| #define HAVE_SYS_TYPES_H 1
| #define HAVE_SYS_STAT_H 1
| #define HAVE_STDLIB_H 1
| #define HAVE_STRING_H 1
| #define HAVE_MEMORY_H 1
| #define HAVE_STRINGS_H 1
| #define HAVE_INTTYPES_H 1
| #define HAVE_STDINT_H 1
| #define HAVE_UNISTD_H 1
| #define HAVE_STDIO_H 1
| #define HAVE_STRING_H 1
| #define HAVE_STDARG_H 1
| #define HAVE_SYS_TYPES_H 1
| #define HAVE_SYS_SOCKET_H 1
| #define HAVE_NETDB_H 1
| #define HAVE_ERRNO_H 1
| #define HAVE_UNISTD_H 1
| #define HAVE_NETINET_IN_H 1
| #define HAVE_ARPA_INET_H 1
| #define HAVE_STDLIB_H 1
| #define HAVE_GETOPT_H 1
| /* end confdefs.h.  */
| #include <ws2tcpip.h>
configure:4999: result: no
configure:5027: checking for ws2tcpip.h
configure:5036: result: no
configure:5052: checking for an ANSI C-conforming const
configure:5127: g++ -c -g -O2  conftest.cpp >&5
configure:5134: $? = 0
configure:5149: result: yes
configure:5159: checking for size_t
configure:5187: g++ -c -g -O2  conftest.cpp >&5
configure:5194: $? = 0
configure:5221: g++ -c -g -O2  conftest.cpp >&5
conftest.cpp: In function 'int main()':
conftest.cpp:70:20: error: expected primary-expression before ')' token
configure:5228: $? = 1
configure: failed program was:
| /* confdefs.h.  */
| #define PACKAGE_NAME ""
| #define PACKAGE_TARNAME ""
| #define PACKAGE_VERSION ""
| #define PACKAGE_STRING ""
| #define PACKAGE_BUGREPORT ""
| #define PACKAGE "ttx"
| #define VERSION "2.4.8pre"
| #define PROTOTYPES 1
| #define __PROTOTYPES 1
| #define STDC_HEADERS 1
| #define HAVE_SYS_TYPES_H 1
| #define HAVE_SYS_STAT_H 1
| #define HAVE_STDLIB_H 1
| #define HAVE_STRING_H 1
| #define HAVE_MEMORY_H 1
| #define HAVE_STRINGS_H 1
| #define HAVE_INTTYPES_H 1
| #define HAVE_STDINT_H 1
| #define HAVE_UNISTD_H 1
| #define HAVE_STDIO_H 1
| #define HAVE_STRING_H 1
| #define HAVE_STDARG_H 1
| #define HAVE_SYS_TYPES_H 1
| #define HAVE_SYS_SOCKET_H 1
| #define HAVE_NETDB_H 1
| #define HAVE_ERRNO_H 1
| #define HAVE_UNISTD_H 1
| #define HAVE_NETINET_IN_H 1
| #define HAVE_ARPA_INET_H 1
| #define HAVE_STDLIB_H 1
| #define HAVE_GETOPT_H 1
| /* end confdefs.h.  */
| #include <stdio.h>
| #ifdef HAVE_SYS_TYPES_H
| # include <sys/types.h>
| #endif
| #ifdef HAVE_SYS_STAT_H
| # include <sys/stat.h>
| #endif
| #ifdef STDC_HEADERS
| # include <stdlib.h>
| # include <stddef.h>
| #else
| # ifdef HAVE_STDLIB_H
| #  include <stdlib.h>
| # endif
| #endif
| #ifdef HAVE_STRING_H
| # if !defined STDC_HEADERS && defined HAVE_MEMORY_H
| #  include <memory.h>
| # endif
| # include <string.h>
| #endif
| #ifdef HAVE_STRINGS_H
| # include <strings.h>
| #endif
| #ifdef HAVE_INTTYPES_H
| # include <inttypes.h>
| #endif
| #ifdef HAVE_STDINT_H
| # include <stdint.h>
| #endif
| #ifdef HAVE_UNISTD_H
| # include <unistd.h>
| #endif
| int
| main ()
| {
| if (sizeof ((size_t)))
| 	  return 0;
|   ;
|   return 0;
| }
configure:5251: result: yes
configure:5268: checking for vprintf
configure:5324: g++ -o conftest -g -O2   conftest.cpp  >&5
configure:5331: $? = 0
configure:5353: result: yes
configure:5362: checking for _doprnt
configure:5418: g++ -o conftest -g -O2   conftest.cpp  >&5
/tmp/ccmaE5ie.o: In function `main':
/home/mfvl/src/ttx/compile-linux/conftest.cpp:69: undefined reference to `_doprnt'
collect2: ld returned 1 exit status
configure:5425: $? = 1
configure: failed program was:
| /* confdefs.h.  */
| #define PACKAGE_NAME ""
| #define PACKAGE_TARNAME ""
| #define PACKAGE_VERSION ""
| #define PACKAGE_STRING ""
| #define PACKAGE_BUGREPORT ""
| #define PACKAGE "ttx"
| #define VERSION "2.4.8pre"
| #define PROTOTYPES 1
| #define __PROTOTYPES 1
| #define STDC_HEADERS 1
| #define HAVE_SYS_TYPES_H 1
| #define HAVE_SYS_STAT_H 1
| #define HAVE_STDLIB_H 1
| #define HAVE_STRING_H 1
| #define HAVE_MEMORY_H 1
| #define HAVE_STRINGS_H 1
| #define HAVE_INTTYPES_H 1
| #define HAVE_STDINT_H 1
| #define HAVE_UNISTD_H 1
| #define HAVE_STDIO_H 1
| #define HAVE_STRING_H 1
| #define HAVE_STDARG_H 1
| #define HAVE_SYS_TYPES_H 1
| #define HAVE_SYS_SOCKET_H 1
| #define HAVE_NETDB_H 1
| #define HAVE_ERRNO_H 1
| #define HAVE_UNISTD_H 1
| #define HAVE_NETINET_IN_H 1
| #define HAVE_ARPA_INET_H 1
| #define HAVE_STDLIB_H 1
| #define HAVE_GETOPT_H 1
| #define HAVE_VPRINTF 1
| /* end confdefs.h.  */
| /* Define _doprnt to an innocuous variant, in case <limits.h> declares _doprnt.
|    For example, HP-UX 11i <limits.h> declares gettimeofday.  */
| #define _doprnt innocuous__doprnt
| 
| /* System header to define __stub macros and hopefully few prototypes,
|     which can conflict with char _doprnt (); below.
|     Prefer <limits.h> to <assert.h> if __STDC__ is defined, since
|     <limits.h> exists even on freestanding compilers.  */
| 
| #ifdef __STDC__
| # include <limits.h>
| #else
| # include <assert.h>
| #endif
| 
| #undef _doprnt
| 
| /* Override any GCC internal prototype to avoid an error.
|    Use char because int might match the return type of a GCC
|    builtin and then its argument prototype would still apply.  */
| #ifdef __cplusplus
| extern "C"
| #endif
| char _doprnt ();
| /* The GNU C library defines this for functions which it implements
|     to always fail with ENOSYS.  Some functions are actually named
|     something starting with __ and the normal name is an alias.  */
| #if defined __stub__doprnt || defined __stub____doprnt
| choke me
| #endif
| 
| int
| main ()
| {
| return _doprnt ();
|   ;
|   return 0;
| }
configure:5445: result: no
configure:5460: checking for library containing gethostbyname
configure:5501: g++ -o conftest -g -O2   conftest.cpp  >&5
configure:5508: $? = 0
configure:5539: result: none required
configure:5584: checking for gethostbyaddr
configure:5640: g++ -o conftest -g -O2   conftest.cpp  >&5
configure:5647: $? = 0
configure:5669: result: yes
configure:5584: checking for getservbyname
configure:5640: g++ -o conftest -g -O2   conftest.cpp  >&5
configure:5647: $? = 0
configure:5669: result: yes
configure:5584: checking for gethostname
configure:5640: g++ -o conftest -g -O2   conftest.cpp  >&5
configure:5647: $? = 0
configure:5669: result: yes
configure:5584: checking for socket
configure:5640: g++ -o conftest -g -O2   conftest.cpp  >&5
configure:5647: $? = 0
configure:5669: result: yes
configure:5584: checking for strstr
configure:5640: g++ -o conftest -g -O2   conftest.cpp  >&5
configure:5647: $? = 0
configure:5669: result: yes
configure:5584: checking for inet_aton
configure:5640: g++ -o conftest -g -O2   conftest.cpp  >&5
configure:5647: $? = 0
configure:5669: result: yes
configure:5584: checking for strncasecmp
configure:5640: g++ -o conftest -g -O2   conftest.cpp  >&5
configure:5647: $? = 0
configure:5669: result: yes
configure:5584: checking for strnicmp
configure:5640: g++ -o conftest -g -O2   conftest.cpp  >&5
/tmp/cctz9wi8.o: In function `main':
/home/mfvl/src/ttx/compile-linux/conftest.cpp:76: undefined reference to `strnicmp'
collect2: ld returned 1 exit status
configure:5647: $? = 1
configure: failed program was:
| /* confdefs.h.  */
| #define PACKAGE_NAME ""
| #define PACKAGE_TARNAME ""
| #define PACKAGE_VERSION ""
| #define PACKAGE_STRING ""
| #define PACKAGE_BUGREPORT ""
| #define PACKAGE "ttx"
| #define VERSION "2.4.8pre"
| #define PROTOTYPES 1
| #define __PROTOTYPES 1
| #define STDC_HEADERS 1
| #define HAVE_SYS_TYPES_H 1
| #define HAVE_SYS_STAT_H 1
| #define HAVE_STDLIB_H 1
| #define HAVE_STRING_H 1
| #define HAVE_MEMORY_H 1
| #define HAVE_STRINGS_H 1
| #define HAVE_INTTYPES_H 1
| #define HAVE_STDINT_H 1
| #define HAVE_UNISTD_H 1
| #define HAVE_STDIO_H 1
| #define HAVE_STRING_H 1
| #define HAVE_STDARG_H 1
| #define HAVE_SYS_TYPES_H 1
| #define HAVE_SYS_SOCKET_H 1
| #define HAVE_NETDB_H 1
| #define HAVE_ERRNO_H 1
| #define HAVE_UNISTD_H 1
| #define HAVE_NETINET_IN_H 1
| #define HAVE_ARPA_INET_H 1
| #define HAVE_STDLIB_H 1
| #define HAVE_GETOPT_H 1
| #define HAVE_VPRINTF 1
| #define HAVE_GETHOSTBYADDR 1
| #define HAVE_GETSERVBYNAME 1
| #define HAVE_GETHOSTNAME 1
| #define HAVE_SOCKET 1
| #define HAVE_STRSTR 1
| #define HAVE_INET_ATON 1
| #define HAVE_STRNCASECMP 1
| /* end confdefs.h.  */
| /* Define strnicmp to an innocuous variant, in case <limits.h> declares strnicmp.
|    For example, HP-UX 11i <limits.h> declares gettimeofday.  */
| #define strnicmp innocuous_strnicmp
| 
| /* System header to define __stub macros and hopefully few prototypes,
|     which can conflict with char strnicmp (); below.
|     Prefer <limits.h> to <assert.h> if __STDC__ is defined, since
|     <limits.h> exists even on freestanding compilers.  */
| 
| #ifdef __STDC__
| # include <limits.h>
| #else
| # include <assert.h>
| #endif
| 
| #undef strnicmp
| 
| /* Override any GCC internal prototype to avoid an error.
|    Use char because int might match the return type of a GCC
|    builtin and then its argument prototype would still apply.  */
| #ifdef __cplusplus
| extern "C"
| #endif
| char strnicmp ();
| /* The GNU C library defines this for functions which it implements
|     to always fail with ENOSYS.  Some functions are actually named
|     something starting with __ and the normal name is an alias.  */
| #if defined __stub_strnicmp || defined __stub___strnicmp
| choke me
| #endif
| 
| int
| main ()
| {
| return strnicmp ();
|   ;
|   return 0;
| }
configure:5669: result: no
configure:5584: checking for inet_ntoa
configure:5640: g++ -o conftest -g -O2   conftest.cpp  >&5
configure:5647: $? = 0
configure:5669: result: yes
configure:5584: checking for inet_addr
configure:5640: g++ -o conftest -g -O2   conftest.cpp  >&5
configure:5647: $? = 0
configure:5669: result: yes
configure:5584: checking for getenv
configure:5640: g++ -o conftest -g -O2   conftest.cpp  >&5
configure:5647: $? = 0
configure:5669: result: yes
configure:5584: checking for getopt
configure:5640: g++ -o conftest -g -O2   conftest.cpp  >&5
configure:5647: $? = 0
configure:5669: result: yes
configure:5584: checking for memset
configure:5640: g++ -o conftest -g -O2   conftest.cpp  >&5
configure:5647: $? = 0
configure:5669: result: yes
configure:5584: checking for strdup
configure:5640: g++ -o conftest -g -O2   conftest.cpp  >&5
configure:5647: $? = 0
configure:5669: result: yes
configure:5584: checking for atoi
configure:5640: g++ -o conftest -g -O2   conftest.cpp  >&5
configure:5647: $? = 0
configure:5669: result: yes
configure:5584: checking for htons
configure:5640: g++ -o conftest -g -O2   conftest.cpp  >&5
configure:5647: $? = 0
configure:5669: result: yes
configure:5584: checking for ntohs
configure:5640: g++ -o conftest -g -O2   conftest.cpp  >&5
configure:5647: $? = 0
configure:5669: result: yes
configure:5584: checking for perror
configure:5640: g++ -o conftest -g -O2   conftest.cpp  >&5
configure:5647: $? = 0
configure:5669: result: yes
configure:5584: checking for calloc
configure:5640: g++ -o conftest -g -O2   conftest.cpp  >&5
configure:5647: $? = 0
configure:5669: result: yes
configure:5584: checking for getsockname
configure:5640: g++ -o conftest -g -O2   conftest.cpp  >&5
configure:5647: $? = 0
configure:5669: result: yes
configure:5584: checking for send
configure:5640: g++ -o conftest -g -O2   conftest.cpp  >&5
configure:5647: $? = 0
configure:5669: result: yes
configure:5584: checking for recv
configure:5640: g++ -o conftest -g -O2   conftest.cpp  >&5
configure:5647: $? = 0
configure:5669: result: yes
configure:5584: checking for strncmp
configure:5640: g++ -o conftest -g -O2   conftest.cpp  >&5
configure:5647: $? = 0
configure:5669: result: yes
configure:5584: checking for strcat
configure:5640: g++ -o conftest -g -O2   conftest.cpp  >&5
configure:5647: $? = 0
configure:5669: result: yes
configure:5584: checking for strcpy
configure:5640: g++ -o conftest -g -O2   conftest.cpp  >&5
configure:5647: $? = 0
configure:5669: result: yes
configure:5584: checking for strchr
configure:5640: g++ -o conftest -g -O2   conftest.cpp  >&5
configure:5647: $? = 0
configure:5669: result: yes
configure:5584: checking for index
configure:5640: g++ -o conftest -g -O2   conftest.cpp  >&5
configure:5647: $? = 0
configure:5669: result: yes
configure:5584: checking for memmove
configure:5640: g++ -o conftest -g -O2   conftest.cpp  >&5
configure:5647: $? = 0
configure:5669: result: yes
configure:5584: checking for getopt_long
configure:5640: g++ -o conftest -g -O2   conftest.cpp  >&5
configure:5647: $? = 0
configure:5669: result: yes
configure:5584: checking for close
configure:5640: g++ -o conftest -g -O2   conftest.cpp  >&5
configure:5647: $? = 0
configure:5669: result: yes
configure:5584: checking for fprintf
configure:5640: g++ -o conftest -g -O2   conftest.cpp  >&5
configure:5647: $? = 0
configure:5669: result: yes
configure:5584: checking for connect
configure:5640: g++ -o conftest -g -O2   conftest.cpp  >&5
configure:5647: $? = 0
configure:5669: result: yes
configure:5584: checking for strlen
configure:5640: g++ -o conftest -g -O2   conftest.cpp  >&5
configure:5647: $? = 0
configure:5669: result: yes
configure:5833: creating ./config.status

## ---------------- ##
## Cache variables. ##
## ---------------- ##

ac_cv_c_compiler_gnu=yes
ac_cv_c_const=yes
ac_cv_cxx_compiler_gnu=yes
ac_cv_env_CCC_set=
ac_cv_env_CCC_value=
ac_cv_env_CC_set=
ac_cv_env_CC_value=
ac_cv_env_CFLAGS_set=
ac_cv_env_CFLAGS_value=
ac_cv_env_CPPFLAGS_set=set
ac_cv_env_CPPFLAGS_value=
ac_cv_env_CPP_set=
ac_cv_env_CPP_value=
ac_cv_env_CXXCPP_set=
ac_cv_env_CXXCPP_value=
ac_cv_env_CXXFLAGS_set=
ac_cv_env_CXXFLAGS_value=
ac_cv_env_CXX_set=
ac_cv_env_CXX_value=
ac_cv_env_LDFLAGS_set=set
ac_cv_env_LDFLAGS_value=
ac_cv_env_LIBS_set=
ac_cv_env_LIBS_value=
ac_cv_env_build_alias_set=
ac_cv_env_build_alias_value=
ac_cv_env_host_alias_set=
ac_cv_env_host_alias_value=
ac_cv_env_target_alias_set=
ac_cv_env_target_alias_value=
ac_cv_func__doprnt=no
ac_cv_func_atoi=yes
ac_cv_func_calloc=yes
ac_cv_func_close=yes
ac_cv_func_connect=yes
ac_cv_func_fprintf=yes
ac_cv_func_getenv=yes
ac_cv_func_gethostbyaddr=yes
ac_cv_func_gethostname=yes
ac_cv_func_getopt=yes
ac_cv_func_getopt_long=yes
ac_cv_func_getservbyname=yes
ac_cv_func_getsockname=yes
ac_cv_func_htons=yes
ac_cv_func_index=yes
ac_cv_func_inet_addr=yes
ac_cv_func_inet_aton=yes
ac_cv_func_inet_ntoa=yes
ac_cv_func_memmove=yes
ac_cv_func_memset=yes
ac_cv_func_ntohs=yes
ac_cv_func_perror=yes
ac_cv_func_recv=yes
ac_cv_func_send=yes
ac_cv_func_socket=yes
ac_cv_func_strcat=yes
ac_cv_func_strchr=yes
ac_cv_func_strcpy=yes
ac_cv_func_strdup=yes
ac_cv_func_strlen=yes
ac_cv_func_strncasecmp=yes
ac_cv_func_strncmp=yes
ac_cv_func_strnicmp=no
ac_cv_func_strstr=yes
ac_cv_func_vprintf=yes
ac_cv_header_arpa_inet_h=yes
ac_cv_header_errno_h=yes
ac_cv_header_getopt_h=yes
ac_cv_header_inttypes_h=yes
ac_cv_header_memory_h=yes
ac_cv_header_netdb_h=yes
ac_cv_header_netinet_in_h=yes
ac_cv_header_stdarg_h=yes
ac_cv_header_stdc=yes
ac_cv_header_stdint_h=yes
ac_cv_header_stdio_h=yes
ac_cv_header_stdlib_h=yes
ac_cv_header_string_h=yes
ac_cv_header_strings_h=yes
ac_cv_header_sys_socket_h=yes
ac_cv_header_sys_stat_h=yes
ac_cv_header_sys_types_h=yes
ac_cv_header_unistd_h=yes
ac_cv_header_winsock2_h=no
ac_cv_header_winsock_h=no
ac_cv_header_ws2tcpip_h=no
ac_cv_objext=o
ac_cv_path_EGREP='/usr/bin/grep -E'
ac_cv_path_GREP=/usr/bin/grep
ac_cv_path_install='/usr/bin/ginstall -c'
ac_cv_path_mkdir=/usr/bin/mkdir
ac_cv_prog_AWK=gawk
ac_cv_prog_CPP='gcc -E'
ac_cv_prog_CXXCPP='g++ -E'
ac_cv_prog_ac_ct_CC=gcc
ac_cv_prog_ac_ct_CXX=g++
ac_cv_prog_cc_c89=
ac_cv_prog_cc_g=yes
ac_cv_prog_cxx_g=yes
ac_cv_prog_make_make_set=yes
ac_cv_search_gethostbyname='none required'
ac_cv_type_size_t=yes
am_cv_CC_dependencies_compiler_type=gcc3
am_cv_CXX_dependencies_compiler_type=gcc3

## ----------------- ##
## Output variables. ##
## ----------------- ##

ACLOCAL='${SHELL} /home/mfvl/src/ttx/missing --run aclocal-1.10'
AMDEPBACKSLASH='\'
AMDEP_FALSE='#'
AMDEP_TRUE=''
AMTAR='${SHELL} /home/mfvl/src/ttx/missing --run tar'
AUTOCONF='${SHELL} /home/mfvl/src/ttx/missing --run autoconf'
AUTOHEADER='${SHELL} /home/mfvl/src/ttx/missing --run autoheader'
AUTOMAKE='${SHELL} /home/mfvl/src/ttx/missing --run automake-1.10'
AWK='gawk'
CC='gcc'
CCDEPMODE='depmode=gcc3'
CFLAGS='-g -O2'
CPP='gcc -E'
CPPFLAGS=''
CXX='g++'
CXXCPP='g++ -E'
CXXDEPMODE='depmode=gcc3'
CXXFLAGS='-g -O2'
CYGPATH_W='echo'
DEFS='-DHAVE_CONFIG_H'
DEPDIR='.deps'
ECHO_C=''
ECHO_N='-n'
ECHO_T=''
EGREP='/usr/bin/grep -E'
EXEEXT=''
GREP='/usr/bin/grep'
INSTALL_DATA='${INSTALL} -m 644'
INSTALL_PROGRAM='${INSTALL}'
INSTALL_SCRIPT='${INSTALL}'
INSTALL_STRIP_PROGRAM='$(install_sh) -c -s'
LDFLAGS=''
LIBOBJS=''
LIBS=''
LN_S='ln -s'
LTLIBOBJS=''
MAKEINFO='${SHELL} /home/mfvl/src/ttx/missing --run makeinfo'
MKDIR_P='/usr/bin/mkdir -p'
OBJEXT='o'
PACKAGE='ttx'
PACKAGE_BUGREPORT=''
PACKAGE_NAME=''
PACKAGE_STRING=''
PACKAGE_TARNAME=''
PACKAGE_VERSION=''
PATH_SEPARATOR=':'
SET_MAKE=''
SHELL='/bin/bash'
STRIP=''
VERSION='2.4.8pre'
ac_ct_CC='gcc'
ac_ct_CXX='g++'
am__fastdepCC_FALSE='#'
am__fastdepCC_TRUE=''
am__fastdepCXX_FALSE='#'
am__fastdepCXX_TRUE=''
am__include='include'
am__isrc=' -I$(srcdir)'
am__leading_dot='.'
am__quote=''
am__tar='${AMTAR} chof - "$$tardir"'
am__untar='${AMTAR} xf -'
bindir='${exec_prefix}/bin'
build_alias=''
datadir='${datarootdir}'
datarootdir='${prefix}/share'
docdir='${datarootdir}/doc/${PACKAGE}'
dvidir='${docdir}'
exec_prefix='${prefix}'
host_alias=''
htmldir='${docdir}'
includedir='${prefix}/include'
infodir='${datarootdir}/info'
install_sh='$(SHELL) /home/mfvl/src/ttx/install-sh'
libdir='${exec_prefix}/lib'
libexecdir='${exec_prefix}/libexec'
localedir='${datarootdir}/locale'
localstatedir='${prefix}/var'
mandir='${datarootdir}/man'
mkdir_p='/usr/bin/mkdir -p'
oldincludedir='/usr/include'
pdfdir='${docdir}'
prefix='/usr/local'
program_transform_name='s,x,x,'
psdir='${docdir}'
sbindir='${exec_prefix}/sbin'
sharedstatedir='${prefix}/com'
sysconfdir='${prefix}/etc'
target_alias=''

## ----------- ##
## confdefs.h. ##
## ----------- ##

#define PACKAGE_NAME ""
#define PACKAGE_TARNAME ""
#define PACKAGE_VERSION ""
#define PACKAGE_STRING ""
#define PACKAGE_BUGREPORT ""
#define PACKAGE "ttx"
#define VERSION "2.4.8pre"
#define PROTOTYPES 1
#define __PROTOTYPES 1
#define STDC_HEADERS 1
#define HAVE_SYS_TYPES_H 1
#define HAVE_SYS_STAT_H 1
#define HAVE_STDLIB_H 1
#define HAVE_STRING_H 1
#define HAVE_MEMORY_H 1
#define HAVE_STRINGS_H 1
#define HAVE_INTTYPES_H 1
#define HAVE_STDINT_H 1
#define HAVE_UNISTD_H 1
#define HAVE_STDIO_H 1
#define HAVE_STRING_H 1
#define HAVE_STDARG_H 1
#define HAVE_SYS_TYPES_H 1
#define HAVE_SYS_SOCKET_H 1
#define HAVE_NETDB_H 1
#define HAVE_ERRNO_H 1
#define HAVE_UNISTD_H 1
#define HAVE_NETINET_IN_H 1
#define HAVE_ARPA_INET_H 1
#define HAVE_STDLIB_H 1
#define HAVE_GETOPT_H 1
#define HAVE_VPRINTF 1
#define HAVE_GETHOSTBYADDR 1
#define HAVE_GETSERVBYNAME 1
#define HAVE_GETHOSTNAME 1
#define HAVE_SOCKET 1
#define HAVE_STRSTR 1
#define HAVE_INET_ATON 1
#define HAVE_STRNCASECMP 1
#define HAVE_INET_NTOA 1
#define HAVE_INET_ADDR 1
#define HAVE_GETENV 1
#define HAVE_GETOPT 1
#define HAVE_MEMSET 1
#define HAVE_STRDUP 1
#define HAVE_ATOI 1
#define HAVE_HTONS 1
#define HAVE_NTOHS 1
#define HAVE_PERROR 1
#define HAVE_CALLOC 1
#define HAVE_GETSOCKNAME 1
#define HAVE_SEND 1
#define HAVE_RECV 1
#define HAVE_STRNCMP 1
#define HAVE_STRCAT 1
#define HAVE_STRCPY 1
#define HAVE_STRCHR 1
#define HAVE_INDEX 1
#define HAVE_MEMMOVE 1
#define HAVE_GETOPT_LONG 1
#define HAVE_CLOSE 1
#define HAVE_FPRINTF 1
#define HAVE_CONNECT 1
#define HAVE_STRLEN 1

configure: exit 0

## ---------------------- ##
## Running config.status. ##
## ---------------------- ##

This file was extended by config.status, which was
generated by GNU Autoconf 2.63.  Invocation command line was

  CONFIG_FILES    = 
  CONFIG_HEADERS  = 
  CONFIG_LINKS    = 
  CONFIG_COMMANDS = 
  $ ./config.status 

on van-loon

config.status:824: creating Makefile
config.status:824: creating config.h
config.status:1091: executing depfiles commands
