This file contains any messages produced by compilers while
running configure, to aid debugging if configure makes a mistake.

It was created by configure, which was
generated by GNU Autoconf 2.59.  Invocation command line was

  $ ./configure 

## --------- ##
## Platform. ##
## --------- ##

hostname = van-loon
uname -m = i586
uname -r = 2.4.26
uname -s = Linux
uname -v = #20 Fri Jun 11 07:07:02 CEST 2004

/usr/bin/uname -p = unknown
/bin/uname -X     = unknown

/bin/arch              = i586
/usr/bin/arch -k       = unknown
/usr/convex/getsysinfo = unknown
hostinfo               = unknown
/bin/machine           = unknown
/usr/bin/oslevel       = unknown
/bin/universe          = unknown

PATH: /home/mfvl/bin
PATH: /usr/local/bin
PATH: /usr/bin
PATH: /bin
PATH: /usr/X11R6/bin
PATH: /usr/openwin/bin
PATH: /usr/local/ssl/bin
PATH: /usr/local/ant/bin
PATH: /opt/www/htdig/bin
PATH: /usr/lib/java/bin
PATH: /usr/lib/java/jre/bin
PATH: /opt/kde/bin
PATH: /usr/local/pgsql/bin
PATH: /usr/lib/qt-3.2.1/bin
PATH: /usr/local/samba/bin
PATH: /usr/share/texmf/bin
PATH: .


## ----------- ##
## Core tests. ##
## ----------- ##

configure:1347: checking for a BSD-compatible install
configure:1402: result: /usr/bin/ginstall -c
configure:1413: checking whether build environment is sane
configure:1456: result: yes
configure:1513: checking for gawk
configure:1529: found /usr/bin/gawk
configure:1539: result: gawk
configure:1549: checking whether make sets $(MAKE)
configure:1569: result: yes
configure:1740: checking for bison
configure:1756: found /usr/bin/bison
configure:1766: result: bison -y
configure:1823: checking for gcc
configure:1839: found /usr/bin/gcc
configure:1849: result: gcc
configure:2093: checking for C compiler version
configure:2096: gcc --version </dev/null >&5
gcc (GCC) 3.3.2
Copyright (C) 2003 Free Software Foundation, Inc.
This is free software; see the source for copying conditions.  There is NO
warranty; not even for MERCHANTABILITY or FITNESS FOR A PARTICULAR PURPOSE.

configure:2099: $? = 0
configure:2101: gcc -v </dev/null >&5
Reading specs from /usr/lib/gcc-lib/i586-pc-linux-gnu/3.3.2/specs
Configured with: ./configure --prefix=/usr
Thread model: posix
gcc version 3.3.2
configure:2104: $? = 0
configure:2106: gcc -V </dev/null >&5
gcc: `-V' option must have argument
configure:2109: $? = 1
configure:2132: checking for C compiler default output file name
configure:2135: gcc    conftest.c  >&5
configure:2138: $? = 0
configure:2184: result: a.out
configure:2189: checking whether the C compiler works
configure:2195: ./a.out
configure:2198: $? = 0
configure:2215: result: yes
configure:2222: checking whether we are cross compiling
configure:2224: result: no
configure:2227: checking for suffix of executables
configure:2229: gcc -o conftest    conftest.c  >&5
configure:2232: $? = 0
configure:2257: result: 
configure:2263: checking for suffix of object files
configure:2284: gcc -c   conftest.c >&5
configure:2287: $? = 0
configure:2309: result: o
configure:2313: checking whether we are using the GNU C compiler
configure:2337: gcc -c   conftest.c >&5
configure:2343: $? = 0
configure:2347: test -z 
			 || test ! -s conftest.err
configure:2350: $? = 0
configure:2353: test -s conftest.o
configure:2356: $? = 0
configure:2369: result: yes
configure:2375: checking whether gcc accepts -g
configure:2396: gcc -c -g  conftest.c >&5
configure:2402: $? = 0
configure:2406: test -z 
			 || test ! -s conftest.err
configure:2409: $? = 0
configure:2412: test -s conftest.o
configure:2415: $? = 0
configure:2426: result: yes
configure:2443: checking for gcc option to accept ANSI C
configure:2513: gcc  -c -g -O2  conftest.c >&5
configure:2519: $? = 0
configure:2523: test -z 
			 || test ! -s conftest.err
configure:2526: $? = 0
configure:2529: test -s conftest.o
configure:2532: $? = 0
configure:2550: result: none needed
configure:2568: gcc -c -g -O2  conftest.c >&5
conftest.c:2: error: parse error before "me"
configure:2574: $? = 1
configure: failed program was:
| #ifndef __cplusplus
|   choke me
| #endif
configure:2718: checking for style of include used by make
configure:2746: result: GNU
configure:2774: checking dependency style of gcc
configure:2857: result: gcc3
configure:2926: checking for g++
configure:2942: found /usr/bin/g++
configure:2952: result: g++
configure:2968: checking for C++ compiler version
configure:2971: g++ --version </dev/null >&5
g++ (GCC) 3.3.2
Copyright (C) 2003 Free Software Foundation, Inc.
This is free software; see the source for copying conditions.  There is NO
warranty; not even for MERCHANTABILITY or FITNESS FOR A PARTICULAR PURPOSE.

configure:2974: $? = 0
configure:2976: g++ -v </dev/null >&5
Reading specs from /usr/lib/gcc-lib/i586-pc-linux-gnu/3.3.2/specs
Configured with: ./configure --prefix=/usr
Thread model: posix
gcc version 3.3.2
configure:2979: $? = 0
configure:2981: g++ -V </dev/null >&5
g++: `-V' option must have argument
configure:2984: $? = 1
configure:2987: checking whether we are using the GNU C++ compiler
configure:3011: g++ -c   conftest.cc >&5
configure:3017: $? = 0
configure:3021: test -z 
			 || test ! -s conftest.err
configure:3024: $? = 0
configure:3027: test -s conftest.o
configure:3030: $? = 0
configure:3043: result: yes
configure:3049: checking whether g++ accepts -g
configure:3070: g++ -c -g  conftest.cc >&5
configure:3076: $? = 0
configure:3080: test -z 
			 || test ! -s conftest.err
configure:3083: $? = 0
configure:3086: test -s conftest.o
configure:3089: $? = 0
configure:3100: result: yes
configure:3142: g++ -c -g -O2  conftest.cc >&5
configure:3148: $? = 0
configure:3152: test -z 
			 || test ! -s conftest.err
configure:3155: $? = 0
configure:3158: test -s conftest.o
configure:3161: $? = 0
configure:3187: g++ -c -g -O2  conftest.cc >&5
conftest.cc: In function `int main()':
conftest.cc:15: error: `exit' undeclared (first use this function)
conftest.cc:15: error: (Each undeclared identifier is reported only once for 
   each function it appears in.)
configure:3193: $? = 1
configure: failed program was:
| /* confdefs.h.  */
| 
| #define PACKAGE_NAME ""
| #define PACKAGE_TARNAME ""
| #define PACKAGE_VERSION ""
| #define PACKAGE_STRING ""
| #define PACKAGE_BUGREPORT ""
| #define PACKAGE "koersen"
| #define VERSION "1.1.0"
| /* end confdefs.h.  */
| 
| int
| main ()
| {
| exit (42);
|   ;
|   return 0;
| }
configure:3142: g++ -c -g -O2  conftest.cc >&5
configure:3148: $? = 0
configure:3152: test -z 
			 || test ! -s conftest.err
configure:3155: $? = 0
configure:3158: test -s conftest.o
configure:3161: $? = 0
configure:3187: g++ -c -g -O2  conftest.cc >&5
configure:3193: $? = 0
configure:3197: test -z 
			 || test ! -s conftest.err
configure:3200: $? = 0
configure:3203: test -s conftest.o
configure:3206: $? = 0
configure:3231: checking dependency style of g++
configure:3314: result: gcc3
configure:3336: checking how to run the C preprocessor
configure:3371: gcc -E  conftest.c
configure:3377: $? = 0
configure:3409: gcc -E  conftest.c
conftest.c:14:28: ac_nonexistent.h: No such file or directory
configure:3415: $? = 1
configure: failed program was:
| /* confdefs.h.  */
| 
| #define PACKAGE_NAME ""
| #define PACKAGE_TARNAME ""
| #define PACKAGE_VERSION ""
| #define PACKAGE_STRING ""
| #define PACKAGE_BUGREPORT ""
| #define PACKAGE "koersen"
| #define VERSION "1.1.0"
| #ifdef __cplusplus
| extern "C" void std::exit (int) throw (); using std::exit;
| #endif
| /* end confdefs.h.  */
| #include <ac_nonexistent.h>
configure:3454: result: gcc -E
configure:3478: gcc -E  conftest.c
configure:3484: $? = 0
configure:3516: gcc -E  conftest.c
conftest.c:14:28: ac_nonexistent.h: No such file or directory
configure:3522: $? = 1
configure: failed program was:
| /* confdefs.h.  */
| 
| #define PACKAGE_NAME ""
| #define PACKAGE_TARNAME ""
| #define PACKAGE_VERSION ""
| #define PACKAGE_STRING ""
| #define PACKAGE_BUGREPORT ""
| #define PACKAGE "koersen"
| #define VERSION "1.1.0"
| #ifdef __cplusplus
| extern "C" void std::exit (int) throw (); using std::exit;
| #endif
| /* end confdefs.h.  */
| #include <ac_nonexistent.h>
configure:3570: checking for flex
configure:3586: found /usr/bin/flex
configure:3596: result: flex
configure:3609: checking for yywrap in -lfl
configure:3639: gcc -o conftest -g -O2   conftest.c -lfl   >&5
configure:3645: $? = 0
configure:3649: test -z 
			 || test ! -s conftest.err
configure:3652: $? = 0
configure:3655: test -s conftest
configure:3658: $? = 0
configure:3671: result: yes
configure:3749: checking lex output file root
configure:3760: flex conftest.l
configure:3763: $? = 0
configure:3775: result: lex.yy
configure:3780: checking whether yytext is a pointer
configure:3796: gcc -o conftest -g -O2   conftest.c  -lfl >&5
configure:3802: $? = 0
configure:3806: test -z 
			 || test ! -s conftest.err
configure:3809: $? = 0
configure:3812: test -s conftest
configure:3815: $? = 0
configure:3829: result: yes
configure:3856: checking for a BSD-compatible install
configure:3911: result: /usr/bin/ginstall -c
configure:3924: checking for main in -lfl
configure:3948: gcc -o conftest -g -O2   conftest.c -lfl   >&5
configure:3954: $? = 0
configure:3958: test -z 
			 || test ! -s conftest.err
configure:3961: $? = 0
configure:3964: test -s conftest
configure:3967: $? = 0
configure:3980: result: yes
configure:3992: checking for main in -lmfl
configure:4016: gcc -o conftest -g -O2   conftest.c -lmfl  -lfl  >&5
configure:4022: $? = 0
configure:4026: test -z 
			 || test ! -s conftest.err
configure:4029: $? = 0
configure:4032: test -s conftest
configure:4035: $? = 0
configure:4048: result: yes
configure:4060: checking for main in -lstdc
configure:4084: gcc -o conftest -g -O2   conftest.c -lstdc  -lmfl -lfl  >&5
/usr/lib/gcc-lib/i586-pc-linux-gnu/3.3.2/../../../../i586-pc-linux-gnu/bin/ld: cannot find -lstdc
collect2: ld returned 1 exit status
configure:4090: $? = 1
configure: failed program was:
| /* confdefs.h.  */
| 
| #define PACKAGE_NAME ""
| #define PACKAGE_TARNAME ""
| #define PACKAGE_VERSION ""
| #define PACKAGE_STRING ""
| #define PACKAGE_BUGREPORT ""
| #define PACKAGE "koersen"
| #define VERSION "1.1.0"
| #ifdef __cplusplus
| extern "C" void std::exit (int) throw (); using std::exit;
| #endif
| #define YYTEXT_POINTER 1
| #define HAVE_LIBFL 1
| #define HAVE_LIBMFL 1
| /* end confdefs.h.  */
| 
| 
| int
| main ()
| {
| main ();
|   ;
|   return 0;
| }
configure:4116: result: no
configure:4129: checking for egrep
configure:4139: result: grep -E
configure:4144: checking for ANSI C header files
configure:4169: gcc -c -g -O2  conftest.c >&5
configure:4175: $? = 0
configure:4179: test -z 
			 || test ! -s conftest.err
configure:4182: $? = 0
configure:4185: test -s conftest.o
configure:4188: $? = 0
configure:4274: gcc -o conftest -g -O2   conftest.c -lmfl -lfl  >&5
configure:4277: $? = 0
configure:4279: ./conftest
configure:4282: $? = 0
configure:4297: result: yes
configure:4321: checking for sys/types.h
configure:4337: gcc -c -g -O2  conftest.c >&5
configure:4343: $? = 0
configure:4347: test -z 
			 || test ! -s conftest.err
configure:4350: $? = 0
configure:4353: test -s conftest.o
configure:4356: $? = 0
configure:4367: result: yes
configure:4321: checking for sys/stat.h
configure:4337: gcc -c -g -O2  conftest.c >&5
configure:4343: $? = 0
configure:4347: test -z 
			 || test ! -s conftest.err
configure:4350: $? = 0
configure:4353: test -s conftest.o
configure:4356: $? = 0
configure:4367: result: yes
configure:4321: checking for stdlib.h
configure:4337: gcc -c -g -O2  conftest.c >&5
configure:4343: $? = 0
configure:4347: test -z 
			 || test ! -s conftest.err
configure:4350: $? = 0
configure:4353: test -s conftest.o
configure:4356: $? = 0
configure:4367: result: yes
configure:4321: checking for string.h
configure:4337: gcc -c -g -O2  conftest.c >&5
configure:4343: $? = 0
configure:4347: test -z 
			 || test ! -s conftest.err
configure:4350: $? = 0
configure:4353: test -s conftest.o
configure:4356: $? = 0
configure:4367: result: yes
configure:4321: checking for memory.h
configure:4337: gcc -c -g -O2  conftest.c >&5
configure:4343: $? = 0
configure:4347: test -z 
			 || test ! -s conftest.err
configure:4350: $? = 0
configure:4353: test -s conftest.o
configure:4356: $? = 0
configure:4367: result: yes
configure:4321: checking for strings.h
configure:4337: gcc -c -g -O2  conftest.c >&5
configure:4343: $? = 0
configure:4347: test -z 
			 || test ! -s conftest.err
configure:4350: $? = 0
configure:4353: test -s conftest.o
configure:4356: $? = 0
configure:4367: result: yes
configure:4321: checking for inttypes.h
configure:4337: gcc -c -g -O2  conftest.c >&5
configure:4343: $? = 0
configure:4347: test -z 
			 || test ! -s conftest.err
configure:4350: $? = 0
configure:4353: test -s conftest.o
configure:4356: $? = 0
configure:4367: result: yes
configure:4321: checking for stdint.h
configure:4337: gcc -c -g -O2  conftest.c >&5
configure:4343: $? = 0
configure:4347: test -z 
			 || test ! -s conftest.err
configure:4350: $? = 0
configure:4353: test -s conftest.o
configure:4356: $? = 0
configure:4367: result: yes
configure:4321: checking for unistd.h
configure:4337: gcc -c -g -O2  conftest.c >&5
configure:4343: $? = 0
configure:4347: test -z 
			 || test ! -s conftest.err
configure:4350: $? = 0
configure:4353: test -s conftest.o
configure:4356: $? = 0
configure:4367: result: yes
configure:4394: checking malloc.h usability
configure:4406: gcc -c -g -O2  conftest.c >&5
configure:4412: $? = 0
configure:4416: test -z 
			 || test ! -s conftest.err
configure:4419: $? = 0
configure:4422: test -s conftest.o
configure:4425: $? = 0
configure:4435: result: yes
configure:4439: checking malloc.h presence
configure:4449: gcc -E  conftest.c
configure:4455: $? = 0
configure:4475: result: yes
configure:4510: checking for malloc.h
configure:4517: result: yes
configure:4385: checking for unistd.h
configure:4390: result: yes
configure:4531: checking for an ANSI C-conforming const
configure:4598: gcc -c -g -O2  conftest.c >&5
configure:4604: $? = 0
configure:4608: test -z 
			 || test ! -s conftest.err
configure:4611: $? = 0
configure:4614: test -s conftest.o
configure:4617: $? = 0
configure:4628: result: yes
configure:4641: checking for working alloca.h
configure:4662: gcc -o conftest -g -O2   conftest.c -lmfl -lfl  >&5
configure:4668: $? = 0
configure:4672: test -z 
			 || test ! -s conftest.err
configure:4675: $? = 0
configure:4678: test -s conftest
configure:4681: $? = 0
configure:4693: result: yes
configure:4703: checking for alloca
configure:4744: gcc -o conftest -g -O2   conftest.c -lmfl -lfl  >&5
configure:4750: $? = 0
configure:4754: test -z 
			 || test ! -s conftest.err
configure:4757: $? = 0
configure:4760: test -s conftest
configure:4763: $? = 0
configure:4775: result: yes
configure:5002: checking for strdup
configure:5059: gcc -o conftest -g -O2   conftest.c -lmfl -lfl  >&5
configure:5065: $? = 0
configure:5069: test -z 
			 || test ! -s conftest.err
configure:5072: $? = 0
configure:5075: test -s conftest
configure:5078: $? = 0
configure:5090: result: yes
configure:5218: creating ./config.status

## ---------------------- ##
## Running config.status. ##
## ---------------------- ##

This file was extended by config.status, which was
generated by GNU Autoconf 2.59.  Invocation command line was

  CONFIG_FILES    = 
  CONFIG_HEADERS  = 
  CONFIG_LINKS    = 
  CONFIG_COMMANDS = 
  $ ./config.status 

on van-loon

config.status:698: creating Makefile
config.status:802: creating config.h
config.status:1104: executing depfiles commands

## ---------------- ##
## Cache variables. ##
## ---------------- ##

ac_cv_c_compiler_gnu=yes
ac_cv_c_const=yes
ac_cv_cxx_compiler_gnu=yes
ac_cv_env_CC_set=
ac_cv_env_CC_value=
ac_cv_env_CFLAGS_set=
ac_cv_env_CFLAGS_value=
ac_cv_env_CPPFLAGS_set=
ac_cv_env_CPPFLAGS_value=
ac_cv_env_CPP_set=
ac_cv_env_CPP_value=
ac_cv_env_CXXFLAGS_set=
ac_cv_env_CXXFLAGS_value=
ac_cv_env_CXX_set=
ac_cv_env_CXX_value=
ac_cv_env_LDFLAGS_set=
ac_cv_env_LDFLAGS_value=
ac_cv_env_build_alias_set=
ac_cv_env_build_alias_value=
ac_cv_env_host_alias_set=
ac_cv_env_host_alias_value=
ac_cv_env_target_alias_set=
ac_cv_env_target_alias_value=
ac_cv_exeext=
ac_cv_func_alloca_works=yes
ac_cv_func_strdup=yes
ac_cv_header_inttypes_h=yes
ac_cv_header_malloc_h=yes
ac_cv_header_memory_h=yes
ac_cv_header_stdc=yes
ac_cv_header_stdint_h=yes
ac_cv_header_stdlib_h=yes
ac_cv_header_string_h=yes
ac_cv_header_strings_h=yes
ac_cv_header_sys_stat_h=yes
ac_cv_header_sys_types_h=yes
ac_cv_header_unistd_h=yes
ac_cv_lib_fl_main=yes
ac_cv_lib_fl_yywrap=yes
ac_cv_lib_mfl_main=yes
ac_cv_lib_stdc_main=no
ac_cv_objext=o
ac_cv_path_install='/usr/bin/ginstall -c'
ac_cv_prog_AWK=gawk
ac_cv_prog_CPP='gcc -E'
ac_cv_prog_LEX=flex
ac_cv_prog_YACC='bison -y'
ac_cv_prog_ac_ct_CC=gcc
ac_cv_prog_ac_ct_CXX=g++
ac_cv_prog_cc_g=yes
ac_cv_prog_cc_stdc=
ac_cv_prog_cxx_g=yes
ac_cv_prog_egrep='grep -E'
ac_cv_prog_lex_root=lex.yy
ac_cv_prog_lex_yytext_pointer=yes
ac_cv_prog_make_make_set=yes
ac_cv_working_alloca_h=yes
am_cv_CC_dependencies_compiler_type=gcc3
am_cv_CXX_dependencies_compiler_type=gcc3

## ----------------- ##
## Output variables. ##
## ----------------- ##

ACLOCAL='${SHELL} /home/mfvl/src/koersen/missing --run aclocal-1.8'
ALLOCA=''
AMDEPBACKSLASH='\'
AMDEP_FALSE='#'
AMDEP_TRUE=''
AMTAR='${SHELL} /home/mfvl/src/koersen/missing --run tar'
AUTOCONF='${SHELL} /home/mfvl/src/koersen/missing --run autoconf'
AUTOHEADER='${SHELL} /home/mfvl/src/koersen/missing --run autoheader'
AUTOMAKE='${SHELL} /home/mfvl/src/koersen/missing --run automake-1.8'
AWK='gawk'
CC='gcc'
CCDEPMODE='depmode=gcc3'
CFLAGS='-g -O2'
CPP='gcc -E'
CPPFLAGS=''
CXX='g++'
CXXDEPMODE='depmode=gcc3'
CXXFLAGS='-g -O2'
CYGPATH_W='echo'
DEFS='-DHAVE_CONFIG_H'
DEPDIR='.deps'
ECHO_C=''
ECHO_N='-n'
ECHO_T=''
EGREP='grep -E'
EXEEXT=''
INSTALL_DATA='${INSTALL} -m 644'
INSTALL_PROGRAM='${INSTALL}'
INSTALL_SCRIPT='${INSTALL}'
INSTALL_STRIP_PROGRAM='${SHELL} $(install_sh) -c -s'
LDFLAGS=''
LEX='flex'
LEXLIB='-lfl'
LEX_OUTPUT_ROOT='lex.yy'
LIBOBJS=''
LIBS='-lmfl -lfl '
LTLIBOBJS=''
MAKEINFO='${SHELL} /home/mfvl/src/koersen/missing --run makeinfo'
OBJEXT='o'
PACKAGE='koersen'
PACKAGE_BUGREPORT=''
PACKAGE_NAME=''
PACKAGE_STRING=''
PACKAGE_TARNAME=''
PACKAGE_VERSION=''
PATH_SEPARATOR=':'
SET_MAKE=''
SHELL='/bin/bash'
STRIP=''
VERSION='1.1.0'
YACC='bison -y'
ac_ct_CC='gcc'
ac_ct_CXX='g++'
ac_ct_STRIP=''
am__fastdepCC_FALSE='#'
am__fastdepCC_TRUE=''
am__fastdepCXX_FALSE='#'
am__fastdepCXX_TRUE=''
am__include='include'
am__leading_dot='.'
am__quote=''
bindir='${exec_prefix}/bin'
build_alias=''
datadir='${prefix}/share'
exec_prefix='${prefix}'
host_alias=''
includedir='${prefix}/include'
infodir='${prefix}/info'
install_sh='/home/mfvl/src/koersen/install-sh'
libdir='${exec_prefix}/lib'
libexecdir='${exec_prefix}/libexec'
localstatedir='${prefix}/var'
mandir='${prefix}/man'
mkdir_p='mkdir -p -- .'
oldincludedir='/usr/include'
prefix='/usr/local'
program_transform_name='s,x,x,'
sbindir='${exec_prefix}/sbin'
sharedstatedir='${prefix}/com'
sysconfdir='${prefix}/etc'
target_alias=''

## ----------- ##
## confdefs.h. ##
## ----------- ##

#define HAVE_ALLOCA 1
#define HAVE_ALLOCA_H 1
#define HAVE_INTTYPES_H 1
#define HAVE_LIBFL 1
#define HAVE_LIBMFL 1
#define HAVE_MALLOC_H 1
#define HAVE_MEMORY_H 1
#define HAVE_STDINT_H 1
#define HAVE_STDLIB_H 1
#define HAVE_STRDUP 1
#define HAVE_STRINGS_H 1
#define HAVE_STRING_H 1
#define HAVE_SYS_STAT_H 1
#define HAVE_SYS_TYPES_H 1
#define HAVE_UNISTD_H 1
#define HAVE_UNISTD_H 1
#define PACKAGE "koersen"
#define PACKAGE_BUGREPORT ""
#define PACKAGE_NAME ""
#define PACKAGE_STRING ""
#define PACKAGE_TARNAME ""
#define PACKAGE_VERSION ""
#define STDC_HEADERS 1
#define VERSION "1.1.0"
#define YYTEXT_POINTER 1
#endif
#ifdef __cplusplus
extern "C" void std::exit (int) throw (); using std::exit;

configure: exit 0

## ---------------------- ##
## Running config.status. ##
## ---------------------- ##

This file was extended by config.status, which was
generated by GNU Autoconf 2.59.  Invocation command line was

  CONFIG_FILES    = 
  CONFIG_HEADERS  = 
  CONFIG_LINKS    = 
  CONFIG_COMMANDS = 
  $ ./config.status Makefile depfiles

on van-loon

config.status:698: creating Makefile
config.status:1104: executing depfiles commands

## ---------------------- ##
## Running config.status. ##
## ---------------------- ##

This file was extended by config.status, which was
generated by GNU Autoconf 2.59.  Invocation command line was

  CONFIG_FILES    = 
  CONFIG_HEADERS  = 
  CONFIG_LINKS    = 
  CONFIG_COMMANDS = 
  $ ./config.status Makefile depfiles

on van-loon

config.status:698: creating Makefile
config.status:1104: executing depfiles commands
