This file contains any messages produced by compilers while
running configure, to aid debugging if configure makes a mistake.

It was created by configure, which was
generated by GNU Autoconf 2.59.  Invocation command line was

  $ ./configure 

## --------- ##
## Platform. ##
## --------- ##

hostname = van-loon
uname -m = i586
uname -r = 2.4.29
uname -s = Linux
uname -v = #2 Wed Feb 23 17:00:47 CET 2005

/usr/bin/uname -p = unknown
/bin/uname -X     = unknown

/bin/arch              = i586
/usr/bin/arch -k       = unknown
/usr/convex/getsysinfo = unknown
hostinfo               = unknown
/bin/machine           = unknown
/usr/bin/oslevel       = unknown
/bin/universe          = unknown

PATH: /home/mfvl/bin
PATH: /usr/local/bin
PATH: /usr/bin
PATH: /bin
PATH: /usr/X11R6/bin
PATH: /usr/openwin/bin
PATH: /usr/local/ssl/bin
PATH: /usr/local/ant/bin
PATH: /opt/www/htdig/bin
PATH: /usr/lib/java/bin
PATH: /usr/lib/java/jre/bin
PATH: /opt/kde/bin
PATH: /usr/local/pgsql/bin
PATH: /usr/lib/qt-3.2.1/bin
PATH: /usr/local/samba/bin
PATH: /usr/share/texmf/bin
PATH: .


## ----------- ##
## Core tests. ##
## ----------- ##

configure:1510: checking for a BSD-compatible install
configure:1565: result: /usr/bin/ginstall -c
configure:1576: checking whether build environment is sane
configure:1619: result: yes
configure:1676: checking for gawk
configure:1692: found /bin/gawk
configure:1702: result: gawk
configure:1712: checking whether make sets $(MAKE)
configure:1732: result: yes
configure:1945: checking for gcc
configure:1961: found /usr/bin/gcc
configure:1971: result: gcc
configure:2215: checking for C compiler version
configure:2218: gcc --version </dev/null >&5
gcc (GCC) 3.3.4
Copyright (C) 2003 Free Software Foundation, Inc.
This is free software; see the source for copying conditions.  There is NO
warranty; not even for MERCHANTABILITY or FITNESS FOR A PARTICULAR PURPOSE.

configure:2221: $? = 0
configure:2223: gcc -v </dev/null >&5
Reading specs from /usr/lib/gcc-lib/i586-pc-linux-gnu/3.3.4/specs
Configured with: ./configure --prefix=/usr
Thread model: posix
gcc version 3.3.4
configure:2226: $? = 0
configure:2228: gcc -V </dev/null >&5
gcc: `-V' option must have argument
configure:2231: $? = 1
configure:2254: checking for C compiler default output file name
configure:2257: gcc    conftest.c  >&5
configure:2260: $? = 0
configure:2306: result: a.out
configure:2311: checking whether the C compiler works
configure:2317: ./a.out
configure:2320: $? = 0
configure:2337: result: yes
configure:2344: checking whether we are cross compiling
configure:2346: result: no
configure:2349: checking for suffix of executables
configure:2351: gcc -o conftest    conftest.c  >&5
configure:2354: $? = 0
configure:2379: result: 
configure:2385: checking for suffix of object files
configure:2406: gcc -c   conftest.c >&5
configure:2409: $? = 0
configure:2431: result: o
configure:2435: checking whether we are using the GNU C compiler
configure:2459: gcc -c   conftest.c >&5
configure:2465: $? = 0
configure:2469: test -z 
			 || test ! -s conftest.err
configure:2472: $? = 0
configure:2475: test -s conftest.o
configure:2478: $? = 0
configure:2491: result: yes
configure:2497: checking whether gcc accepts -g
configure:2518: gcc -c -g  conftest.c >&5
configure:2524: $? = 0
configure:2528: test -z 
			 || test ! -s conftest.err
configure:2531: $? = 0
configure:2534: test -s conftest.o
configure:2537: $? = 0
configure:2548: result: yes
configure:2565: checking for gcc option to accept ANSI C
configure:2635: gcc  -c -g -O2  conftest.c >&5
configure:2641: $? = 0
configure:2645: test -z 
			 || test ! -s conftest.err
configure:2648: $? = 0
configure:2651: test -s conftest.o
configure:2654: $? = 0
configure:2672: result: none needed
configure:2690: gcc -c -g -O2  conftest.c >&5
conftest.c:2: error: parse error before "me"
configure:2696: $? = 1
configure: failed program was:
| #ifndef __cplusplus
|   choke me
| #endif
configure:2840: checking for style of include used by make
configure:2868: result: GNU
configure:2896: checking dependency style of gcc
configure:2979: result: gcc3
configure:3009: checking for a BSD-compatible install
configure:3064: result: /usr/bin/ginstall -c
configure:3116: checking for ranlib
configure:3132: found /usr/bin/ranlib
configure:3143: result: ranlib
configure:3227: checking build system type
configure:3245: result: i586-pc-linux-gnu
configure:3253: checking host system type
configure:3267: result: i586-pc-linux-gnu
configure:3297: checking for ld used by GCC
configure:3360: result: /usr/i586-pc-linux-gnu/bin/ld
configure:3369: checking if the linker (/usr/i586-pc-linux-gnu/bin/ld) is GNU ld
GNU ld version 2.15
configure:3381: result: yes
configure:3386: checking for /usr/i586-pc-linux-gnu/bin/ld option to reload object files
configure:3393: result: -r
configure:3398: checking for BSD-compatible nm
configure:3434: result: /usr/bin/nm -B
configure:3437: checking for a sed that does not truncate output
configure:3519: result: /usr/bin/sed
configure:3522: checking whether ln -s works
configure:3526: result: yes
configure:3533: checking how to recognise dependent libraries
configure:3714: result: pass_all
configure:3727: checking command to parse /usr/bin/nm -B output
configure:3811: gcc -c -g -O2  conftest.c >&5
configure:3814: $? = 0
configure:3818: /usr/bin/nm -B conftest.o \| sed -n -e 's/^.*[ 	]\([ABCDGISTW][ABCDGISTW]*\)[ 	][ 	]*\(\)\([_A-Za-z][_A-Za-z0-9]*\)$/\1 \2\3 \3/p' \> conftest.nm
configure:3821: $? = 0
configure:3873: gcc -o conftest -g -O2   conftest.c conftstm.o >&5
configure:3876: $? = 0
configure:3920: result: ok
configure:3929: checking how to run the C preprocessor
configure:3964: gcc -E  conftest.c
configure:3970: $? = 0
configure:4002: gcc -E  conftest.c
conftest.c:11:28: ac_nonexistent.h: No such file or directory
configure:4008: $? = 1
configure: failed program was:
| /* confdefs.h.  */
| 
| #define PACKAGE_NAME ""
| #define PACKAGE_TARNAME ""
| #define PACKAGE_VERSION ""
| #define PACKAGE_STRING ""
| #define PACKAGE_BUGREPORT ""
| #define PACKAGE "libmfl"
| #define VERSION "2.0.1"
| /* end confdefs.h.  */
| #include <ac_nonexistent.h>
configure:4047: result: gcc -E
configure:4071: gcc -E  conftest.c
configure:4077: $? = 0
configure:4109: gcc -E  conftest.c
conftest.c:11:28: ac_nonexistent.h: No such file or directory
configure:4115: $? = 1
configure: failed program was:
| /* confdefs.h.  */
| 
| #define PACKAGE_NAME ""
| #define PACKAGE_TARNAME ""
| #define PACKAGE_VERSION ""
| #define PACKAGE_STRING ""
| #define PACKAGE_BUGREPORT ""
| #define PACKAGE "libmfl"
| #define VERSION "2.0.1"
| /* end confdefs.h.  */
| #include <ac_nonexistent.h>
configure:4159: checking for egrep
configure:4169: result: grep -E
configure:4174: checking for ANSI C header files
configure:4199: gcc -c -g -O2  conftest.c >&5
configure:4205: $? = 0
configure:4209: test -z 
			 || test ! -s conftest.err
configure:4212: $? = 0
configure:4215: test -s conftest.o
configure:4218: $? = 0
configure:4304: gcc -o conftest -g -O2   conftest.c  >&5
configure:4307: $? = 0
configure:4309: ./conftest
configure:4312: $? = 0
configure:4327: result: yes
configure:4351: checking for sys/types.h
configure:4367: gcc -c -g -O2  conftest.c >&5
configure:4373: $? = 0
configure:4377: test -z 
			 || test ! -s conftest.err
configure:4380: $? = 0
configure:4383: test -s conftest.o
configure:4386: $? = 0
configure:4397: result: yes
configure:4351: checking for sys/stat.h
configure:4367: gcc -c -g -O2  conftest.c >&5
configure:4373: $? = 0
configure:4377: test -z 
			 || test ! -s conftest.err
configure:4380: $? = 0
configure:4383: test -s conftest.o
configure:4386: $? = 0
configure:4397: result: yes
configure:4351: checking for stdlib.h
configure:4367: gcc -c -g -O2  conftest.c >&5
configure:4373: $? = 0
configure:4377: test -z 
			 || test ! -s conftest.err
configure:4380: $? = 0
configure:4383: test -s conftest.o
configure:4386: $? = 0
configure:4397: result: yes
configure:4351: checking for string.h
configure:4367: gcc -c -g -O2  conftest.c >&5
configure:4373: $? = 0
configure:4377: test -z 
			 || test ! -s conftest.err
configure:4380: $? = 0
configure:4383: test -s conftest.o
configure:4386: $? = 0
configure:4397: result: yes
configure:4351: checking for memory.h
configure:4367: gcc -c -g -O2  conftest.c >&5
configure:4373: $? = 0
configure:4377: test -z 
			 || test ! -s conftest.err
configure:4380: $? = 0
configure:4383: test -s conftest.o
configure:4386: $? = 0
configure:4397: result: yes
configure:4351: checking for strings.h
configure:4367: gcc -c -g -O2  conftest.c >&5
configure:4373: $? = 0
configure:4377: test -z 
			 || test ! -s conftest.err
configure:4380: $? = 0
configure:4383: test -s conftest.o
configure:4386: $? = 0
configure:4397: result: yes
configure:4351: checking for inttypes.h
configure:4367: gcc -c -g -O2  conftest.c >&5
configure:4373: $? = 0
configure:4377: test -z 
			 || test ! -s conftest.err
configure:4380: $? = 0
configure:4383: test -s conftest.o
configure:4386: $? = 0
configure:4397: result: yes
configure:4351: checking for stdint.h
configure:4367: gcc -c -g -O2  conftest.c >&5
configure:4373: $? = 0
configure:4377: test -z 
			 || test ! -s conftest.err
configure:4380: $? = 0
configure:4383: test -s conftest.o
configure:4386: $? = 0
configure:4397: result: yes
configure:4351: checking for unistd.h
configure:4367: gcc -c -g -O2  conftest.c >&5
configure:4373: $? = 0
configure:4377: test -z 
			 || test ! -s conftest.err
configure:4380: $? = 0
configure:4383: test -s conftest.o
configure:4386: $? = 0
configure:4397: result: yes
configure:4423: checking dlfcn.h usability
configure:4435: gcc -c -g -O2  conftest.c >&5
configure:4441: $? = 0
configure:4445: test -z 
			 || test ! -s conftest.err
configure:4448: $? = 0
configure:4451: test -s conftest.o
configure:4454: $? = 0
configure:4464: result: yes
configure:4468: checking dlfcn.h presence
configure:4478: gcc -E  conftest.c
configure:4484: $? = 0
configure:4504: result: yes
configure:4539: checking for dlfcn.h
configure:4546: result: yes
configure:4744: checking for ranlib
configure:4771: result: ranlib
configure:4824: checking for strip
configure:4840: found /usr/bin/strip
configure:4851: result: strip
configure:5071: checking for objdir
configure:5082: result: .libs
configure:5099: checking for gcc option to produce PIC
configure:5245: result: -fPIC
configure:5249: checking if gcc PIC flag -fPIC works
configure:5272: gcc -c -g -O2 -fPIC -DPIC  conftest.c >&5
configure:5278: $? = 0
configure:5282: test -z 
			 || test ! -s conftest.err
configure:5285: $? = 0
configure:5288: test -s conftest.o
configure:5291: $? = 0
configure:5329: result: yes
configure:5345: checking if gcc static flag -static works
configure:5369: gcc -o conftest -g -O2   -static conftest.c  >&5
configure:5375: $? = 0
configure:5379: test -z 
			 || test ! -s conftest.err
configure:5382: $? = 0
configure:5385: test -s conftest
configure:5388: $? = 0
configure:5405: result: yes
configure:5417: checking if gcc supports -c -o file.o
configure:5440: gcc -c -g -O2 -o out/conftest2.o  conftest.c >&5
configure:5461: result: yes
configure:5466: checking if gcc supports -c -o file.lo
configure:5493: gcc -c -g -O2 -c -o conftest.lo  conftest.c >&5
configure:5499: $? = 0
configure:5503: test -z 
			 || test ! -s conftest.err
configure:5506: $? = 0
configure:5509: test -s conftest.lo
configure:5512: $? = 0
configure:5534: result: yes
configure:5565: checking if gcc supports -fno-rtti -fno-exceptions
configure:5587: gcc -c -g -O2 -fno-rtti -fno-exceptions -c conftest.c  conftest.c >&5
cc1: warning: "-fno-rtti" is valid for C++ but not for C/ObjC
cc1: warning: "-fno-rtti" is valid for C++ but not for C/ObjC
configure:5593: $? = 0
configure:5597: test -z 
			 || test ! -s conftest.err
configure:5600: $? = 0
configure:5603: test -s conftest.o
configure:5606: $? = 0
configure:5623: result: no
configure:5634: checking whether the linker (/usr/i586-pc-linux-gnu/bin/ld) supports shared libraries
configure:6329: result: yes
configure:6334: checking how to hardcode library paths into programs
configure:6358: result: immediate
configure:6363: checking whether stripping libraries is possible
configure:6368: result: yes
configure:6379: checking dynamic linker characteristics
configure:6786: result: GNU/Linux ld.so
configure:6791: checking if libtool supports shared libraries
configure:6793: result: yes
configure:6796: checking whether to build shared libraries
configure:6817: result: yes
configure:6820: checking whether to build static libraries
configure:6824: result: yes
configure:7574: checking whether -lc should be explicitly linked in
configure:7582: gcc -c -g -O2  conftest.c >&5
configure:7585: $? = 0
configure:7599: gcc -shared conftest.o  -v -Wl,-soname -Wl,conftest -o conftest 2\>\&1 \| grep  -lc  \>/dev/null 2\>\&1
configure:7602: $? = 0
configure:7615: result: no
configure:8190: checking for ANSI C header files
configure:8343: result: yes
configure:8358: checking for unistd.h
configure:8363: result: yes
configure:8504: checking for an ANSI C-conforming const
configure:8571: gcc -c -g -O2  conftest.c >&5
configure:8577: $? = 0
configure:8581: test -z 
			 || test ! -s conftest.err
configure:8584: $? = 0
configure:8587: test -s conftest.o
configure:8590: $? = 0
configure:8601: result: yes
configure:8611: checking for size_t
configure:8635: gcc -c -g -O2  conftest.c >&5
configure:8641: $? = 0
configure:8645: test -z 
			 || test ! -s conftest.err
configure:8648: $? = 0
configure:8651: test -s conftest.o
configure:8654: $? = 0
configure:8665: result: yes
configure:8677: checking whether struct tm is in sys/time.h or time.h
configure:8700: gcc -c -g -O2  conftest.c >&5
configure:8706: $? = 0
configure:8710: test -z 
			 || test ! -s conftest.err
configure:8713: $? = 0
configure:8716: test -s conftest.o
configure:8719: $? = 0
configure:8730: result: time.h
configure:8745: checking for vprintf
configure:8802: gcc -o conftest -g -O2   conftest.c  >&5
conftest.c:48: warning: conflicting types for built-in function `vprintf'
configure:8808: $? = 0
configure:8812: test -z 
			 || test ! -s conftest.err
configure:8815: $? = 0
configure:8818: test -s conftest
configure:8821: $? = 0
configure:8833: result: yes
configure:8840: checking for _doprnt
configure:8897: gcc -o conftest -g -O2   conftest.c  >&5
/tmp/ccY4abgC.o(.text+0xe): In function `main':
/home/mfvl/src/lib/conftest.c:65: undefined reference to `_doprnt'
/tmp/ccY4abgC.o(.data+0x0):/home/mfvl/src/lib/conftest.c:64: undefined reference to `_doprnt'
collect2: ld returned 1 exit status
configure:8903: $? = 1
configure: failed program was:
| /* confdefs.h.  */
| 
| #define PACKAGE_NAME ""
| #define PACKAGE_TARNAME ""
| #define PACKAGE_VERSION ""
| #define PACKAGE_STRING ""
| #define PACKAGE_BUGREPORT ""
| #define PACKAGE "libmfl"
| #define VERSION "2.0.1"
| #define STDC_HEADERS 1
| #define HAVE_SYS_TYPES_H 1
| #define HAVE_SYS_STAT_H 1
| #define HAVE_STDLIB_H 1
| #define HAVE_STRING_H 1
| #define HAVE_MEMORY_H 1
| #define HAVE_STRINGS_H 1
| #define HAVE_INTTYPES_H 1
| #define HAVE_STDINT_H 1
| #define HAVE_UNISTD_H 1
| #define HAVE_DLFCN_H 1
| #define STDC_HEADERS 1
| #define HAVE_UNISTD_H 1
| #define HAVE_VPRINTF 1
| /* end confdefs.h.  */
| /* Define _doprnt to an innocuous variant, in case <limits.h> declares _doprnt.
|    For example, HP-UX 11i <limits.h> declares gettimeofday.  */
| #define _doprnt innocuous__doprnt
| 
| /* System header to define __stub macros and hopefully few prototypes,
|     which can conflict with char _doprnt (); below.
|     Prefer <limits.h> to <assert.h> if __STDC__ is defined, since
|     <limits.h> exists even on freestanding compilers.  */
| 
| #ifdef __STDC__
| # include <limits.h>
| #else
| # include <assert.h>
| #endif
| 
| #undef _doprnt
| 
| /* Override any gcc2 internal prototype to avoid an error.  */
| #ifdef __cplusplus
| extern "C"
| {
| #endif
| /* We use char because int might match the return type of a gcc2
|    builtin and then its argument prototype would still apply.  */
| char _doprnt ();
| /* The GNU C library defines this for functions which it implements
|     to always fail with ENOSYS.  Some functions are actually named
|     something starting with __ and the normal name is an alias.  */
| #if defined (__stub__doprnt) || defined (__stub____doprnt)
| choke me
| #else
| char (*f) () = _doprnt;
| #endif
| #ifdef __cplusplus
| }
| #endif
| 
| int
| main ()
| {
| return f != _doprnt;
|   ;
|   return 0;
| }
configure:8928: result: no
configure:8953: checking for stricmp
configure:9010: gcc -o conftest -g -O2   conftest.c  >&5
/tmp/ccYKTCLI.o(.text+0xe): In function `main':
/home/mfvl/src/lib/conftest.c:65: undefined reference to `stricmp'
/tmp/ccYKTCLI.o(.data+0x0):/home/mfvl/src/lib/conftest.c:64: undefined reference to `stricmp'
collect2: ld returned 1 exit status
configure:9016: $? = 1
configure: failed program was:
| /* confdefs.h.  */
| 
| #define PACKAGE_NAME ""
| #define PACKAGE_TARNAME ""
| #define PACKAGE_VERSION ""
| #define PACKAGE_STRING ""
| #define PACKAGE_BUGREPORT ""
| #define PACKAGE "libmfl"
| #define VERSION "2.0.1"
| #define STDC_HEADERS 1
| #define HAVE_SYS_TYPES_H 1
| #define HAVE_SYS_STAT_H 1
| #define HAVE_STDLIB_H 1
| #define HAVE_STRING_H 1
| #define HAVE_MEMORY_H 1
| #define HAVE_STRINGS_H 1
| #define HAVE_INTTYPES_H 1
| #define HAVE_STDINT_H 1
| #define HAVE_UNISTD_H 1
| #define HAVE_DLFCN_H 1
| #define STDC_HEADERS 1
| #define HAVE_UNISTD_H 1
| #define HAVE_VPRINTF 1
| /* end confdefs.h.  */
| /* Define stricmp to an innocuous variant, in case <limits.h> declares stricmp.
|    For example, HP-UX 11i <limits.h> declares gettimeofday.  */
| #define stricmp innocuous_stricmp
| 
| /* System header to define __stub macros and hopefully few prototypes,
|     which can conflict with char stricmp (); below.
|     Prefer <limits.h> to <assert.h> if __STDC__ is defined, since
|     <limits.h> exists even on freestanding compilers.  */
| 
| #ifdef __STDC__
| # include <limits.h>
| #else
| # include <assert.h>
| #endif
| 
| #undef stricmp
| 
| /* Override any gcc2 internal prototype to avoid an error.  */
| #ifdef __cplusplus
| extern "C"
| {
| #endif
| /* We use char because int might match the return type of a gcc2
|    builtin and then its argument prototype would still apply.  */
| char stricmp ();
| /* The GNU C library defines this for functions which it implements
|     to always fail with ENOSYS.  Some functions are actually named
|     something starting with __ and the normal name is an alias.  */
| #if defined (__stub_stricmp) || defined (__stub___stricmp)
| choke me
| #else
| char (*f) () = stricmp;
| #endif
| #ifdef __cplusplus
| }
| #endif
| 
| int
| main ()
| {
| return f != stricmp;
|   ;
|   return 0;
| }
configure:9041: result: no
configure:8953: checking for gethostname
configure:9010: gcc -o conftest -g -O2   conftest.c  >&5
configure:9016: $? = 0
configure:9020: test -z 
			 || test ! -s conftest.err
configure:9023: $? = 0
configure:9026: test -s conftest
configure:9029: $? = 0
configure:9041: result: yes
configure:8953: checking for socket
configure:9010: gcc -o conftest -g -O2   conftest.c  >&5
configure:9016: $? = 0
configure:9020: test -z 
			 || test ! -s conftest.err
configure:9023: $? = 0
configure:9026: test -s conftest
configure:9029: $? = 0
configure:9041: result: yes
configure:8953: checking for strdup
configure:9010: gcc -o conftest -g -O2   conftest.c  >&5
configure:9016: $? = 0
configure:9020: test -z 
			 || test ! -s conftest.err
configure:9023: $? = 0
configure:9026: test -s conftest
configure:9029: $? = 0
configure:9041: result: yes
configure:8953: checking for strstr
configure:9010: gcc -o conftest -g -O2   conftest.c  >&5
conftest.c:52: warning: conflicting types for built-in function `strstr'
configure:9016: $? = 0
configure:9020: test -z 
			 || test ! -s conftest.err
configure:9023: $? = 0
configure:9026: test -s conftest
configure:9029: $? = 0
configure:9041: result: yes
configure:8953: checking for inet_addr
configure:9010: gcc -o conftest -g -O2   conftest.c  >&5
configure:9016: $? = 0
configure:9020: test -z 
			 || test ! -s conftest.err
configure:9023: $? = 0
configure:9026: test -s conftest
configure:9029: $? = 0
configure:9041: result: yes
configure:8953: checking for inet_aton
configure:9010: gcc -o conftest -g -O2   conftest.c  >&5
configure:9016: $? = 0
configure:9020: test -z 
			 || test ! -s conftest.err
configure:9023: $? = 0
configure:9026: test -s conftest
configure:9029: $? = 0
configure:9041: result: yes
configure:8953: checking for inet_ntoa
configure:9010: gcc -o conftest -g -O2   conftest.c  >&5
configure:9016: $? = 0
configure:9020: test -z 
			 || test ! -s conftest.err
configure:9023: $? = 0
configure:9026: test -s conftest
configure:9029: $? = 0
configure:9041: result: yes
configure:9162: creating ./config.status

## ---------------------- ##
## Running config.status. ##
## ---------------------- ##

This file was extended by config.status, which was
generated by GNU Autoconf 2.59.  Invocation command line was

  CONFIG_FILES    = 
  CONFIG_HEADERS  = 
  CONFIG_LINKS    = 
  CONFIG_COMMANDS = 
  $ ./config.status 

on van-loon

config.status:700: creating Makefile
config.status:804: creating config.h
config.status:932: config.h is unchanged
config.status:1112: executing depfiles commands

## ---------------- ##
## Cache variables. ##
## ---------------- ##

ac_cv_build=i586-pc-linux-gnu
ac_cv_build_alias=i586-pc-linux-gnu
ac_cv_c_compiler_gnu=yes
ac_cv_c_const=yes
ac_cv_env_CC_set=
ac_cv_env_CC_value=
ac_cv_env_CFLAGS_set=
ac_cv_env_CFLAGS_value=
ac_cv_env_CPPFLAGS_set=
ac_cv_env_CPPFLAGS_value=
ac_cv_env_CPP_set=
ac_cv_env_CPP_value=
ac_cv_env_LDFLAGS_set=
ac_cv_env_LDFLAGS_value=
ac_cv_env_build_alias_set=
ac_cv_env_build_alias_value=
ac_cv_env_host_alias_set=
ac_cv_env_host_alias_value=
ac_cv_env_target_alias_set=
ac_cv_env_target_alias_value=
ac_cv_exeext=
ac_cv_func__doprnt=no
ac_cv_func_gethostname=yes
ac_cv_func_inet_addr=yes
ac_cv_func_inet_aton=yes
ac_cv_func_inet_ntoa=yes
ac_cv_func_socket=yes
ac_cv_func_strdup=yes
ac_cv_func_stricmp=no
ac_cv_func_strstr=yes
ac_cv_func_vprintf=yes
ac_cv_header_dlfcn_h=yes
ac_cv_header_inttypes_h=yes
ac_cv_header_memory_h=yes
ac_cv_header_stdc=yes
ac_cv_header_stdint_h=yes
ac_cv_header_stdlib_h=yes
ac_cv_header_string_h=yes
ac_cv_header_strings_h=yes
ac_cv_header_sys_stat_h=yes
ac_cv_header_sys_types_h=yes
ac_cv_header_unistd_h=yes
ac_cv_host=i586-pc-linux-gnu
ac_cv_host_alias=i586-pc-linux-gnu
ac_cv_objext=o
ac_cv_path_install='/usr/bin/ginstall -c'
ac_cv_prog_AWK=gawk
ac_cv_prog_CPP='gcc -E'
ac_cv_prog_ac_ct_CC=gcc
ac_cv_prog_ac_ct_RANLIB=ranlib
ac_cv_prog_ac_ct_STRIP=strip
ac_cv_prog_cc_g=yes
ac_cv_prog_cc_stdc=
ac_cv_prog_egrep='grep -E'
ac_cv_prog_make_make_set=yes
ac_cv_struct_tm=time.h
ac_cv_type_size_t=yes
am_cv_CC_dependencies_compiler_type=gcc3
lt_cv_archive_cmds_need_lc=no
lt_cv_compiler_c_o=yes
lt_cv_compiler_o_lo=yes
lt_cv_deplibs_check_method=pass_all
lt_cv_file_magic_cmd='$MAGIC_CMD'
lt_cv_file_magic_test_file='/lib/libc.so /lib/libc.so.6 /lib/libc-2.3.2.so'
lt_cv_global_symbol_to_c_name_address='sed -n -e '\''s/^: \([^ ]*\) $/  {\"\1\", (lt_ptr) 0},/p'\'' -e '\''s/^[BCDEGRST] \([^ ]*\) \([^ ]*\)$/  {"\2", (lt_ptr) \&\2},/p'\'''
lt_cv_global_symbol_to_cdecl='sed -n -e '\''s/^. .* \(.*\)$/extern char \1;/p'\'''
lt_cv_ld_reload_flag=-r
lt_cv_path_LD=/usr/i586-pc-linux-gnu/bin/ld
lt_cv_path_NM='/usr/bin/nm -B'
lt_cv_path_SED=/usr/bin/sed
lt_cv_prog_cc_can_build_shared=yes
lt_cv_prog_cc_no_builtin=
lt_cv_prog_cc_pic=' -fPIC'
lt_cv_prog_cc_pic_works=yes
lt_cv_prog_cc_shlib=
lt_cv_prog_cc_static=-static
lt_cv_prog_cc_static_works=yes
lt_cv_prog_cc_wl=-Wl,
lt_cv_prog_gnu_ld=yes
lt_cv_sys_global_symbol_pipe='sed -n -e '\''s/^.*[ 	]\([ABCDGISTW][ABCDGISTW]*\)[ 	][ 	]*\(\)\([_A-Za-z][_A-Za-z0-9]*\)$/\1 \2\3 \3/p'\'''

## ----------------- ##
## Output variables. ##
## ----------------- ##

ACLOCAL='${SHELL} /home/mfvl/src/lib/missing --run aclocal-1.8'
AMDEPBACKSLASH='\'
AMDEP_FALSE='#'
AMDEP_TRUE=''
AMTAR='${SHELL} /home/mfvl/src/lib/missing --run tar'
AUTOCONF='${SHELL} /home/mfvl/src/lib/missing --run autoconf'
AUTOHEADER='${SHELL} /home/mfvl/src/lib/missing --run autoheader'
AUTOMAKE='${SHELL} /home/mfvl/src/lib/missing --run automake-1.8'
AWK='gawk'
CC='gcc'
CCDEPMODE='depmode=gcc3'
CFLAGS='-g -O2'
CPP='gcc -E'
CPPFLAGS=''
CYGPATH_W='echo'
DEFS='-DHAVE_CONFIG_H'
DEPDIR='.deps'
ECHO='echo'
ECHO_C=''
ECHO_N='-n'
ECHO_T=''
EGREP='grep -E'
EXEEXT=''
INSTALL_DATA='${INSTALL} -m 644'
INSTALL_PROGRAM='${INSTALL}'
INSTALL_SCRIPT='${INSTALL}'
INSTALL_STRIP_PROGRAM='${SHELL} $(install_sh) -c -s'
LDFLAGS=''
LIBOBJS=''
LIBS=''
LIBTOOL='$(SHELL) $(top_builddir)/libtool'
LN_S='ln -s'
LTLIBOBJS=''
MAKEINFO='${SHELL} /home/mfvl/src/lib/missing --run makeinfo'
OBJEXT='o'
PACKAGE='libmfl'
PACKAGE_BUGREPORT=''
PACKAGE_NAME=''
PACKAGE_STRING=''
PACKAGE_TARNAME=''
PACKAGE_VERSION=''
PATH_SEPARATOR=':'
RANLIB='ranlib'
SET_MAKE=''
SHELL='/bin/bash'
STRIP='strip'
VERSION='2.0.1'
ac_ct_CC='gcc'
ac_ct_RANLIB='ranlib'
ac_ct_STRIP='strip'
am__fastdepCC_FALSE='#'
am__fastdepCC_TRUE=''
am__include='include'
am__leading_dot='.'
am__quote=''
bindir='${exec_prefix}/bin'
build='i586-pc-linux-gnu'
build_alias=''
build_cpu='i586'
build_os='linux-gnu'
build_vendor='pc'
datadir='${prefix}/share'
exec_prefix='${prefix}'
host='i586-pc-linux-gnu'
host_alias=''
host_cpu='i586'
host_os='linux-gnu'
host_vendor='pc'
includedir='${prefix}/include'
infodir='${prefix}/info'
install_sh='/home/mfvl/src/lib/install-sh'
libdir='${exec_prefix}/lib'
libexecdir='${exec_prefix}/libexec'
localstatedir='${prefix}/var'
mandir='${prefix}/man'
mkdir_p='mkdir -p -- .'
oldincludedir='/usr/include'
prefix='/usr/local'
program_transform_name='s,x,x,'
sbindir='${exec_prefix}/sbin'
sharedstatedir='${prefix}/com'
sysconfdir='${prefix}/etc'
target_alias=''

## ----------- ##
## confdefs.h. ##
## ----------- ##

#define HAVE_DLFCN_H 1
#define HAVE_GETHOSTNAME 1
#define HAVE_INET_ADDR 1
#define HAVE_INET_ATON 1
#define HAVE_INET_NTOA 1
#define HAVE_INTTYPES_H 1
#define HAVE_MEMORY_H 1
#define HAVE_SOCKET 1
#define HAVE_STDINT_H 1
#define HAVE_STDLIB_H 1
#define HAVE_STRDUP 1
#define HAVE_STRINGS_H 1
#define HAVE_STRING_H 1
#define HAVE_STRSTR 1
#define HAVE_SYS_STAT_H 1
#define HAVE_SYS_TYPES_H 1
#define HAVE_UNISTD_H 1
#define HAVE_UNISTD_H 1
#define HAVE_VPRINTF 1
#define PACKAGE "libmfl"
#define PACKAGE_BUGREPORT ""
#define PACKAGE_NAME ""
#define PACKAGE_STRING ""
#define PACKAGE_TARNAME ""
#define PACKAGE_VERSION ""
#define STDC_HEADERS 1
#define STDC_HEADERS 1
#define VERSION "2.0.1"

configure: exit 0
