This file contains any messages produced by compilers while
running configure, to aid debugging if configure makes a mistake.

It was created by configure, which was
generated by GNU Autoconf 2.63.  Invocation command line was

  $ ../configure --host=i386-mingw32

## --------- ##
## Platform. ##
## --------- ##

hostname = van-loon
uname -m = i686
uname -r = 2.6.34
uname -s = Linux
uname -v = #7 Thu May 20 10:08:43 CEST 2010

/usr/bin/uname -p = Pentium III (Coppermine)
/bin/uname -X     = unknown

/bin/arch              = i686
/usr/bin/arch -k       = unknown
/usr/convex/getsysinfo = unknown
/usr/bin/hostinfo      = unknown
/bin/machine           = unknown
/usr/bin/oslevel       = unknown
/bin/universe          = unknown

PATH: .
PATH: /home/mfvl/bin
PATH: /usr/local/bin
PATH: /usr/bin
PATH: /bin
PATH: /usr/X11R6/bin
PATH: /usr/openwin/bin
PATH: /usr/bin
PATH: /bin
PATH: /usr/sbin
PATH: /sbin
PATH: /usr/local/ssl/bin
PATH: /opt/openoffice.org3/program
PATH: /usr/lib/apache-ant/bin
PATH: /opt/www/htdig/bin
PATH: /usr/lib/java/bin
PATH: /usr/lib/java/jre/bin
PATH: /usr/lib/java/bin
PATH: /usr/lib/kde4/libexec
PATH: /usr/local/pgsql/bin
PATH: /usr/lib/qt/bin
PATH: /usr/local/samba/bin
PATH: /usr/share/texmf/bin
PATH: /usr/local/src/util/docbook-xsl-1.74.0/tools/bin
PATH: /opt/mingw32/bin


## ----------- ##
## Core tests. ##
## ----------- ##

configure:1875: checking for a BSD-compatible install
configure:1943: result: /usr/bin/ginstall -c
configure:1954: checking whether build environment is sane
configure:1997: result: yes
configure:2022: checking for a thread-safe mkdir -p
configure:2061: result: /usr/bin/mkdir -p
configure:2074: checking for gawk
configure:2090: found /usr/bin/gawk
configure:2101: result: gawk
configure:2112: checking whether make sets $(MAKE)
configure:2134: result: yes
configure:2214: checking for i386-mingw32-strip
configure:2230: found /opt/mingw32/bin/i386-mingw32-strip
configure:2241: result: i386-mingw32-strip
configure:2335: checking for i386-mingw32-gcc
configure:2351: found /opt/mingw32/bin/i386-mingw32-gcc
configure:2362: result: i386-mingw32-gcc
configure:2634: checking for C compiler version
configure:2642: i386-mingw32-gcc --version >&5
i386-mingw32-gcc (GCC) 3.4.5 (mingw-vista special r2)
Copyright (C) 2004 Free Software Foundation, Inc.
This is free software; see the source for copying conditions.  There is NO
warranty; not even for MERCHANTABILITY or FITNESS FOR A PARTICULAR PURPOSE.

configure:2646: $? = 0
configure:2653: i386-mingw32-gcc -v >&5
Reading specs from /opt/mingw32/lib/gcc/i386-mingw32/3.4.5/specs
Configured with: ../gcc-3.4.5-20060117-2/configure --prefix=/opt/mingw32 --target=i386-mingw32 --with-gcc --with-gnu-as --with-gnu-ld --disable-nls --disable-shared --disable-debug --enable-threads=win32 --disable-win32-registry --enable-libgcj --disable-libgcj-debug --disable-java-awt --enable-java-gc=boehm --enable-interpreter --enable-hash-synchronization --without-x --enable-sjlj-exceptions --with-sysroot=/opt/mingw32 --enable-languages=c,c++,f77,java,objc
Thread model: win32
gcc version 3.4.5 (mingw-vista special r2)
configure:2657: $? = 0
configure:2664: i386-mingw32-gcc -V >&5
i386-mingw32-gcc: `-V' option must have argument
configure:2668: $? = 1
configure:2691: checking for C compiler default output file name
configure:2713: i386-mingw32-gcc  -L/opt/mingw32/include -L/opt/mingw32/lib conftest.c -lwsock32 -lws2_32 >&5
configure:2717: $? = 0
configure:2755: result: a.exe
configure:2774: checking whether the C compiler works
configure:2784: ./a.exe
../configure: line 2786: ./a.exe: cannot execute binary file
configure:2788: $? = 126
configure:2807: result: yes
configure:2814: checking whether we are cross compiling
configure:2816: result: yes
configure:2819: checking for suffix of executables
configure:2826: i386-mingw32-gcc -o conftest.exe  -L/opt/mingw32/include -L/opt/mingw32/lib conftest.c -lwsock32 -lws2_32 >&5
configure:2830: $? = 0
configure:2856: result: .exe
configure:2862: checking for suffix of object files
configure:2888: i386-mingw32-gcc -c  -L/opt/mingw32/include conftest.c >&5
configure:2892: $? = 0
configure:2917: result: o
configure:2921: checking whether we are using the GNU C compiler
configure:2950: i386-mingw32-gcc -c  -L/opt/mingw32/include conftest.c >&5
configure:2957: $? = 0
configure:2974: result: yes
configure:2983: checking whether i386-mingw32-gcc accepts -g
configure:3013: i386-mingw32-gcc -c -g -L/opt/mingw32/include conftest.c >&5
configure:3020: $? = 0
configure:3121: result: yes
configure:3138: checking for i386-mingw32-gcc option to accept ISO C89
configure:3212: i386-mingw32-gcc  -c -g -O2 -L/opt/mingw32/include conftest.c >&5
configure:3219: $? = 0
configure:3242: result: none needed
configure:3271: checking for style of include used by make
configure:3299: result: GNU
configure:3324: checking dependency style of i386-mingw32-gcc
configure:3415: result: gcc3
configure:3444: checking for i386-mingw32-g++
configure:3460: found /opt/mingw32/bin/i386-mingw32-g++
configure:3471: result: i386-mingw32-g++
configure:3542: checking for C++ compiler version
configure:3550: i386-mingw32-g++ --version >&5
i386-mingw32-g++ (GCC) 3.4.5 (mingw-vista special r2)
Copyright (C) 2004 Free Software Foundation, Inc.
This is free software; see the source for copying conditions.  There is NO
warranty; not even for MERCHANTABILITY or FITNESS FOR A PARTICULAR PURPOSE.

configure:3554: $? = 0
configure:3561: i386-mingw32-g++ -v >&5
Reading specs from /opt/mingw32/lib/gcc/i386-mingw32/3.4.5/specs
Configured with: ../gcc-3.4.5-20060117-2/configure --prefix=/opt/mingw32 --target=i386-mingw32 --with-gcc --with-gnu-as --with-gnu-ld --disable-nls --disable-shared --disable-debug --enable-threads=win32 --disable-win32-registry --enable-libgcj --disable-libgcj-debug --disable-java-awt --enable-java-gc=boehm --enable-interpreter --enable-hash-synchronization --without-x --enable-sjlj-exceptions --with-sysroot=/opt/mingw32 --enable-languages=c,c++,f77,java,objc
Thread model: win32
gcc version 3.4.5 (mingw-vista special r2)
configure:3565: $? = 0
configure:3572: i386-mingw32-g++ -V >&5
i386-mingw32-g++: `-V' option must have argument
configure:3576: $? = 1
configure:3579: checking whether we are using the GNU C++ compiler
configure:3608: i386-mingw32-g++ -c  -L/opt/mingw32/include conftest.cpp >&5
configure:3615: $? = 0
configure:3632: result: yes
configure:3641: checking whether i386-mingw32-g++ accepts -g
configure:3671: i386-mingw32-g++ -c -g -L/opt/mingw32/include conftest.cpp >&5
configure:3678: $? = 0
configure:3779: result: yes
configure:3804: checking dependency style of i386-mingw32-g++
configure:3895: result: gcc3
configure:3915: checking how to run the C preprocessor
configure:3955: i386-mingw32-gcc -E -L/opt/mingw32/include conftest.c
configure:3962: $? = 0
configure:3993: i386-mingw32-gcc -E -L/opt/mingw32/include conftest.c
conftest.c:10:28: ac_nonexistent.h: No such file or directory
configure:4000: $? = 1
configure: failed program was:
| /* confdefs.h.  */
| #define PACKAGE_NAME ""
| #define PACKAGE_TARNAME ""
| #define PACKAGE_VERSION ""
| #define PACKAGE_STRING ""
| #define PACKAGE_BUGREPORT ""
| #define PACKAGE "ttx"
| #define VERSION "2.4.8pre"
| /* end confdefs.h.  */
| #include <ac_nonexistent.h>
configure:4033: result: i386-mingw32-gcc -E
configure:4062: i386-mingw32-gcc -E -L/opt/mingw32/include conftest.c
configure:4069: $? = 0
configure:4100: i386-mingw32-gcc -E -L/opt/mingw32/include conftest.c
conftest.c:10:28: ac_nonexistent.h: No such file or directory
configure:4107: $? = 1
configure: failed program was:
| /* confdefs.h.  */
| #define PACKAGE_NAME ""
| #define PACKAGE_TARNAME ""
| #define PACKAGE_VERSION ""
| #define PACKAGE_STRING ""
| #define PACKAGE_BUGREPORT ""
| #define PACKAGE "ttx"
| #define VERSION "2.4.8pre"
| /* end confdefs.h.  */
| #include <ac_nonexistent.h>
configure:4151: checking how to run the C++ preprocessor
configure:4187: i386-mingw32-g++ -E -L/opt/mingw32/include conftest.cpp
configure:4194: $? = 0
configure:4225: i386-mingw32-g++ -E -L/opt/mingw32/include conftest.cpp
conftest.cpp:10:28: ac_nonexistent.h: No such file or directory
configure:4232: $? = 1
configure: failed program was:
| /* confdefs.h.  */
| #define PACKAGE_NAME ""
| #define PACKAGE_TARNAME ""
| #define PACKAGE_VERSION ""
| #define PACKAGE_STRING ""
| #define PACKAGE_BUGREPORT ""
| #define PACKAGE "ttx"
| #define VERSION "2.4.8pre"
| /* end confdefs.h.  */
| #include <ac_nonexistent.h>
configure:4265: result: i386-mingw32-g++ -E
configure:4294: i386-mingw32-g++ -E -L/opt/mingw32/include conftest.cpp
configure:4301: $? = 0
configure:4332: i386-mingw32-g++ -E -L/opt/mingw32/include conftest.cpp
conftest.cpp:10:28: ac_nonexistent.h: No such file or directory
configure:4339: $? = 1
configure: failed program was:
| /* confdefs.h.  */
| #define PACKAGE_NAME ""
| #define PACKAGE_TARNAME ""
| #define PACKAGE_VERSION ""
| #define PACKAGE_STRING ""
| #define PACKAGE_BUGREPORT ""
| #define PACKAGE "ttx"
| #define VERSION "2.4.8pre"
| /* end confdefs.h.  */
| #include <ac_nonexistent.h>
configure:4392: checking for a BSD-compatible install
configure:4460: result: /usr/bin/ginstall -c
configure:4471: checking whether ln -s works
configure:4475: result: yes
configure:4482: checking for function prototypes
configure:4485: result: yes
configure:4506: checking for grep that handles long lines and -e
configure:4566: result: /usr/bin/grep
configure:4571: checking for egrep
configure:4635: result: /usr/bin/grep -E
configure:4640: checking for ANSI C header files
configure:4670: i386-mingw32-g++ -c -g -O2 -L/opt/mingw32/include conftest.cpp >&5
configure:4677: $? = 0
configure:4808: result: yes
configure:4832: checking for sys/types.h
configure:4853: i386-mingw32-g++ -c -g -O2 -L/opt/mingw32/include conftest.cpp >&5
configure:4860: $? = 0
configure:4877: result: yes
configure:4832: checking for sys/stat.h
configure:4853: i386-mingw32-g++ -c -g -O2 -L/opt/mingw32/include conftest.cpp >&5
configure:4860: $? = 0
configure:4877: result: yes
configure:4832: checking for stdlib.h
configure:4853: i386-mingw32-g++ -c -g -O2 -L/opt/mingw32/include conftest.cpp >&5
configure:4860: $? = 0
configure:4877: result: yes
configure:4832: checking for string.h
configure:4853: i386-mingw32-g++ -c -g -O2 -L/opt/mingw32/include conftest.cpp >&5
configure:4860: $? = 0
configure:4877: result: yes
configure:4832: checking for memory.h
configure:4853: i386-mingw32-g++ -c -g -O2 -L/opt/mingw32/include conftest.cpp >&5
configure:4860: $? = 0
configure:4877: result: yes
configure:4832: checking for strings.h
configure:4853: i386-mingw32-g++ -c -g -O2 -L/opt/mingw32/include conftest.cpp >&5
configure:4860: $? = 0
configure:4877: result: yes
configure:4832: checking for inttypes.h
configure:4853: i386-mingw32-g++ -c -g -O2 -L/opt/mingw32/include conftest.cpp >&5
configure:4860: $? = 0
configure:4877: result: yes
configure:4832: checking for stdint.h
configure:4853: i386-mingw32-g++ -c -g -O2 -L/opt/mingw32/include conftest.cpp >&5
configure:4860: $? = 0
configure:4877: result: yes
configure:4832: checking for unistd.h
configure:4853: i386-mingw32-g++ -c -g -O2 -L/opt/mingw32/include conftest.cpp >&5
configure:4860: $? = 0
configure:4877: result: yes
configure:4921: checking stdio.h usability
configure:4938: i386-mingw32-g++ -c -g -O2 -L/opt/mingw32/include conftest.cpp >&5
configure:4945: $? = 0
configure:4959: result: yes
configure:4963: checking stdio.h presence
configure:4978: i386-mingw32-g++ -E -L/opt/mingw32/include conftest.cpp
configure:4985: $? = 0
configure:4999: result: yes
configure:5027: checking for stdio.h
configure:5036: result: yes
configure:4910: checking for string.h
configure:4917: result: yes
configure:4921: checking stdarg.h usability
configure:4938: i386-mingw32-g++ -c -g -O2 -L/opt/mingw32/include conftest.cpp >&5
configure:4945: $? = 0
configure:4959: result: yes
configure:4963: checking stdarg.h presence
configure:4978: i386-mingw32-g++ -E -L/opt/mingw32/include conftest.cpp
configure:4985: $? = 0
configure:4999: result: yes
configure:5027: checking for stdarg.h
configure:5036: result: yes
configure:4910: checking for sys/types.h
configure:4917: result: yes
configure:4921: checking sys/socket.h usability
configure:4938: i386-mingw32-g++ -c -g -O2 -L/opt/mingw32/include conftest.cpp >&5
conftest.cpp:59:24: sys/socket.h: No such file or directory
configure:4945: $? = 1
configure: failed program was:
| /* confdefs.h.  */
| #define PACKAGE_NAME ""
| #define PACKAGE_TARNAME ""
| #define PACKAGE_VERSION ""
| #define PACKAGE_STRING ""
| #define PACKAGE_BUGREPORT ""
| #define PACKAGE "ttx"
| #define VERSION "2.4.8pre"
| #define PROTOTYPES 1
| #define __PROTOTYPES 1
| #define STDC_HEADERS 1
| #define HAVE_SYS_TYPES_H 1
| #define HAVE_SYS_STAT_H 1
| #define HAVE_STDLIB_H 1
| #define HAVE_STRING_H 1
| #define HAVE_MEMORY_H 1
| #define HAVE_STRINGS_H 1
| #define HAVE_INTTYPES_H 1
| #define HAVE_STDINT_H 1
| #define HAVE_UNISTD_H 1
| #define HAVE_STDIO_H 1
| #define HAVE_STRING_H 1
| #define HAVE_STDARG_H 1
| #define HAVE_SYS_TYPES_H 1
| /* end confdefs.h.  */
| #include <stdio.h>
| #ifdef HAVE_SYS_TYPES_H
| # include <sys/types.h>
| #endif
| #ifdef HAVE_SYS_STAT_H
| # include <sys/stat.h>
| #endif
| #ifdef STDC_HEADERS
| # include <stdlib.h>
| # include <stddef.h>
| #else
| # ifdef HAVE_STDLIB_H
| #  include <stdlib.h>
| # endif
| #endif
| #ifdef HAVE_STRING_H
| # if !defined STDC_HEADERS && defined HAVE_MEMORY_H
| #  include <memory.h>
| # endif
| # include <string.h>
| #endif
| #ifdef HAVE_STRINGS_H
| # include <strings.h>
| #endif
| #ifdef HAVE_INTTYPES_H
| # include <inttypes.h>
| #endif
| #ifdef HAVE_STDINT_H
| # include <stdint.h>
| #endif
| #ifdef HAVE_UNISTD_H
| # include <unistd.h>
| #endif
| #include <sys/socket.h>
configure:4959: result: no
configure:4963: checking sys/socket.h presence
configure:4978: i386-mingw32-g++ -E -L/opt/mingw32/include conftest.cpp
conftest.cpp:26:24: sys/socket.h: No such file or directory
configure:4985: $? = 1
configure: failed program was:
| /* confdefs.h.  */
| #define PACKAGE_NAME ""
| #define PACKAGE_TARNAME ""
| #define PACKAGE_VERSION ""
| #define PACKAGE_STRING ""
| #define PACKAGE_BUGREPORT ""
| #define PACKAGE "ttx"
| #define VERSION "2.4.8pre"
| #define PROTOTYPES 1
| #define __PROTOTYPES 1
| #define STDC_HEADERS 1
| #define HAVE_SYS_TYPES_H 1
| #define HAVE_SYS_STAT_H 1
| #define HAVE_STDLIB_H 1
| #define HAVE_STRING_H 1
| #define HAVE_MEMORY_H 1
| #define HAVE_STRINGS_H 1
| #define HAVE_INTTYPES_H 1
| #define HAVE_STDINT_H 1
| #define HAVE_UNISTD_H 1
| #define HAVE_STDIO_H 1
| #define HAVE_STRING_H 1
| #define HAVE_STDARG_H 1
| #define HAVE_SYS_TYPES_H 1
| /* end confdefs.h.  */
| #include <sys/socket.h>
configure:4999: result: no
configure:5027: checking for sys/socket.h
configure:5036: result: no
configure:4921: checking netdb.h usability
configure:4938: i386-mingw32-g++ -c -g -O2 -L/opt/mingw32/include conftest.cpp >&5
conftest.cpp:59:19: netdb.h: No such file or directory
configure:4945: $? = 1
configure: failed program was:
| /* confdefs.h.  */
| #define PACKAGE_NAME ""
| #define PACKAGE_TARNAME ""
| #define PACKAGE_VERSION ""
| #define PACKAGE_STRING ""
| #define PACKAGE_BUGREPORT ""
| #define PACKAGE "ttx"
| #define VERSION "2.4.8pre"
| #define PROTOTYPES 1
| #define __PROTOTYPES 1
| #define STDC_HEADERS 1
| #define HAVE_SYS_TYPES_H 1
| #define HAVE_SYS_STAT_H 1
| #define HAVE_STDLIB_H 1
| #define HAVE_STRING_H 1
| #define HAVE_MEMORY_H 1
| #define HAVE_STRINGS_H 1
| #define HAVE_INTTYPES_H 1
| #define HAVE_STDINT_H 1
| #define HAVE_UNISTD_H 1
| #define HAVE_STDIO_H 1
| #define HAVE_STRING_H 1
| #define HAVE_STDARG_H 1
| #define HAVE_SYS_TYPES_H 1
| /* end confdefs.h.  */
| #include <stdio.h>
| #ifdef HAVE_SYS_TYPES_H
| # include <sys/types.h>
| #endif
| #ifdef HAVE_SYS_STAT_H
| # include <sys/stat.h>
| #endif
| #ifdef STDC_HEADERS
| # include <stdlib.h>
| # include <stddef.h>
| #else
| # ifdef HAVE_STDLIB_H
| #  include <stdlib.h>
| # endif
| #endif
| #ifdef HAVE_STRING_H
| # if !defined STDC_HEADERS && defined HAVE_MEMORY_H
| #  include <memory.h>
| # endif
| # include <string.h>
| #endif
| #ifdef HAVE_STRINGS_H
| # include <strings.h>
| #endif
| #ifdef HAVE_INTTYPES_H
| # include <inttypes.h>
| #endif
| #ifdef HAVE_STDINT_H
| # include <stdint.h>
| #endif
| #ifdef HAVE_UNISTD_H
| # include <unistd.h>
| #endif
| #include <netdb.h>
configure:4959: result: no
configure:4963: checking netdb.h presence
configure:4978: i386-mingw32-g++ -E -L/opt/mingw32/include conftest.cpp
conftest.cpp:26:19: netdb.h: No such file or directory
configure:4985: $? = 1
configure: failed program was:
| /* confdefs.h.  */
| #define PACKAGE_NAME ""
| #define PACKAGE_TARNAME ""
| #define PACKAGE_VERSION ""
| #define PACKAGE_STRING ""
| #define PACKAGE_BUGREPORT ""
| #define PACKAGE "ttx"
| #define VERSION "2.4.8pre"
| #define PROTOTYPES 1
| #define __PROTOTYPES 1
| #define STDC_HEADERS 1
| #define HAVE_SYS_TYPES_H 1
| #define HAVE_SYS_STAT_H 1
| #define HAVE_STDLIB_H 1
| #define HAVE_STRING_H 1
| #define HAVE_MEMORY_H 1
| #define HAVE_STRINGS_H 1
| #define HAVE_INTTYPES_H 1
| #define HAVE_STDINT_H 1
| #define HAVE_UNISTD_H 1
| #define HAVE_STDIO_H 1
| #define HAVE_STRING_H 1
| #define HAVE_STDARG_H 1
| #define HAVE_SYS_TYPES_H 1
| /* end confdefs.h.  */
| #include <netdb.h>
configure:4999: result: no
configure:5027: checking for netdb.h
configure:5036: result: no
configure:4921: checking errno.h usability
configure:4938: i386-mingw32-g++ -c -g -O2 -L/opt/mingw32/include conftest.cpp >&5
configure:4945: $? = 0
configure:4959: result: yes
configure:4963: checking errno.h presence
configure:4978: i386-mingw32-g++ -E -L/opt/mingw32/include conftest.cpp
configure:4985: $? = 0
configure:4999: result: yes
configure:5027: checking for errno.h
configure:5036: result: yes
configure:4910: checking for unistd.h
configure:4917: result: yes
configure:4921: checking netinet/in.h usability
configure:4938: i386-mingw32-g++ -c -g -O2 -L/opt/mingw32/include conftest.cpp >&5
conftest.cpp:61:24: netinet/in.h: No such file or directory
configure:4945: $? = 1
configure: failed program was:
| /* confdefs.h.  */
| #define PACKAGE_NAME ""
| #define PACKAGE_TARNAME ""
| #define PACKAGE_VERSION ""
| #define PACKAGE_STRING ""
| #define PACKAGE_BUGREPORT ""
| #define PACKAGE "ttx"
| #define VERSION "2.4.8pre"
| #define PROTOTYPES 1
| #define __PROTOTYPES 1
| #define STDC_HEADERS 1
| #define HAVE_SYS_TYPES_H 1
| #define HAVE_SYS_STAT_H 1
| #define HAVE_STDLIB_H 1
| #define HAVE_STRING_H 1
| #define HAVE_MEMORY_H 1
| #define HAVE_STRINGS_H 1
| #define HAVE_INTTYPES_H 1
| #define HAVE_STDINT_H 1
| #define HAVE_UNISTD_H 1
| #define HAVE_STDIO_H 1
| #define HAVE_STRING_H 1
| #define HAVE_STDARG_H 1
| #define HAVE_SYS_TYPES_H 1
| #define HAVE_ERRNO_H 1
| #define HAVE_UNISTD_H 1
| /* end confdefs.h.  */
| #include <stdio.h>
| #ifdef HAVE_SYS_TYPES_H
| # include <sys/types.h>
| #endif
| #ifdef HAVE_SYS_STAT_H
| # include <sys/stat.h>
| #endif
| #ifdef STDC_HEADERS
| # include <stdlib.h>
| # include <stddef.h>
| #else
| # ifdef HAVE_STDLIB_H
| #  include <stdlib.h>
| # endif
| #endif
| #ifdef HAVE_STRING_H
| # if !defined STDC_HEADERS && defined HAVE_MEMORY_H
| #  include <memory.h>
| # endif
| # include <string.h>
| #endif
| #ifdef HAVE_STRINGS_H
| # include <strings.h>
| #endif
| #ifdef HAVE_INTTYPES_H
| # include <inttypes.h>
| #endif
| #ifdef HAVE_STDINT_H
| # include <stdint.h>
| #endif
| #ifdef HAVE_UNISTD_H
| # include <unistd.h>
| #endif
| #include <netinet/in.h>
configure:4959: result: no
configure:4963: checking netinet/in.h presence
configure:4978: i386-mingw32-g++ -E -L/opt/mingw32/include conftest.cpp
conftest.cpp:28:24: netinet/in.h: No such file or directory
configure:4985: $? = 1
configure: failed program was:
| /* confdefs.h.  */
| #define PACKAGE_NAME ""
| #define PACKAGE_TARNAME ""
| #define PACKAGE_VERSION ""
| #define PACKAGE_STRING ""
| #define PACKAGE_BUGREPORT ""
| #define PACKAGE "ttx"
| #define VERSION "2.4.8pre"
| #define PROTOTYPES 1
| #define __PROTOTYPES 1
| #define STDC_HEADERS 1
| #define HAVE_SYS_TYPES_H 1
| #define HAVE_SYS_STAT_H 1
| #define HAVE_STDLIB_H 1
| #define HAVE_STRING_H 1
| #define HAVE_MEMORY_H 1
| #define HAVE_STRINGS_H 1
| #define HAVE_INTTYPES_H 1
| #define HAVE_STDINT_H 1
| #define HAVE_UNISTD_H 1
| #define HAVE_STDIO_H 1
| #define HAVE_STRING_H 1
| #define HAVE_STDARG_H 1
| #define HAVE_SYS_TYPES_H 1
| #define HAVE_ERRNO_H 1
| #define HAVE_UNISTD_H 1
| /* end confdefs.h.  */
| #include <netinet/in.h>
configure:4999: result: no
configure:5027: checking for netinet/in.h
configure:5036: result: no
configure:4921: checking arpa/inet.h usability
configure:4938: i386-mingw32-g++ -c -g -O2 -L/opt/mingw32/include conftest.cpp >&5
conftest.cpp:61:23: arpa/inet.h: No such file or directory
configure:4945: $? = 1
configure: failed program was:
| /* confdefs.h.  */
| #define PACKAGE_NAME ""
| #define PACKAGE_TARNAME ""
| #define PACKAGE_VERSION ""
| #define PACKAGE_STRING ""
| #define PACKAGE_BUGREPORT ""
| #define PACKAGE "ttx"
| #define VERSION "2.4.8pre"
| #define PROTOTYPES 1
| #define __PROTOTYPES 1
| #define STDC_HEADERS 1
| #define HAVE_SYS_TYPES_H 1
| #define HAVE_SYS_STAT_H 1
| #define HAVE_STDLIB_H 1
| #define HAVE_STRING_H 1
| #define HAVE_MEMORY_H 1
| #define HAVE_STRINGS_H 1
| #define HAVE_INTTYPES_H 1
| #define HAVE_STDINT_H 1
| #define HAVE_UNISTD_H 1
| #define HAVE_STDIO_H 1
| #define HAVE_STRING_H 1
| #define HAVE_STDARG_H 1
| #define HAVE_SYS_TYPES_H 1
| #define HAVE_ERRNO_H 1
| #define HAVE_UNISTD_H 1
| /* end confdefs.h.  */
| #include <stdio.h>
| #ifdef HAVE_SYS_TYPES_H
| # include <sys/types.h>
| #endif
| #ifdef HAVE_SYS_STAT_H
| # include <sys/stat.h>
| #endif
| #ifdef STDC_HEADERS
| # include <stdlib.h>
| # include <stddef.h>
| #else
| # ifdef HAVE_STDLIB_H
| #  include <stdlib.h>
| # endif
| #endif
| #ifdef HAVE_STRING_H
| # if !defined STDC_HEADERS && defined HAVE_MEMORY_H
| #  include <memory.h>
| # endif
| # include <string.h>
| #endif
| #ifdef HAVE_STRINGS_H
| # include <strings.h>
| #endif
| #ifdef HAVE_INTTYPES_H
| # include <inttypes.h>
| #endif
| #ifdef HAVE_STDINT_H
| # include <stdint.h>
| #endif
| #ifdef HAVE_UNISTD_H
| # include <unistd.h>
| #endif
| #include <arpa/inet.h>
configure:4959: result: no
configure:4963: checking arpa/inet.h presence
configure:4978: i386-mingw32-g++ -E -L/opt/mingw32/include conftest.cpp
conftest.cpp:28:23: arpa/inet.h: No such file or directory
configure:4985: $? = 1
configure: failed program was:
| /* confdefs.h.  */
| #define PACKAGE_NAME ""
| #define PACKAGE_TARNAME ""
| #define PACKAGE_VERSION ""
| #define PACKAGE_STRING ""
| #define PACKAGE_BUGREPORT ""
| #define PACKAGE "ttx"
| #define VERSION "2.4.8pre"
| #define PROTOTYPES 1
| #define __PROTOTYPES 1
| #define STDC_HEADERS 1
| #define HAVE_SYS_TYPES_H 1
| #define HAVE_SYS_STAT_H 1
| #define HAVE_STDLIB_H 1
| #define HAVE_STRING_H 1
| #define HAVE_MEMORY_H 1
| #define HAVE_STRINGS_H 1
| #define HAVE_INTTYPES_H 1
| #define HAVE_STDINT_H 1
| #define HAVE_UNISTD_H 1
| #define HAVE_STDIO_H 1
| #define HAVE_STRING_H 1
| #define HAVE_STDARG_H 1
| #define HAVE_SYS_TYPES_H 1
| #define HAVE_ERRNO_H 1
| #define HAVE_UNISTD_H 1
| /* end confdefs.h.  */
| #include <arpa/inet.h>
configure:4999: result: no
configure:5027: checking for arpa/inet.h
configure:5036: result: no
configure:4910: checking for stdlib.h
configure:4917: result: yes
configure:4921: checking getopt.h usability
configure:4938: i386-mingw32-g++ -c -g -O2 -L/opt/mingw32/include conftest.cpp >&5
configure:4945: $? = 0
configure:4959: result: yes
configure:4963: checking getopt.h presence
configure:4978: i386-mingw32-g++ -E -L/opt/mingw32/include conftest.cpp
configure:4985: $? = 0
configure:4999: result: yes
configure:5027: checking for getopt.h
configure:5036: result: yes
configure:4921: checking winsock2.h usability
configure:4938: i386-mingw32-g++ -c -g -O2 -L/opt/mingw32/include conftest.cpp >&5
configure:4945: $? = 0
configure:4959: result: yes
configure:4963: checking winsock2.h presence
configure:4978: i386-mingw32-g++ -E -L/opt/mingw32/include conftest.cpp
configure:4985: $? = 0
configure:4999: result: yes
configure:5027: checking for winsock2.h
configure:5036: result: yes
configure:4921: checking winsock.h usability
configure:4938: i386-mingw32-g++ -c -g -O2 -L/opt/mingw32/include conftest.cpp >&5
configure:4945: $? = 0
configure:4959: result: yes
configure:4963: checking winsock.h presence
configure:4978: i386-mingw32-g++ -E -L/opt/mingw32/include conftest.cpp
configure:4985: $? = 0
configure:4999: result: yes
configure:5027: checking for winsock.h
configure:5036: result: yes
configure:4921: checking ws2tcpip.h usability
configure:4938: i386-mingw32-g++ -c -g -O2 -L/opt/mingw32/include conftest.cpp >&5
configure:4945: $? = 0
configure:4959: result: yes
configure:4963: checking ws2tcpip.h presence
configure:4978: i386-mingw32-g++ -E -L/opt/mingw32/include conftest.cpp
configure:4985: $? = 0
configure:4999: result: yes
configure:5027: checking for ws2tcpip.h
configure:5036: result: yes
configure:5052: checking for an ANSI C-conforming const
configure:5127: i386-mingw32-g++ -c -g -O2 -L/opt/mingw32/include conftest.cpp >&5
configure:5134: $? = 0
configure:5149: result: yes
configure:5159: checking for size_t
configure:5187: i386-mingw32-g++ -c -g -O2 -L/opt/mingw32/include conftest.cpp >&5
configure:5194: $? = 0
configure:5221: i386-mingw32-g++ -c -g -O2 -L/opt/mingw32/include conftest.cpp >&5
conftest.cpp: In function `int main()':
conftest.cpp:69: error: expected primary-expression before ')' token
configure:5228: $? = 1
configure: failed program was:
| /* confdefs.h.  */
| #define PACKAGE_NAME ""
| #define PACKAGE_TARNAME ""
| #define PACKAGE_VERSION ""
| #define PACKAGE_STRING ""
| #define PACKAGE_BUGREPORT ""
| #define PACKAGE "ttx"
| #define VERSION "2.4.8pre"
| #define PROTOTYPES 1
| #define __PROTOTYPES 1
| #define STDC_HEADERS 1
| #define HAVE_SYS_TYPES_H 1
| #define HAVE_SYS_STAT_H 1
| #define HAVE_STDLIB_H 1
| #define HAVE_STRING_H 1
| #define HAVE_MEMORY_H 1
| #define HAVE_STRINGS_H 1
| #define HAVE_INTTYPES_H 1
| #define HAVE_STDINT_H 1
| #define HAVE_UNISTD_H 1
| #define HAVE_STDIO_H 1
| #define HAVE_STRING_H 1
| #define HAVE_STDARG_H 1
| #define HAVE_SYS_TYPES_H 1
| #define HAVE_ERRNO_H 1
| #define HAVE_UNISTD_H 1
| #define HAVE_STDLIB_H 1
| #define HAVE_GETOPT_H 1
| #define HAVE_WINSOCK2_H 1
| #define HAVE_WINSOCK_H 1
| #define HAVE_WS2TCPIP_H 1
| /* end confdefs.h.  */
| #include <stdio.h>
| #ifdef HAVE_SYS_TYPES_H
| # include <sys/types.h>
| #endif
| #ifdef HAVE_SYS_STAT_H
| # include <sys/stat.h>
| #endif
| #ifdef STDC_HEADERS
| # include <stdlib.h>
| # include <stddef.h>
| #else
| # ifdef HAVE_STDLIB_H
| #  include <stdlib.h>
| # endif
| #endif
| #ifdef HAVE_STRING_H
| # if !defined STDC_HEADERS && defined HAVE_MEMORY_H
| #  include <memory.h>
| # endif
| # include <string.h>
| #endif
| #ifdef HAVE_STRINGS_H
| # include <strings.h>
| #endif
| #ifdef HAVE_INTTYPES_H
| # include <inttypes.h>
| #endif
| #ifdef HAVE_STDINT_H
| # include <stdint.h>
| #endif
| #ifdef HAVE_UNISTD_H
| # include <unistd.h>
| #endif
| int
| main ()
| {
| if (sizeof ((size_t)))
| 	  return 0;
|   ;
|   return 0;
| }
configure:5251: result: yes
configure:5268: checking for vprintf
configure:5324: i386-mingw32-g++ -o conftest.exe -g -O2 -L/opt/mingw32/include -L/opt/mingw32/lib conftest.cpp -lwsock32 -lws2_32 >&5
configure:5331: $? = 0
configure:5353: result: yes
configure:5362: checking for _doprnt
configure:5418: i386-mingw32-g++ -o conftest.exe -g -O2 -L/opt/mingw32/include -L/opt/mingw32/lib conftest.cpp -lwsock32 -lws2_32 >&5
/tmp/ccGqGJiF.o: In function `main':
/home/mfvl/src/ttx/compile-win32/conftest.cpp:68: undefined reference to `__doprnt'
collect2: ld returned 1 exit status
configure:5425: $? = 1
configure: failed program was:
| /* confdefs.h.  */
| #define PACKAGE_NAME ""
| #define PACKAGE_TARNAME ""
| #define PACKAGE_VERSION ""
| #define PACKAGE_STRING ""
| #define PACKAGE_BUGREPORT ""
| #define PACKAGE "ttx"
| #define VERSION "2.4.8pre"
| #define PROTOTYPES 1
| #define __PROTOTYPES 1
| #define STDC_HEADERS 1
| #define HAVE_SYS_TYPES_H 1
| #define HAVE_SYS_STAT_H 1
| #define HAVE_STDLIB_H 1
| #define HAVE_STRING_H 1
| #define HAVE_MEMORY_H 1
| #define HAVE_STRINGS_H 1
| #define HAVE_INTTYPES_H 1
| #define HAVE_STDINT_H 1
| #define HAVE_UNISTD_H 1
| #define HAVE_STDIO_H 1
| #define HAVE_STRING_H 1
| #define HAVE_STDARG_H 1
| #define HAVE_SYS_TYPES_H 1
| #define HAVE_ERRNO_H 1
| #define HAVE_UNISTD_H 1
| #define HAVE_STDLIB_H 1
| #define HAVE_GETOPT_H 1
| #define HAVE_WINSOCK2_H 1
| #define HAVE_WINSOCK_H 1
| #define HAVE_WS2TCPIP_H 1
| #define HAVE_VPRINTF 1
| /* end confdefs.h.  */
| /* Define _doprnt to an innocuous variant, in case <limits.h> declares _doprnt.
|    For example, HP-UX 11i <limits.h> declares gettimeofday.  */
| #define _doprnt innocuous__doprnt
| 
| /* System header to define __stub macros and hopefully few prototypes,
|     which can conflict with char _doprnt (); below.
|     Prefer <limits.h> to <assert.h> if __STDC__ is defined, since
|     <limits.h> exists even on freestanding compilers.  */
| 
| #ifdef __STDC__
| # include <limits.h>
| #else
| # include <assert.h>
| #endif
| 
| #undef _doprnt
| 
| /* Override any GCC internal prototype to avoid an error.
|    Use char because int might match the return type of a GCC
|    builtin and then its argument prototype would still apply.  */
| #ifdef __cplusplus
| extern "C"
| #endif
| char _doprnt ();
| /* The GNU C library defines this for functions which it implements
|     to always fail with ENOSYS.  Some functions are actually named
|     something starting with __ and the normal name is an alias.  */
| #if defined __stub__doprnt || defined __stub____doprnt
| choke me
| #endif
| 
| int
| main ()
| {
| return _doprnt ();
|   ;
|   return 0;
| }
configure:5445: result: no
configure:5460: checking for library containing gethostbyname
configure:5501: i386-mingw32-g++ -o conftest.exe -g -O2 -L/opt/mingw32/include -L/opt/mingw32/lib conftest.cpp -lwsock32 -lws2_32 >&5
/tmp/ccshQzD4.o: In function `main':
/home/mfvl/src/ttx/compile-win32/conftest.cpp:45: undefined reference to `_gethostbyname'
collect2: ld returned 1 exit status
configure:5508: $? = 1
configure: failed program was:
| /* confdefs.h.  */
| #define PACKAGE_NAME ""
| #define PACKAGE_TARNAME ""
| #define PACKAGE_VERSION ""
| #define PACKAGE_STRING ""
| #define PACKAGE_BUGREPORT ""
| #define PACKAGE "ttx"
| #define VERSION "2.4.8pre"
| #define PROTOTYPES 1
| #define __PROTOTYPES 1
| #define STDC_HEADERS 1
| #define HAVE_SYS_TYPES_H 1
| #define HAVE_SYS_STAT_H 1
| #define HAVE_STDLIB_H 1
| #define HAVE_STRING_H 1
| #define HAVE_MEMORY_H 1
| #define HAVE_STRINGS_H 1
| #define HAVE_INTTYPES_H 1
| #define HAVE_STDINT_H 1
| #define HAVE_UNISTD_H 1
| #define HAVE_STDIO_H 1
| #define HAVE_STRING_H 1
| #define HAVE_STDARG_H 1
| #define HAVE_SYS_TYPES_H 1
| #define HAVE_ERRNO_H 1
| #define HAVE_UNISTD_H 1
| #define HAVE_STDLIB_H 1
| #define HAVE_GETOPT_H 1
| #define HAVE_WINSOCK2_H 1
| #define HAVE_WINSOCK_H 1
| #define HAVE_WS2TCPIP_H 1
| #define HAVE_VPRINTF 1
| /* end confdefs.h.  */
| 
| /* Override any GCC internal prototype to avoid an error.
|    Use char because int might match the return type of a GCC
|    builtin and then its argument prototype would still apply.  */
| #ifdef __cplusplus
| extern "C"
| #endif
| char gethostbyname ();
| int
| main ()
| {
| return gethostbyname ();
|   ;
|   return 0;
| }
configure:5501: i386-mingw32-g++ -o conftest.exe -g -O2 -L/opt/mingw32/include -L/opt/mingw32/lib conftest.cpp -lws2_32  -lwsock32 -lws2_32 >&5
/tmp/ccu9SKos.o: In function `main':
/home/mfvl/src/ttx/compile-win32/conftest.cpp:45: undefined reference to `_gethostbyname'
collect2: ld returned 1 exit status
configure:5508: $? = 1
configure: failed program was:
| /* confdefs.h.  */
| #define PACKAGE_NAME ""
| #define PACKAGE_TARNAME ""
| #define PACKAGE_VERSION ""
| #define PACKAGE_STRING ""
| #define PACKAGE_BUGREPORT ""
| #define PACKAGE "ttx"
| #define VERSION "2.4.8pre"
| #define PROTOTYPES 1
| #define __PROTOTYPES 1
| #define STDC_HEADERS 1
| #define HAVE_SYS_TYPES_H 1
| #define HAVE_SYS_STAT_H 1
| #define HAVE_STDLIB_H 1
| #define HAVE_STRING_H 1
| #define HAVE_MEMORY_H 1
| #define HAVE_STRINGS_H 1
| #define HAVE_INTTYPES_H 1
| #define HAVE_STDINT_H 1
| #define HAVE_UNISTD_H 1
| #define HAVE_STDIO_H 1
| #define HAVE_STRING_H 1
| #define HAVE_STDARG_H 1
| #define HAVE_SYS_TYPES_H 1
| #define HAVE_ERRNO_H 1
| #define HAVE_UNISTD_H 1
| #define HAVE_STDLIB_H 1
| #define HAVE_GETOPT_H 1
| #define HAVE_WINSOCK2_H 1
| #define HAVE_WINSOCK_H 1
| #define HAVE_WS2TCPIP_H 1
| #define HAVE_VPRINTF 1
| /* end confdefs.h.  */
| 
| /* Override any GCC internal prototype to avoid an error.
|    Use char because int might match the return type of a GCC
|    builtin and then its argument prototype would still apply.  */
| #ifdef __cplusplus
| extern "C"
| #endif
| char gethostbyname ();
| int
| main ()
| {
| return gethostbyname ();
|   ;
|   return 0;
| }
configure:5501: i386-mingw32-g++ -o conftest.exe -g -O2 -L/opt/mingw32/include -L/opt/mingw32/lib conftest.cpp -lwsock32  -lwsock32 -lws2_32 >&5
/tmp/cccF56VP.o: In function `main':
/home/mfvl/src/ttx/compile-win32/conftest.cpp:45: undefined reference to `_gethostbyname'
collect2: ld returned 1 exit status
configure:5508: $? = 1
configure: failed program was:
| /* confdefs.h.  */
| #define PACKAGE_NAME ""
| #define PACKAGE_TARNAME ""
| #define PACKAGE_VERSION ""
| #define PACKAGE_STRING ""
| #define PACKAGE_BUGREPORT ""
| #define PACKAGE "ttx"
| #define VERSION "2.4.8pre"
| #define PROTOTYPES 1
| #define __PROTOTYPES 1
| #define STDC_HEADERS 1
| #define HAVE_SYS_TYPES_H 1
| #define HAVE_SYS_STAT_H 1
| #define HAVE_STDLIB_H 1
| #define HAVE_STRING_H 1
| #define HAVE_MEMORY_H 1
| #define HAVE_STRINGS_H 1
| #define HAVE_INTTYPES_H 1
| #define HAVE_STDINT_H 1
| #define HAVE_UNISTD_H 1
| #define HAVE_STDIO_H 1
| #define HAVE_STRING_H 1
| #define HAVE_STDARG_H 1
| #define HAVE_SYS_TYPES_H 1
| #define HAVE_ERRNO_H 1
| #define HAVE_UNISTD_H 1
| #define HAVE_STDLIB_H 1
| #define HAVE_GETOPT_H 1
| #define HAVE_WINSOCK2_H 1
| #define HAVE_WINSOCK_H 1
| #define HAVE_WS2TCPIP_H 1
| #define HAVE_VPRINTF 1
| /* end confdefs.h.  */
| 
| /* Override any GCC internal prototype to avoid an error.
|    Use char because int might match the return type of a GCC
|    builtin and then its argument prototype would still apply.  */
| #ifdef __cplusplus
| extern "C"
| #endif
| char gethostbyname ();
| int
| main ()
| {
| return gethostbyname ();
|   ;
|   return 0;
| }
configure:5539: result: no
configure:5584: checking for gethostbyaddr
configure:5640: i386-mingw32-g++ -o conftest.exe -g -O2 -L/opt/mingw32/include -L/opt/mingw32/lib conftest.cpp -lwsock32 -lws2_32 >&5
/tmp/cc2wr8Tf.o: In function `main':
/home/mfvl/src/ttx/compile-win32/conftest.cpp:68: undefined reference to `_gethostbyaddr'
collect2: ld returned 1 exit status
configure:5647: $? = 1
configure: failed program was:
| /* confdefs.h.  */
| #define PACKAGE_NAME ""
| #define PACKAGE_TARNAME ""
| #define PACKAGE_VERSION ""
| #define PACKAGE_STRING ""
| #define PACKAGE_BUGREPORT ""
| #define PACKAGE "ttx"
| #define VERSION "2.4.8pre"
| #define PROTOTYPES 1
| #define __PROTOTYPES 1
| #define STDC_HEADERS 1
| #define HAVE_SYS_TYPES_H 1
| #define HAVE_SYS_STAT_H 1
| #define HAVE_STDLIB_H 1
| #define HAVE_STRING_H 1
| #define HAVE_MEMORY_H 1
| #define HAVE_STRINGS_H 1
| #define HAVE_INTTYPES_H 1
| #define HAVE_STDINT_H 1
| #define HAVE_UNISTD_H 1
| #define HAVE_STDIO_H 1
| #define HAVE_STRING_H 1
| #define HAVE_STDARG_H 1
| #define HAVE_SYS_TYPES_H 1
| #define HAVE_ERRNO_H 1
| #define HAVE_UNISTD_H 1
| #define HAVE_STDLIB_H 1
| #define HAVE_GETOPT_H 1
| #define HAVE_WINSOCK2_H 1
| #define HAVE_WINSOCK_H 1
| #define HAVE_WS2TCPIP_H 1
| #define HAVE_VPRINTF 1
| /* end confdefs.h.  */
| /* Define gethostbyaddr to an innocuous variant, in case <limits.h> declares gethostbyaddr.
|    For example, HP-UX 11i <limits.h> declares gettimeofday.  */
| #define gethostbyaddr innocuous_gethostbyaddr
| 
| /* System header to define __stub macros and hopefully few prototypes,
|     which can conflict with char gethostbyaddr (); below.
|     Prefer <limits.h> to <assert.h> if __STDC__ is defined, since
|     <limits.h> exists even on freestanding compilers.  */
| 
| #ifdef __STDC__
| # include <limits.h>
| #else
| # include <assert.h>
| #endif
| 
| #undef gethostbyaddr
| 
| /* Override any GCC internal prototype to avoid an error.
|    Use char because int might match the return type of a GCC
|    builtin and then its argument prototype would still apply.  */
| #ifdef __cplusplus
| extern "C"
| #endif
| char gethostbyaddr ();
| /* The GNU C library defines this for functions which it implements
|     to always fail with ENOSYS.  Some functions are actually named
|     something starting with __ and the normal name is an alias.  */
| #if defined __stub_gethostbyaddr || defined __stub___gethostbyaddr
| choke me
| #endif
| 
| int
| main ()
| {
| return gethostbyaddr ();
|   ;
|   return 0;
| }
configure:5669: result: no
configure:5584: checking for getservbyname
configure:5640: i386-mingw32-g++ -o conftest.exe -g -O2 -L/opt/mingw32/include -L/opt/mingw32/lib conftest.cpp -lwsock32 -lws2_32 >&5
/tmp/ccGS9mDt.o: In function `main':
/home/mfvl/src/ttx/compile-win32/conftest.cpp:68: undefined reference to `_getservbyname'
collect2: ld returned 1 exit status
configure:5647: $? = 1
configure: failed program was:
| /* confdefs.h.  */
| #define PACKAGE_NAME ""
| #define PACKAGE_TARNAME ""
| #define PACKAGE_VERSION ""
| #define PACKAGE_STRING ""
| #define PACKAGE_BUGREPORT ""
| #define PACKAGE "ttx"
| #define VERSION "2.4.8pre"
| #define PROTOTYPES 1
| #define __PROTOTYPES 1
| #define STDC_HEADERS 1
| #define HAVE_SYS_TYPES_H 1
| #define HAVE_SYS_STAT_H 1
| #define HAVE_STDLIB_H 1
| #define HAVE_STRING_H 1
| #define HAVE_MEMORY_H 1
| #define HAVE_STRINGS_H 1
| #define HAVE_INTTYPES_H 1
| #define HAVE_STDINT_H 1
| #define HAVE_UNISTD_H 1
| #define HAVE_STDIO_H 1
| #define HAVE_STRING_H 1
| #define HAVE_STDARG_H 1
| #define HAVE_SYS_TYPES_H 1
| #define HAVE_ERRNO_H 1
| #define HAVE_UNISTD_H 1
| #define HAVE_STDLIB_H 1
| #define HAVE_GETOPT_H 1
| #define HAVE_WINSOCK2_H 1
| #define HAVE_WINSOCK_H 1
| #define HAVE_WS2TCPIP_H 1
| #define HAVE_VPRINTF 1
| /* end confdefs.h.  */
| /* Define getservbyname to an innocuous variant, in case <limits.h> declares getservbyname.
|    For example, HP-UX 11i <limits.h> declares gettimeofday.  */
| #define getservbyname innocuous_getservbyname
| 
| /* System header to define __stub macros and hopefully few prototypes,
|     which can conflict with char getservbyname (); below.
|     Prefer <limits.h> to <assert.h> if __STDC__ is defined, since
|     <limits.h> exists even on freestanding compilers.  */
| 
| #ifdef __STDC__
| # include <limits.h>
| #else
| # include <assert.h>
| #endif
| 
| #undef getservbyname
| 
| /* Override any GCC internal prototype to avoid an error.
|    Use char because int might match the return type of a GCC
|    builtin and then its argument prototype would still apply.  */
| #ifdef __cplusplus
| extern "C"
| #endif
| char getservbyname ();
| /* The GNU C library defines this for functions which it implements
|     to always fail with ENOSYS.  Some functions are actually named
|     something starting with __ and the normal name is an alias.  */
| #if defined __stub_getservbyname || defined __stub___getservbyname
| choke me
| #endif
| 
| int
| main ()
| {
| return getservbyname ();
|   ;
|   return 0;
| }
configure:5669: result: no
configure:5584: checking for gethostname
configure:5640: i386-mingw32-g++ -o conftest.exe -g -O2 -L/opt/mingw32/include -L/opt/mingw32/lib conftest.cpp -lwsock32 -lws2_32 >&5
/tmp/cc2lbRPV.o: In function `main':
/home/mfvl/src/ttx/compile-win32/conftest.cpp:68: undefined reference to `_gethostname'
collect2: ld returned 1 exit status
configure:5647: $? = 1
configure: failed program was:
| /* confdefs.h.  */
| #define PACKAGE_NAME ""
| #define PACKAGE_TARNAME ""
| #define PACKAGE_VERSION ""
| #define PACKAGE_STRING ""
| #define PACKAGE_BUGREPORT ""
| #define PACKAGE "ttx"
| #define VERSION "2.4.8pre"
| #define PROTOTYPES 1
| #define __PROTOTYPES 1
| #define STDC_HEADERS 1
| #define HAVE_SYS_TYPES_H 1
| #define HAVE_SYS_STAT_H 1
| #define HAVE_STDLIB_H 1
| #define HAVE_STRING_H 1
| #define HAVE_MEMORY_H 1
| #define HAVE_STRINGS_H 1
| #define HAVE_INTTYPES_H 1
| #define HAVE_STDINT_H 1
| #define HAVE_UNISTD_H 1
| #define HAVE_STDIO_H 1
| #define HAVE_STRING_H 1
| #define HAVE_STDARG_H 1
| #define HAVE_SYS_TYPES_H 1
| #define HAVE_ERRNO_H 1
| #define HAVE_UNISTD_H 1
| #define HAVE_STDLIB_H 1
| #define HAVE_GETOPT_H 1
| #define HAVE_WINSOCK2_H 1
| #define HAVE_WINSOCK_H 1
| #define HAVE_WS2TCPIP_H 1
| #define HAVE_VPRINTF 1
| /* end confdefs.h.  */
| /* Define gethostname to an innocuous variant, in case <limits.h> declares gethostname.
|    For example, HP-UX 11i <limits.h> declares gettimeofday.  */
| #define gethostname innocuous_gethostname
| 
| /* System header to define __stub macros and hopefully few prototypes,
|     which can conflict with char gethostname (); below.
|     Prefer <limits.h> to <assert.h> if __STDC__ is defined, since
|     <limits.h> exists even on freestanding compilers.  */
| 
| #ifdef __STDC__
| # include <limits.h>
| #else
| # include <assert.h>
| #endif
| 
| #undef gethostname
| 
| /* Override any GCC internal prototype to avoid an error.
|    Use char because int might match the return type of a GCC
|    builtin and then its argument prototype would still apply.  */
| #ifdef __cplusplus
| extern "C"
| #endif
| char gethostname ();
| /* The GNU C library defines this for functions which it implements
|     to always fail with ENOSYS.  Some functions are actually named
|     something starting with __ and the normal name is an alias.  */
| #if defined __stub_gethostname || defined __stub___gethostname
| choke me
| #endif
| 
| int
| main ()
| {
| return gethostname ();
|   ;
|   return 0;
| }
configure:5669: result: no
configure:5584: checking for socket
configure:5640: i386-mingw32-g++ -o conftest.exe -g -O2 -L/opt/mingw32/include -L/opt/mingw32/lib conftest.cpp -lwsock32 -lws2_32 >&5
/tmp/ccmLPEKo.o: In function `main':
/home/mfvl/src/ttx/compile-win32/conftest.cpp:68: undefined reference to `_socket'
collect2: ld returned 1 exit status
configure:5647: $? = 1
configure: failed program was:
| /* confdefs.h.  */
| #define PACKAGE_NAME ""
| #define PACKAGE_TARNAME ""
| #define PACKAGE_VERSION ""
| #define PACKAGE_STRING ""
| #define PACKAGE_BUGREPORT ""
| #define PACKAGE "ttx"
| #define VERSION "2.4.8pre"
| #define PROTOTYPES 1
| #define __PROTOTYPES 1
| #define STDC_HEADERS 1
| #define HAVE_SYS_TYPES_H 1
| #define HAVE_SYS_STAT_H 1
| #define HAVE_STDLIB_H 1
| #define HAVE_STRING_H 1
| #define HAVE_MEMORY_H 1
| #define HAVE_STRINGS_H 1
| #define HAVE_INTTYPES_H 1
| #define HAVE_STDINT_H 1
| #define HAVE_UNISTD_H 1
| #define HAVE_STDIO_H 1
| #define HAVE_STRING_H 1
| #define HAVE_STDARG_H 1
| #define HAVE_SYS_TYPES_H 1
| #define HAVE_ERRNO_H 1
| #define HAVE_UNISTD_H 1
| #define HAVE_STDLIB_H 1
| #define HAVE_GETOPT_H 1
| #define HAVE_WINSOCK2_H 1
| #define HAVE_WINSOCK_H 1
| #define HAVE_WS2TCPIP_H 1
| #define HAVE_VPRINTF 1
| /* end confdefs.h.  */
| /* Define socket to an innocuous variant, in case <limits.h> declares socket.
|    For example, HP-UX 11i <limits.h> declares gettimeofday.  */
| #define socket innocuous_socket
| 
| /* System header to define __stub macros and hopefully few prototypes,
|     which can conflict with char socket (); below.
|     Prefer <limits.h> to <assert.h> if __STDC__ is defined, since
|     <limits.h> exists even on freestanding compilers.  */
| 
| #ifdef __STDC__
| # include <limits.h>
| #else
| # include <assert.h>
| #endif
| 
| #undef socket
| 
| /* Override any GCC internal prototype to avoid an error.
|    Use char because int might match the return type of a GCC
|    builtin and then its argument prototype would still apply.  */
| #ifdef __cplusplus
| extern "C"
| #endif
| char socket ();
| /* The GNU C library defines this for functions which it implements
|     to always fail with ENOSYS.  Some functions are actually named
|     something starting with __ and the normal name is an alias.  */
| #if defined __stub_socket || defined __stub___socket
| choke me
| #endif
| 
| int
| main ()
| {
| return socket ();
|   ;
|   return 0;
| }
configure:5669: result: no
configure:5584: checking for strstr
configure:5640: i386-mingw32-g++ -o conftest.exe -g -O2 -L/opt/mingw32/include -L/opt/mingw32/lib conftest.cpp -lwsock32 -lws2_32 >&5
configure:5647: $? = 0
configure:5669: result: yes
configure:5584: checking for inet_aton
configure:5640: i386-mingw32-g++ -o conftest.exe -g -O2 -L/opt/mingw32/include -L/opt/mingw32/lib conftest.cpp -lwsock32 -lws2_32 >&5
/tmp/ccfLtsgo.o: In function `main':
/home/mfvl/src/ttx/compile-win32/conftest.cpp:69: undefined reference to `_inet_aton'
collect2: ld returned 1 exit status
configure:5647: $? = 1
configure: failed program was:
| /* confdefs.h.  */
| #define PACKAGE_NAME ""
| #define PACKAGE_TARNAME ""
| #define PACKAGE_VERSION ""
| #define PACKAGE_STRING ""
| #define PACKAGE_BUGREPORT ""
| #define PACKAGE "ttx"
| #define VERSION "2.4.8pre"
| #define PROTOTYPES 1
| #define __PROTOTYPES 1
| #define STDC_HEADERS 1
| #define HAVE_SYS_TYPES_H 1
| #define HAVE_SYS_STAT_H 1
| #define HAVE_STDLIB_H 1
| #define HAVE_STRING_H 1
| #define HAVE_MEMORY_H 1
| #define HAVE_STRINGS_H 1
| #define HAVE_INTTYPES_H 1
| #define HAVE_STDINT_H 1
| #define HAVE_UNISTD_H 1
| #define HAVE_STDIO_H 1
| #define HAVE_STRING_H 1
| #define HAVE_STDARG_H 1
| #define HAVE_SYS_TYPES_H 1
| #define HAVE_ERRNO_H 1
| #define HAVE_UNISTD_H 1
| #define HAVE_STDLIB_H 1
| #define HAVE_GETOPT_H 1
| #define HAVE_WINSOCK2_H 1
| #define HAVE_WINSOCK_H 1
| #define HAVE_WS2TCPIP_H 1
| #define HAVE_VPRINTF 1
| #define HAVE_STRSTR 1
| /* end confdefs.h.  */
| /* Define inet_aton to an innocuous variant, in case <limits.h> declares inet_aton.
|    For example, HP-UX 11i <limits.h> declares gettimeofday.  */
| #define inet_aton innocuous_inet_aton
| 
| /* System header to define __stub macros and hopefully few prototypes,
|     which can conflict with char inet_aton (); below.
|     Prefer <limits.h> to <assert.h> if __STDC__ is defined, since
|     <limits.h> exists even on freestanding compilers.  */
| 
| #ifdef __STDC__
| # include <limits.h>
| #else
| # include <assert.h>
| #endif
| 
| #undef inet_aton
| 
| /* Override any GCC internal prototype to avoid an error.
|    Use char because int might match the return type of a GCC
|    builtin and then its argument prototype would still apply.  */
| #ifdef __cplusplus
| extern "C"
| #endif
| char inet_aton ();
| /* The GNU C library defines this for functions which it implements
|     to always fail with ENOSYS.  Some functions are actually named
|     something starting with __ and the normal name is an alias.  */
| #if defined __stub_inet_aton || defined __stub___inet_aton
| choke me
| #endif
| 
| int
| main ()
| {
| return inet_aton ();
|   ;
|   return 0;
| }
configure:5669: result: no
configure:5584: checking for strncasecmp
configure:5640: i386-mingw32-g++ -o conftest.exe -g -O2 -L/opt/mingw32/include -L/opt/mingw32/lib conftest.cpp -lwsock32 -lws2_32 >&5
configure:5647: $? = 0
configure:5669: result: yes
configure:5584: checking for strnicmp
configure:5640: i386-mingw32-g++ -o conftest.exe -g -O2 -L/opt/mingw32/include -L/opt/mingw32/lib conftest.cpp -lwsock32 -lws2_32 >&5
configure:5647: $? = 0
configure:5669: result: yes
configure:5584: checking for inet_ntoa
configure:5640: i386-mingw32-g++ -o conftest.exe -g -O2 -L/opt/mingw32/include -L/opt/mingw32/lib conftest.cpp -lwsock32 -lws2_32 >&5
/tmp/ccCmpyvT.o: In function `main':
/home/mfvl/src/ttx/compile-win32/conftest.cpp:71: undefined reference to `_inet_ntoa'
collect2: ld returned 1 exit status
configure:5647: $? = 1
configure: failed program was:
| /* confdefs.h.  */
| #define PACKAGE_NAME ""
| #define PACKAGE_TARNAME ""
| #define PACKAGE_VERSION ""
| #define PACKAGE_STRING ""
| #define PACKAGE_BUGREPORT ""
| #define PACKAGE "ttx"
| #define VERSION "2.4.8pre"
| #define PROTOTYPES 1
| #define __PROTOTYPES 1
| #define STDC_HEADERS 1
| #define HAVE_SYS_TYPES_H 1
| #define HAVE_SYS_STAT_H 1
| #define HAVE_STDLIB_H 1
| #define HAVE_STRING_H 1
| #define HAVE_MEMORY_H 1
| #define HAVE_STRINGS_H 1
| #define HAVE_INTTYPES_H 1
| #define HAVE_STDINT_H 1
| #define HAVE_UNISTD_H 1
| #define HAVE_STDIO_H 1
| #define HAVE_STRING_H 1
| #define HAVE_STDARG_H 1
| #define HAVE_SYS_TYPES_H 1
| #define HAVE_ERRNO_H 1
| #define HAVE_UNISTD_H 1
| #define HAVE_STDLIB_H 1
| #define HAVE_GETOPT_H 1
| #define HAVE_WINSOCK2_H 1
| #define HAVE_WINSOCK_H 1
| #define HAVE_WS2TCPIP_H 1
| #define HAVE_VPRINTF 1
| #define HAVE_STRSTR 1
| #define HAVE_STRNCASECMP 1
| #define HAVE_STRNICMP 1
| /* end confdefs.h.  */
| /* Define inet_ntoa to an innocuous variant, in case <limits.h> declares inet_ntoa.
|    For example, HP-UX 11i <limits.h> declares gettimeofday.  */
| #define inet_ntoa innocuous_inet_ntoa
| 
| /* System header to define __stub macros and hopefully few prototypes,
|     which can conflict with char inet_ntoa (); below.
|     Prefer <limits.h> to <assert.h> if __STDC__ is defined, since
|     <limits.h> exists even on freestanding compilers.  */
| 
| #ifdef __STDC__
| # include <limits.h>
| #else
| # include <assert.h>
| #endif
| 
| #undef inet_ntoa
| 
| /* Override any GCC internal prototype to avoid an error.
|    Use char because int might match the return type of a GCC
|    builtin and then its argument prototype would still apply.  */
| #ifdef __cplusplus
| extern "C"
| #endif
| char inet_ntoa ();
| /* The GNU C library defines this for functions which it implements
|     to always fail with ENOSYS.  Some functions are actually named
|     something starting with __ and the normal name is an alias.  */
| #if defined __stub_inet_ntoa || defined __stub___inet_ntoa
| choke me
| #endif
| 
| int
| main ()
| {
| return inet_ntoa ();
|   ;
|   return 0;
| }
configure:5669: result: no
configure:5584: checking for inet_addr
configure:5640: i386-mingw32-g++ -o conftest.exe -g -O2 -L/opt/mingw32/include -L/opt/mingw32/lib conftest.cpp -lwsock32 -lws2_32 >&5
/tmp/ccMVuTXl.o: In function `main':
/home/mfvl/src/ttx/compile-win32/conftest.cpp:71: undefined reference to `_inet_addr'
collect2: ld returned 1 exit status
configure:5647: $? = 1
configure: failed program was:
| /* confdefs.h.  */
| #define PACKAGE_NAME ""
| #define PACKAGE_TARNAME ""
| #define PACKAGE_VERSION ""
| #define PACKAGE_STRING ""
| #define PACKAGE_BUGREPORT ""
| #define PACKAGE "ttx"
| #define VERSION "2.4.8pre"
| #define PROTOTYPES 1
| #define __PROTOTYPES 1
| #define STDC_HEADERS 1
| #define HAVE_SYS_TYPES_H 1
| #define HAVE_SYS_STAT_H 1
| #define HAVE_STDLIB_H 1
| #define HAVE_STRING_H 1
| #define HAVE_MEMORY_H 1
| #define HAVE_STRINGS_H 1
| #define HAVE_INTTYPES_H 1
| #define HAVE_STDINT_H 1
| #define HAVE_UNISTD_H 1
| #define HAVE_STDIO_H 1
| #define HAVE_STRING_H 1
| #define HAVE_STDARG_H 1
| #define HAVE_SYS_TYPES_H 1
| #define HAVE_ERRNO_H 1
| #define HAVE_UNISTD_H 1
| #define HAVE_STDLIB_H 1
| #define HAVE_GETOPT_H 1
| #define HAVE_WINSOCK2_H 1
| #define HAVE_WINSOCK_H 1
| #define HAVE_WS2TCPIP_H 1
| #define HAVE_VPRINTF 1
| #define HAVE_STRSTR 1
| #define HAVE_STRNCASECMP 1
| #define HAVE_STRNICMP 1
| /* end confdefs.h.  */
| /* Define inet_addr to an innocuous variant, in case <limits.h> declares inet_addr.
|    For example, HP-UX 11i <limits.h> declares gettimeofday.  */
| #define inet_addr innocuous_inet_addr
| 
| /* System header to define __stub macros and hopefully few prototypes,
|     which can conflict with char inet_addr (); below.
|     Prefer <limits.h> to <assert.h> if __STDC__ is defined, since
|     <limits.h> exists even on freestanding compilers.  */
| 
| #ifdef __STDC__
| # include <limits.h>
| #else
| # include <assert.h>
| #endif
| 
| #undef inet_addr
| 
| /* Override any GCC internal prototype to avoid an error.
|    Use char because int might match the return type of a GCC
|    builtin and then its argument prototype would still apply.  */
| #ifdef __cplusplus
| extern "C"
| #endif
| char inet_addr ();
| /* The GNU C library defines this for functions which it implements
|     to always fail with ENOSYS.  Some functions are actually named
|     something starting with __ and the normal name is an alias.  */
| #if defined __stub_inet_addr || defined __stub___inet_addr
| choke me
| #endif
| 
| int
| main ()
| {
| return inet_addr ();
|   ;
|   return 0;
| }
configure:5669: result: no
configure:5584: checking for getenv
configure:5640: i386-mingw32-g++ -o conftest.exe -g -O2 -L/opt/mingw32/include -L/opt/mingw32/lib conftest.cpp -lwsock32 -lws2_32 >&5
configure:5647: $? = 0
configure:5669: result: yes
configure:5584: checking for getopt
configure:5640: i386-mingw32-g++ -o conftest.exe -g -O2 -L/opt/mingw32/include -L/opt/mingw32/lib conftest.cpp -lwsock32 -lws2_32 >&5
configure:5647: $? = 0
configure:5669: result: yes
configure:5584: checking for memset
configure:5640: i386-mingw32-g++ -o conftest.exe -g -O2 -L/opt/mingw32/include -L/opt/mingw32/lib conftest.cpp -lwsock32 -lws2_32 >&5
configure:5647: $? = 0
configure:5669: result: yes
configure:5584: checking for strdup
configure:5640: i386-mingw32-g++ -o conftest.exe -g -O2 -L/opt/mingw32/include -L/opt/mingw32/lib conftest.cpp -lwsock32 -lws2_32 >&5
configure:5647: $? = 0
configure:5669: result: yes
configure:5584: checking for atoi
configure:5640: i386-mingw32-g++ -o conftest.exe -g -O2 -L/opt/mingw32/include -L/opt/mingw32/lib conftest.cpp -lwsock32 -lws2_32 >&5
configure:5647: $? = 0
configure:5669: result: yes
configure:5584: checking for htons
configure:5640: i386-mingw32-g++ -o conftest.exe -g -O2 -L/opt/mingw32/include -L/opt/mingw32/lib conftest.cpp -lwsock32 -lws2_32 >&5
/tmp/ccSZBJ0f.o: In function `main':
/home/mfvl/src/ttx/compile-win32/conftest.cpp:76: undefined reference to `_htons'
collect2: ld returned 1 exit status
configure:5647: $? = 1
configure: failed program was:
| /* confdefs.h.  */
| #define PACKAGE_NAME ""
| #define PACKAGE_TARNAME ""
| #define PACKAGE_VERSION ""
| #define PACKAGE_STRING ""
| #define PACKAGE_BUGREPORT ""
| #define PACKAGE "ttx"
| #define VERSION "2.4.8pre"
| #define PROTOTYPES 1
| #define __PROTOTYPES 1
| #define STDC_HEADERS 1
| #define HAVE_SYS_TYPES_H 1
| #define HAVE_SYS_STAT_H 1
| #define HAVE_STDLIB_H 1
| #define HAVE_STRING_H 1
| #define HAVE_MEMORY_H 1
| #define HAVE_STRINGS_H 1
| #define HAVE_INTTYPES_H 1
| #define HAVE_STDINT_H 1
| #define HAVE_UNISTD_H 1
| #define HAVE_STDIO_H 1
| #define HAVE_STRING_H 1
| #define HAVE_STDARG_H 1
| #define HAVE_SYS_TYPES_H 1
| #define HAVE_ERRNO_H 1
| #define HAVE_UNISTD_H 1
| #define HAVE_STDLIB_H 1
| #define HAVE_GETOPT_H 1
| #define HAVE_WINSOCK2_H 1
| #define HAVE_WINSOCK_H 1
| #define HAVE_WS2TCPIP_H 1
| #define HAVE_VPRINTF 1
| #define HAVE_STRSTR 1
| #define HAVE_STRNCASECMP 1
| #define HAVE_STRNICMP 1
| #define HAVE_GETENV 1
| #define HAVE_GETOPT 1
| #define HAVE_MEMSET 1
| #define HAVE_STRDUP 1
| #define HAVE_ATOI 1
| /* end confdefs.h.  */
| /* Define htons to an innocuous variant, in case <limits.h> declares htons.
|    For example, HP-UX 11i <limits.h> declares gettimeofday.  */
| #define htons innocuous_htons
| 
| /* System header to define __stub macros and hopefully few prototypes,
|     which can conflict with char htons (); below.
|     Prefer <limits.h> to <assert.h> if __STDC__ is defined, since
|     <limits.h> exists even on freestanding compilers.  */
| 
| #ifdef __STDC__
| # include <limits.h>
| #else
| # include <assert.h>
| #endif
| 
| #undef htons
| 
| /* Override any GCC internal prototype to avoid an error.
|    Use char because int might match the return type of a GCC
|    builtin and then its argument prototype would still apply.  */
| #ifdef __cplusplus
| extern "C"
| #endif
| char htons ();
| /* The GNU C library defines this for functions which it implements
|     to always fail with ENOSYS.  Some functions are actually named
|     something starting with __ and the normal name is an alias.  */
| #if defined __stub_htons || defined __stub___htons
| choke me
| #endif
| 
| int
| main ()
| {
| return htons ();
|   ;
|   return 0;
| }
configure:5669: result: no
configure:5584: checking for ntohs
configure:5640: i386-mingw32-g++ -o conftest.exe -g -O2 -L/opt/mingw32/include -L/opt/mingw32/lib conftest.cpp -lwsock32 -lws2_32 >&5
/tmp/ccQX0Iyr.o: In function `main':
/home/mfvl/src/ttx/compile-win32/conftest.cpp:76: undefined reference to `_ntohs'
collect2: ld returned 1 exit status
configure:5647: $? = 1
configure: failed program was:
| /* confdefs.h.  */
| #define PACKAGE_NAME ""
| #define PACKAGE_TARNAME ""
| #define PACKAGE_VERSION ""
| #define PACKAGE_STRING ""
| #define PACKAGE_BUGREPORT ""
| #define PACKAGE "ttx"
| #define VERSION "2.4.8pre"
| #define PROTOTYPES 1
| #define __PROTOTYPES 1
| #define STDC_HEADERS 1
| #define HAVE_SYS_TYPES_H 1
| #define HAVE_SYS_STAT_H 1
| #define HAVE_STDLIB_H 1
| #define HAVE_STRING_H 1
| #define HAVE_MEMORY_H 1
| #define HAVE_STRINGS_H 1
| #define HAVE_INTTYPES_H 1
| #define HAVE_STDINT_H 1
| #define HAVE_UNISTD_H 1
| #define HAVE_STDIO_H 1
| #define HAVE_STRING_H 1
| #define HAVE_STDARG_H 1
| #define HAVE_SYS_TYPES_H 1
| #define HAVE_ERRNO_H 1
| #define HAVE_UNISTD_H 1
| #define HAVE_STDLIB_H 1
| #define HAVE_GETOPT_H 1
| #define HAVE_WINSOCK2_H 1
| #define HAVE_WINSOCK_H 1
| #define HAVE_WS2TCPIP_H 1
| #define HAVE_VPRINTF 1
| #define HAVE_STRSTR 1
| #define HAVE_STRNCASECMP 1
| #define HAVE_STRNICMP 1
| #define HAVE_GETENV 1
| #define HAVE_GETOPT 1
| #define HAVE_MEMSET 1
| #define HAVE_STRDUP 1
| #define HAVE_ATOI 1
| /* end confdefs.h.  */
| /* Define ntohs to an innocuous variant, in case <limits.h> declares ntohs.
|    For example, HP-UX 11i <limits.h> declares gettimeofday.  */
| #define ntohs innocuous_ntohs
| 
| /* System header to define __stub macros and hopefully few prototypes,
|     which can conflict with char ntohs (); below.
|     Prefer <limits.h> to <assert.h> if __STDC__ is defined, since
|     <limits.h> exists even on freestanding compilers.  */
| 
| #ifdef __STDC__
| # include <limits.h>
| #else
| # include <assert.h>
| #endif
| 
| #undef ntohs
| 
| /* Override any GCC internal prototype to avoid an error.
|    Use char because int might match the return type of a GCC
|    builtin and then its argument prototype would still apply.  */
| #ifdef __cplusplus
| extern "C"
| #endif
| char ntohs ();
| /* The GNU C library defines this for functions which it implements
|     to always fail with ENOSYS.  Some functions are actually named
|     something starting with __ and the normal name is an alias.  */
| #if defined __stub_ntohs || defined __stub___ntohs
| choke me
| #endif
| 
| int
| main ()
| {
| return ntohs ();
|   ;
|   return 0;
| }
configure:5669: result: no
configure:5584: checking for perror
configure:5640: i386-mingw32-g++ -o conftest.exe -g -O2 -L/opt/mingw32/include -L/opt/mingw32/lib conftest.cpp -lwsock32 -lws2_32 >&5
configure:5647: $? = 0
configure:5669: result: yes
configure:5584: checking for calloc
configure:5640: i386-mingw32-g++ -o conftest.exe -g -O2 -L/opt/mingw32/include -L/opt/mingw32/lib conftest.cpp -lwsock32 -lws2_32 >&5
configure:5647: $? = 0
configure:5669: result: yes
configure:5584: checking for getsockname
configure:5640: i386-mingw32-g++ -o conftest.exe -g -O2 -L/opt/mingw32/include -L/opt/mingw32/lib conftest.cpp -lwsock32 -lws2_32 >&5
/tmp/cc0XfQQh.o: In function `main':
/home/mfvl/src/ttx/compile-win32/conftest.cpp:78: undefined reference to `_getsockname'
collect2: ld returned 1 exit status
configure:5647: $? = 1
configure: failed program was:
| /* confdefs.h.  */
| #define PACKAGE_NAME ""
| #define PACKAGE_TARNAME ""
| #define PACKAGE_VERSION ""
| #define PACKAGE_STRING ""
| #define PACKAGE_BUGREPORT ""
| #define PACKAGE "ttx"
| #define VERSION "2.4.8pre"
| #define PROTOTYPES 1
| #define __PROTOTYPES 1
| #define STDC_HEADERS 1
| #define HAVE_SYS_TYPES_H 1
| #define HAVE_SYS_STAT_H 1
| #define HAVE_STDLIB_H 1
| #define HAVE_STRING_H 1
| #define HAVE_MEMORY_H 1
| #define HAVE_STRINGS_H 1
| #define HAVE_INTTYPES_H 1
| #define HAVE_STDINT_H 1
| #define HAVE_UNISTD_H 1
| #define HAVE_STDIO_H 1
| #define HAVE_STRING_H 1
| #define HAVE_STDARG_H 1
| #define HAVE_SYS_TYPES_H 1
| #define HAVE_ERRNO_H 1
| #define HAVE_UNISTD_H 1
| #define HAVE_STDLIB_H 1
| #define HAVE_GETOPT_H 1
| #define HAVE_WINSOCK2_H 1
| #define HAVE_WINSOCK_H 1
| #define HAVE_WS2TCPIP_H 1
| #define HAVE_VPRINTF 1
| #define HAVE_STRSTR 1
| #define HAVE_STRNCASECMP 1
| #define HAVE_STRNICMP 1
| #define HAVE_GETENV 1
| #define HAVE_GETOPT 1
| #define HAVE_MEMSET 1
| #define HAVE_STRDUP 1
| #define HAVE_ATOI 1
| #define HAVE_PERROR 1
| #define HAVE_CALLOC 1
| /* end confdefs.h.  */
| /* Define getsockname to an innocuous variant, in case <limits.h> declares getsockname.
|    For example, HP-UX 11i <limits.h> declares gettimeofday.  */
| #define getsockname innocuous_getsockname
| 
| /* System header to define __stub macros and hopefully few prototypes,
|     which can conflict with char getsockname (); below.
|     Prefer <limits.h> to <assert.h> if __STDC__ is defined, since
|     <limits.h> exists even on freestanding compilers.  */
| 
| #ifdef __STDC__
| # include <limits.h>
| #else
| # include <assert.h>
| #endif
| 
| #undef getsockname
| 
| /* Override any GCC internal prototype to avoid an error.
|    Use char because int might match the return type of a GCC
|    builtin and then its argument prototype would still apply.  */
| #ifdef __cplusplus
| extern "C"
| #endif
| char getsockname ();
| /* The GNU C library defines this for functions which it implements
|     to always fail with ENOSYS.  Some functions are actually named
|     something starting with __ and the normal name is an alias.  */
| #if defined __stub_getsockname || defined __stub___getsockname
| choke me
| #endif
| 
| int
| main ()
| {
| return getsockname ();
|   ;
|   return 0;
| }
configure:5669: result: no
configure:5584: checking for send
configure:5640: i386-mingw32-g++ -o conftest.exe -g -O2 -L/opt/mingw32/include -L/opt/mingw32/lib conftest.cpp -lwsock32 -lws2_32 >&5
/tmp/cc49WxaX.o: In function `main':
/home/mfvl/src/ttx/compile-win32/conftest.cpp:78: undefined reference to `_send'
collect2: ld returned 1 exit status
configure:5647: $? = 1
configure: failed program was:
| /* confdefs.h.  */
| #define PACKAGE_NAME ""
| #define PACKAGE_TARNAME ""
| #define PACKAGE_VERSION ""
| #define PACKAGE_STRING ""
| #define PACKAGE_BUGREPORT ""
| #define PACKAGE "ttx"
| #define VERSION "2.4.8pre"
| #define PROTOTYPES 1
| #define __PROTOTYPES 1
| #define STDC_HEADERS 1
| #define HAVE_SYS_TYPES_H 1
| #define HAVE_SYS_STAT_H 1
| #define HAVE_STDLIB_H 1
| #define HAVE_STRING_H 1
| #define HAVE_MEMORY_H 1
| #define HAVE_STRINGS_H 1
| #define HAVE_INTTYPES_H 1
| #define HAVE_STDINT_H 1
| #define HAVE_UNISTD_H 1
| #define HAVE_STDIO_H 1
| #define HAVE_STRING_H 1
| #define HAVE_STDARG_H 1
| #define HAVE_SYS_TYPES_H 1
| #define HAVE_ERRNO_H 1
| #define HAVE_UNISTD_H 1
| #define HAVE_STDLIB_H 1
| #define HAVE_GETOPT_H 1
| #define HAVE_WINSOCK2_H 1
| #define HAVE_WINSOCK_H 1
| #define HAVE_WS2TCPIP_H 1
| #define HAVE_VPRINTF 1
| #define HAVE_STRSTR 1
| #define HAVE_STRNCASECMP 1
| #define HAVE_STRNICMP 1
| #define HAVE_GETENV 1
| #define HAVE_GETOPT 1
| #define HAVE_MEMSET 1
| #define HAVE_STRDUP 1
| #define HAVE_ATOI 1
| #define HAVE_PERROR 1
| #define HAVE_CALLOC 1
| /* end confdefs.h.  */
| /* Define send to an innocuous variant, in case <limits.h> declares send.
|    For example, HP-UX 11i <limits.h> declares gettimeofday.  */
| #define send innocuous_send
| 
| /* System header to define __stub macros and hopefully few prototypes,
|     which can conflict with char send (); below.
|     Prefer <limits.h> to <assert.h> if __STDC__ is defined, since
|     <limits.h> exists even on freestanding compilers.  */
| 
| #ifdef __STDC__
| # include <limits.h>
| #else
| # include <assert.h>
| #endif
| 
| #undef send
| 
| /* Override any GCC internal prototype to avoid an error.
|    Use char because int might match the return type of a GCC
|    builtin and then its argument prototype would still apply.  */
| #ifdef __cplusplus
| extern "C"
| #endif
| char send ();
| /* The GNU C library defines this for functions which it implements
|     to always fail with ENOSYS.  Some functions are actually named
|     something starting with __ and the normal name is an alias.  */
| #if defined __stub_send || defined __stub___send
| choke me
| #endif
| 
| int
| main ()
| {
| return send ();
|   ;
|   return 0;
| }
configure:5669: result: no
configure:5584: checking for recv
configure:5640: i386-mingw32-g++ -o conftest.exe -g -O2 -L/opt/mingw32/include -L/opt/mingw32/lib conftest.cpp -lwsock32 -lws2_32 >&5
/tmp/ccmvVH0r.o: In function `main':
/home/mfvl/src/ttx/compile-win32/conftest.cpp:78: undefined reference to `_recv'
collect2: ld returned 1 exit status
configure:5647: $? = 1
configure: failed program was:
| /* confdefs.h.  */
| #define PACKAGE_NAME ""
| #define PACKAGE_TARNAME ""
| #define PACKAGE_VERSION ""
| #define PACKAGE_STRING ""
| #define PACKAGE_BUGREPORT ""
| #define PACKAGE "ttx"
| #define VERSION "2.4.8pre"
| #define PROTOTYPES 1
| #define __PROTOTYPES 1
| #define STDC_HEADERS 1
| #define HAVE_SYS_TYPES_H 1
| #define HAVE_SYS_STAT_H 1
| #define HAVE_STDLIB_H 1
| #define HAVE_STRING_H 1
| #define HAVE_MEMORY_H 1
| #define HAVE_STRINGS_H 1
| #define HAVE_INTTYPES_H 1
| #define HAVE_STDINT_H 1
| #define HAVE_UNISTD_H 1
| #define HAVE_STDIO_H 1
| #define HAVE_STRING_H 1
| #define HAVE_STDARG_H 1
| #define HAVE_SYS_TYPES_H 1
| #define HAVE_ERRNO_H 1
| #define HAVE_UNISTD_H 1
| #define HAVE_STDLIB_H 1
| #define HAVE_GETOPT_H 1
| #define HAVE_WINSOCK2_H 1
| #define HAVE_WINSOCK_H 1
| #define HAVE_WS2TCPIP_H 1
| #define HAVE_VPRINTF 1
| #define HAVE_STRSTR 1
| #define HAVE_STRNCASECMP 1
| #define HAVE_STRNICMP 1
| #define HAVE_GETENV 1
| #define HAVE_GETOPT 1
| #define HAVE_MEMSET 1
| #define HAVE_STRDUP 1
| #define HAVE_ATOI 1
| #define HAVE_PERROR 1
| #define HAVE_CALLOC 1
| /* end confdefs.h.  */
| /* Define recv to an innocuous variant, in case <limits.h> declares recv.
|    For example, HP-UX 11i <limits.h> declares gettimeofday.  */
| #define recv innocuous_recv
| 
| /* System header to define __stub macros and hopefully few prototypes,
|     which can conflict with char recv (); below.
|     Prefer <limits.h> to <assert.h> if __STDC__ is defined, since
|     <limits.h> exists even on freestanding compilers.  */
| 
| #ifdef __STDC__
| # include <limits.h>
| #else
| # include <assert.h>
| #endif
| 
| #undef recv
| 
| /* Override any GCC internal prototype to avoid an error.
|    Use char because int might match the return type of a GCC
|    builtin and then its argument prototype would still apply.  */
| #ifdef __cplusplus
| extern "C"
| #endif
| char recv ();
| /* The GNU C library defines this for functions which it implements
|     to always fail with ENOSYS.  Some functions are actually named
|     something starting with __ and the normal name is an alias.  */
| #if defined __stub_recv || defined __stub___recv
| choke me
| #endif
| 
| int
| main ()
| {
| return recv ();
|   ;
|   return 0;
| }
configure:5669: result: no
configure:5584: checking for strncmp
configure:5640: i386-mingw32-g++ -o conftest.exe -g -O2 -L/opt/mingw32/include -L/opt/mingw32/lib conftest.cpp -lwsock32 -lws2_32 >&5
configure:5647: $? = 0
configure:5669: result: yes
configure:5584: checking for strcat
configure:5640: i386-mingw32-g++ -o conftest.exe -g -O2 -L/opt/mingw32/include -L/opt/mingw32/lib conftest.cpp -lwsock32 -lws2_32 >&5
configure:5647: $? = 0
configure:5669: result: yes
configure:5584: checking for strcpy
configure:5640: i386-mingw32-g++ -o conftest.exe -g -O2 -L/opt/mingw32/include -L/opt/mingw32/lib conftest.cpp -lwsock32 -lws2_32 >&5
configure:5647: $? = 0
configure:5669: result: yes
configure:5584: checking for strchr
configure:5640: i386-mingw32-g++ -o conftest.exe -g -O2 -L/opt/mingw32/include -L/opt/mingw32/lib conftest.cpp -lwsock32 -lws2_32 >&5
configure:5647: $? = 0
configure:5669: result: yes
configure:5584: checking for index
configure:5640: i386-mingw32-g++ -o conftest.exe -g -O2 -L/opt/mingw32/include -L/opt/mingw32/lib conftest.cpp -lwsock32 -lws2_32 >&5
/tmp/ccmvCgyU.o: In function `main':
/home/mfvl/src/ttx/compile-win32/conftest.cpp:82: undefined reference to `_index'
collect2: ld returned 1 exit status
configure:5647: $? = 1
configure: failed program was:
| /* confdefs.h.  */
| #define PACKAGE_NAME ""
| #define PACKAGE_TARNAME ""
| #define PACKAGE_VERSION ""
| #define PACKAGE_STRING ""
| #define PACKAGE_BUGREPORT ""
| #define PACKAGE "ttx"
| #define VERSION "2.4.8pre"
| #define PROTOTYPES 1
| #define __PROTOTYPES 1
| #define STDC_HEADERS 1
| #define HAVE_SYS_TYPES_H 1
| #define HAVE_SYS_STAT_H 1
| #define HAVE_STDLIB_H 1
| #define HAVE_STRING_H 1
| #define HAVE_MEMORY_H 1
| #define HAVE_STRINGS_H 1
| #define HAVE_INTTYPES_H 1
| #define HAVE_STDINT_H 1
| #define HAVE_UNISTD_H 1
| #define HAVE_STDIO_H 1
| #define HAVE_STRING_H 1
| #define HAVE_STDARG_H 1
| #define HAVE_SYS_TYPES_H 1
| #define HAVE_ERRNO_H 1
| #define HAVE_UNISTD_H 1
| #define HAVE_STDLIB_H 1
| #define HAVE_GETOPT_H 1
| #define HAVE_WINSOCK2_H 1
| #define HAVE_WINSOCK_H 1
| #define HAVE_WS2TCPIP_H 1
| #define HAVE_VPRINTF 1
| #define HAVE_STRSTR 1
| #define HAVE_STRNCASECMP 1
| #define HAVE_STRNICMP 1
| #define HAVE_GETENV 1
| #define HAVE_GETOPT 1
| #define HAVE_MEMSET 1
| #define HAVE_STRDUP 1
| #define HAVE_ATOI 1
| #define HAVE_PERROR 1
| #define HAVE_CALLOC 1
| #define HAVE_STRNCMP 1
| #define HAVE_STRCAT 1
| #define HAVE_STRCPY 1
| #define HAVE_STRCHR 1
| /* end confdefs.h.  */
| /* Define index to an innocuous variant, in case <limits.h> declares index.
|    For example, HP-UX 11i <limits.h> declares gettimeofday.  */
| #define index innocuous_index
| 
| /* System header to define __stub macros and hopefully few prototypes,
|     which can conflict with char index (); below.
|     Prefer <limits.h> to <assert.h> if __STDC__ is defined, since
|     <limits.h> exists even on freestanding compilers.  */
| 
| #ifdef __STDC__
| # include <limits.h>
| #else
| # include <assert.h>
| #endif
| 
| #undef index
| 
| /* Override any GCC internal prototype to avoid an error.
|    Use char because int might match the return type of a GCC
|    builtin and then its argument prototype would still apply.  */
| #ifdef __cplusplus
| extern "C"
| #endif
| char index ();
| /* The GNU C library defines this for functions which it implements
|     to always fail with ENOSYS.  Some functions are actually named
|     something starting with __ and the normal name is an alias.  */
| #if defined __stub_index || defined __stub___index
| choke me
| #endif
| 
| int
| main ()
| {
| return index ();
|   ;
|   return 0;
| }
configure:5669: result: no
configure:5584: checking for memmove
configure:5640: i386-mingw32-g++ -o conftest.exe -g -O2 -L/opt/mingw32/include -L/opt/mingw32/lib conftest.cpp -lwsock32 -lws2_32 >&5
configure:5647: $? = 0
configure:5669: result: yes
configure:5584: checking for getopt_long
configure:5640: i386-mingw32-g++ -o conftest.exe -g -O2 -L/opt/mingw32/include -L/opt/mingw32/lib conftest.cpp -lwsock32 -lws2_32 >&5
configure:5647: $? = 0
configure:5669: result: yes
configure:5584: checking for close
configure:5640: i386-mingw32-g++ -o conftest.exe -g -O2 -L/opt/mingw32/include -L/opt/mingw32/lib conftest.cpp -lwsock32 -lws2_32 >&5
configure:5647: $? = 0
configure:5669: result: yes
configure:5584: checking for fprintf
configure:5640: i386-mingw32-g++ -o conftest.exe -g -O2 -L/opt/mingw32/include -L/opt/mingw32/lib conftest.cpp -lwsock32 -lws2_32 >&5
configure:5647: $? = 0
configure:5669: result: yes
configure:5584: checking for connect
configure:5640: i386-mingw32-g++ -o conftest.exe -g -O2 -L/opt/mingw32/include -L/opt/mingw32/lib conftest.cpp -lwsock32 -lws2_32 >&5
/tmp/ccqDFiAp.o: In function `main':
/home/mfvl/src/ttx/compile-win32/conftest.cpp:86: undefined reference to `_connect'
collect2: ld returned 1 exit status
configure:5647: $? = 1
configure: failed program was:
| /* confdefs.h.  */
| #define PACKAGE_NAME ""
| #define PACKAGE_TARNAME ""
| #define PACKAGE_VERSION ""
| #define PACKAGE_STRING ""
| #define PACKAGE_BUGREPORT ""
| #define PACKAGE "ttx"
| #define VERSION "2.4.8pre"
| #define PROTOTYPES 1
| #define __PROTOTYPES 1
| #define STDC_HEADERS 1
| #define HAVE_SYS_TYPES_H 1
| #define HAVE_SYS_STAT_H 1
| #define HAVE_STDLIB_H 1
| #define HAVE_STRING_H 1
| #define HAVE_MEMORY_H 1
| #define HAVE_STRINGS_H 1
| #define HAVE_INTTYPES_H 1
| #define HAVE_STDINT_H 1
| #define HAVE_UNISTD_H 1
| #define HAVE_STDIO_H 1
| #define HAVE_STRING_H 1
| #define HAVE_STDARG_H 1
| #define HAVE_SYS_TYPES_H 1
| #define HAVE_ERRNO_H 1
| #define HAVE_UNISTD_H 1
| #define HAVE_STDLIB_H 1
| #define HAVE_GETOPT_H 1
| #define HAVE_WINSOCK2_H 1
| #define HAVE_WINSOCK_H 1
| #define HAVE_WS2TCPIP_H 1
| #define HAVE_VPRINTF 1
| #define HAVE_STRSTR 1
| #define HAVE_STRNCASECMP 1
| #define HAVE_STRNICMP 1
| #define HAVE_GETENV 1
| #define HAVE_GETOPT 1
| #define HAVE_MEMSET 1
| #define HAVE_STRDUP 1
| #define HAVE_ATOI 1
| #define HAVE_PERROR 1
| #define HAVE_CALLOC 1
| #define HAVE_STRNCMP 1
| #define HAVE_STRCAT 1
| #define HAVE_STRCPY 1
| #define HAVE_STRCHR 1
| #define HAVE_MEMMOVE 1
| #define HAVE_GETOPT_LONG 1
| #define HAVE_CLOSE 1
| #define HAVE_FPRINTF 1
| /* end confdefs.h.  */
| /* Define connect to an innocuous variant, in case <limits.h> declares connect.
|    For example, HP-UX 11i <limits.h> declares gettimeofday.  */
| #define connect innocuous_connect
| 
| /* System header to define __stub macros and hopefully few prototypes,
|     which can conflict with char connect (); below.
|     Prefer <limits.h> to <assert.h> if __STDC__ is defined, since
|     <limits.h> exists even on freestanding compilers.  */
| 
| #ifdef __STDC__
| # include <limits.h>
| #else
| # include <assert.h>
| #endif
| 
| #undef connect
| 
| /* Override any GCC internal prototype to avoid an error.
|    Use char because int might match the return type of a GCC
|    builtin and then its argument prototype would still apply.  */
| #ifdef __cplusplus
| extern "C"
| #endif
| char connect ();
| /* The GNU C library defines this for functions which it implements
|     to always fail with ENOSYS.  Some functions are actually named
|     something starting with __ and the normal name is an alias.  */
| #if defined __stub_connect || defined __stub___connect
| choke me
| #endif
| 
| int
| main ()
| {
| return connect ();
|   ;
|   return 0;
| }
configure:5669: result: no
configure:5584: checking for strlen
configure:5640: i386-mingw32-g++ -o conftest.exe -g -O2 -L/opt/mingw32/include -L/opt/mingw32/lib conftest.cpp -lwsock32 -lws2_32 >&5
configure:5647: $? = 0
configure:5669: result: yes
configure:5833: creating ./config.status

## ---------------------- ##
## Running config.status. ##
## ---------------------- ##

This file was extended by config.status, which was
generated by GNU Autoconf 2.63.  Invocation command line was

  CONFIG_FILES    = 
  CONFIG_HEADERS  = 
  CONFIG_LINKS    = 
  CONFIG_COMMANDS = 
  $ ./config.status 

on van-loon

config.status:811: creating Makefile
config.status:811: creating config.h
config.status:1026: config.h is unchanged
config.status:1078: executing depfiles commands

## ---------------- ##
## Cache variables. ##
## ---------------- ##

ac_cv_c_compiler_gnu=yes
ac_cv_c_const=yes
ac_cv_cxx_compiler_gnu=yes
ac_cv_env_CCC_set=
ac_cv_env_CCC_value=
ac_cv_env_CC_set=
ac_cv_env_CC_value=
ac_cv_env_CFLAGS_set=
ac_cv_env_CFLAGS_value=
ac_cv_env_CPPFLAGS_set=set
ac_cv_env_CPPFLAGS_value=-L/opt/mingw32/include
ac_cv_env_CPP_set=
ac_cv_env_CPP_value=
ac_cv_env_CXXCPP_set=
ac_cv_env_CXXCPP_value=
ac_cv_env_CXXFLAGS_set=
ac_cv_env_CXXFLAGS_value=
ac_cv_env_CXX_set=
ac_cv_env_CXX_value=
ac_cv_env_LDFLAGS_set=set
ac_cv_env_LDFLAGS_value=-L/opt/mingw32/lib
ac_cv_env_LIBS_set=set
ac_cv_env_LIBS_value='-lwsock32 -lws2_32'
ac_cv_env_build_alias_set=
ac_cv_env_build_alias_value=
ac_cv_env_host_alias_set=set
ac_cv_env_host_alias_value=i386-mingw32
ac_cv_env_target_alias_set=
ac_cv_env_target_alias_value=
ac_cv_exeext=.exe
ac_cv_func__doprnt=no
ac_cv_func_atoi=yes
ac_cv_func_calloc=yes
ac_cv_func_close=yes
ac_cv_func_connect=no
ac_cv_func_fprintf=yes
ac_cv_func_getenv=yes
ac_cv_func_gethostbyaddr=no
ac_cv_func_gethostname=no
ac_cv_func_getopt=yes
ac_cv_func_getopt_long=yes
ac_cv_func_getservbyname=no
ac_cv_func_getsockname=no
ac_cv_func_htons=no
ac_cv_func_index=no
ac_cv_func_inet_addr=no
ac_cv_func_inet_aton=no
ac_cv_func_inet_ntoa=no
ac_cv_func_memmove=yes
ac_cv_func_memset=yes
ac_cv_func_ntohs=no
ac_cv_func_perror=yes
ac_cv_func_recv=no
ac_cv_func_send=no
ac_cv_func_socket=no
ac_cv_func_strcat=yes
ac_cv_func_strchr=yes
ac_cv_func_strcpy=yes
ac_cv_func_strdup=yes
ac_cv_func_strlen=yes
ac_cv_func_strncasecmp=yes
ac_cv_func_strncmp=yes
ac_cv_func_strnicmp=yes
ac_cv_func_strstr=yes
ac_cv_func_vprintf=yes
ac_cv_header_arpa_inet_h=no
ac_cv_header_errno_h=yes
ac_cv_header_getopt_h=yes
ac_cv_header_inttypes_h=yes
ac_cv_header_memory_h=yes
ac_cv_header_netdb_h=no
ac_cv_header_netinet_in_h=no
ac_cv_header_stdarg_h=yes
ac_cv_header_stdc=yes
ac_cv_header_stdint_h=yes
ac_cv_header_stdio_h=yes
ac_cv_header_stdlib_h=yes
ac_cv_header_string_h=yes
ac_cv_header_strings_h=yes
ac_cv_header_sys_socket_h=no
ac_cv_header_sys_stat_h=yes
ac_cv_header_sys_types_h=yes
ac_cv_header_unistd_h=yes
ac_cv_header_winsock2_h=yes
ac_cv_header_winsock_h=yes
ac_cv_header_ws2tcpip_h=yes
ac_cv_objext=o
ac_cv_path_EGREP='/usr/bin/grep -E'
ac_cv_path_GREP=/usr/bin/grep
ac_cv_path_install='/usr/bin/ginstall -c'
ac_cv_path_mkdir=/usr/bin/mkdir
ac_cv_prog_AWK=gawk
ac_cv_prog_CC=i386-mingw32-gcc
ac_cv_prog_CPP='i386-mingw32-gcc -E'
ac_cv_prog_CXX=i386-mingw32-g++
ac_cv_prog_CXXCPP='i386-mingw32-g++ -E'
ac_cv_prog_STRIP=i386-mingw32-strip
ac_cv_prog_cc_c89=
ac_cv_prog_cc_g=yes
ac_cv_prog_cxx_g=yes
ac_cv_prog_make_make_set=yes
ac_cv_search_gethostbyname=no
ac_cv_type_size_t=yes
am_cv_CC_dependencies_compiler_type=gcc3
am_cv_CXX_dependencies_compiler_type=gcc3

## ----------------- ##
## Output variables. ##
## ----------------- ##

ACLOCAL='${SHELL} /home/mfvl/src/ttx/missing --run aclocal-1.10'
AMDEPBACKSLASH='\'
AMDEP_FALSE='#'
AMDEP_TRUE=''
AMTAR='${SHELL} /home/mfvl/src/ttx/missing --run tar'
AUTOCONF='${SHELL} /home/mfvl/src/ttx/missing --run autoconf'
AUTOHEADER='${SHELL} /home/mfvl/src/ttx/missing --run autoheader'
AUTOMAKE='${SHELL} /home/mfvl/src/ttx/missing --run automake-1.10'
AWK='gawk'
CC='i386-mingw32-gcc'
CCDEPMODE='depmode=gcc3'
CFLAGS='-g -O2'
CPP='i386-mingw32-gcc -E'
CPPFLAGS='-L/opt/mingw32/include'
CXX='i386-mingw32-g++'
CXXCPP='i386-mingw32-g++ -E'
CXXDEPMODE='depmode=gcc3'
CXXFLAGS='-g -O2'
CYGPATH_W='echo'
DEFS='-DHAVE_CONFIG_H'
DEPDIR='.deps'
ECHO_C=''
ECHO_N='-n'
ECHO_T=''
EGREP='/usr/bin/grep -E'
EXEEXT='.exe'
GREP='/usr/bin/grep'
INSTALL_DATA='${INSTALL} -m 644'
INSTALL_PROGRAM='${INSTALL}'
INSTALL_SCRIPT='${INSTALL}'
INSTALL_STRIP_PROGRAM='$(install_sh) -c -s'
LDFLAGS='-L/opt/mingw32/lib'
LIBOBJS=''
LIBS='-lwsock32 -lws2_32'
LN_S='ln -s'
LTLIBOBJS=''
MAKEINFO='${SHELL} /home/mfvl/src/ttx/missing --run makeinfo'
MKDIR_P='/usr/bin/mkdir -p'
OBJEXT='o'
PACKAGE='ttx'
PACKAGE_BUGREPORT=''
PACKAGE_NAME=''
PACKAGE_STRING=''
PACKAGE_TARNAME=''
PACKAGE_VERSION=''
PATH_SEPARATOR=':'
SET_MAKE=''
SHELL='/bin/bash'
STRIP='i386-mingw32-strip'
VERSION='2.4.8pre'
ac_ct_CC=''
ac_ct_CXX=''
am__fastdepCC_FALSE='#'
am__fastdepCC_TRUE=''
am__fastdepCXX_FALSE='#'
am__fastdepCXX_TRUE=''
am__include='include'
am__isrc=' -I$(srcdir)'
am__leading_dot='.'
am__quote=''
am__tar='${AMTAR} chof - "$$tardir"'
am__untar='${AMTAR} xf -'
bindir='${exec_prefix}/bin'
build_alias=''
datadir='${datarootdir}'
datarootdir='${prefix}/share'
docdir='${datarootdir}/doc/${PACKAGE}'
dvidir='${docdir}'
exec_prefix='${prefix}'
host_alias='i386-mingw32'
htmldir='${docdir}'
includedir='${prefix}/include'
infodir='${datarootdir}/info'
install_sh='$(SHELL) /home/mfvl/src/ttx/install-sh'
libdir='${exec_prefix}/lib'
libexecdir='${exec_prefix}/libexec'
localedir='${datarootdir}/locale'
localstatedir='${prefix}/var'
mandir='${datarootdir}/man'
mkdir_p='/usr/bin/mkdir -p'
oldincludedir='/usr/include'
pdfdir='${docdir}'
prefix='/usr/local'
program_transform_name='s,x,x,'
psdir='${docdir}'
sbindir='${exec_prefix}/sbin'
sharedstatedir='${prefix}/com'
sysconfdir='${prefix}/etc'
target_alias=''

## ----------- ##
## confdefs.h. ##
## ----------- ##

#define PACKAGE_NAME ""
#define PACKAGE_TARNAME ""
#define PACKAGE_VERSION ""
#define PACKAGE_STRING ""
#define PACKAGE_BUGREPORT ""
#define PACKAGE "ttx"
#define VERSION "2.4.8pre"
#define PROTOTYPES 1
#define __PROTOTYPES 1
#define STDC_HEADERS 1
#define HAVE_SYS_TYPES_H 1
#define HAVE_SYS_STAT_H 1
#define HAVE_STDLIB_H 1
#define HAVE_STRING_H 1
#define HAVE_MEMORY_H 1
#define HAVE_STRINGS_H 1
#define HAVE_INTTYPES_H 1
#define HAVE_STDINT_H 1
#define HAVE_UNISTD_H 1
#define HAVE_STDIO_H 1
#define HAVE_STRING_H 1
#define HAVE_STDARG_H 1
#define HAVE_SYS_TYPES_H 1
#define HAVE_ERRNO_H 1
#define HAVE_UNISTD_H 1
#define HAVE_STDLIB_H 1
#define HAVE_GETOPT_H 1
#define HAVE_WINSOCK2_H 1
#define HAVE_WINSOCK_H 1
#define HAVE_WS2TCPIP_H 1
#define HAVE_VPRINTF 1
#define HAVE_STRSTR 1
#define HAVE_STRNCASECMP 1
#define HAVE_STRNICMP 1
#define HAVE_GETENV 1
#define HAVE_GETOPT 1
#define HAVE_MEMSET 1
#define HAVE_STRDUP 1
#define HAVE_ATOI 1
#define HAVE_PERROR 1
#define HAVE_CALLOC 1
#define HAVE_STRNCMP 1
#define HAVE_STRCAT 1
#define HAVE_STRCPY 1
#define HAVE_STRCHR 1
#define HAVE_MEMMOVE 1
#define HAVE_GETOPT_LONG 1
#define HAVE_CLOSE 1
#define HAVE_FPRINTF 1
#define HAVE_STRLEN 1
#define COLOR_ENABLE /**/

configure: exit 0
